#
# There is insufficient memory for the Java Runtime Environment to continue.
# Native memory allocation (mmap) failed to map 132120576 bytes. Error detail: G1 virtual space
# Possible reasons:
#   The system is out of physical RAM or swap space
#   This process is running with CompressedOops enabled, and the Java Heap may be blocking the growth of the native heap
# Possible solutions:
#   Reduce memory load on the system
#   Increase physical memory or swap space
#   Check if swap backing store is full
#   Decrease Java heap size (-Xmx/-Xms)
#   Decrease number of Java threads
#   Decrease Java thread stack sizes (-Xss)
#   Set larger code cache with -XX:ReservedCodeCacheSize=
#   JVM is running with Unscaled Compressed Oops mode in which the Java heap is
#     placed in the first 4GB address space. The Java Heap base address is the
#     maximum limit for the native heap growth. Please use -XX:HeapBaseMinAddress
#     to set the Java Heap base and to place the Java Heap above 4GB virtual address.
# This output file may be truncated or incomplete.
#
#  Out of Memory Error (os_windows.cpp:3703), pid=20020, tid=152
#
# JRE version:  (23.0.1+11) (build )
# Java VM: Java HotSpot(TM) 64-Bit Server VM (23.0.1+11-39, mixed mode, sharing, tiered, compressed oops, compressed class ptrs, g1 gc, windows-amd64)
# No core dump will be written. Minidumps are not enabled by default on client versions of Windows
#

---------------  S U M M A R Y ------------

Command Line: -Dclassworlds.conf=C:\Users\abuba\Downloads\apache-maven-3.9.9-bin\apache-maven-3.9.9\bin\m2.conf -Dmaven.home=C:\Users\abuba\Downloads\apache-maven-3.9.9-bin\apache-maven-3.9.9 -Dlibrary.jansi.path=C:\Users\abuba\Downloads\apache-maven-3.9.9-bin\apache-maven-3.9.9\lib\jansi-native -Dmaven.multiModuleProjectDirectory=F:\zeoTap\wrangler org.codehaus.plexus.classworlds.launcher.Launcher clean compile -Xmx1024m

Host: 11th Gen Intel(R) Core(TM) i3-1115G4 @ 3.00GHz, 4 cores, 7G,  Windows 11 , 64 bit Build 26100 (10.0.26100.3323)
Time: Sun Apr 13 01:33:23 2025 India Standard Time elapsed time: 0.009212 seconds (0d 0h 0m 0s)

---------------  T H R E A D  ---------------

Current thread (0x0000011d0de96090):  JavaThread "Unknown thread" [_thread_in_vm, id=152, stack(0x0000000e41f00000,0x0000000e42000000) (1024K)]

Stack: [0x0000000e41f00000,0x0000000e42000000]
Native frames: (J=compiled Java code, j=interpreted, Vv=VM code, C=native code)
V  [jvm.dll+0x6e08b9]  (no source info available)
V  [jvm.dll+0x87dc83]  (no source info available)
V  [jvm.dll+0x88010e]  (no source info available)
V  [jvm.dll+0x8807e3]  (no source info available)
V  [jvm.dll+0x27aee6]  (no source info available)
V  [jvm.dll+0x6dd1c5]  (no source info available)
V  [jvm.dll+0x6d104a]  (no source info available)
V  [jvm.dll+0x35b3ea]  (no source info available)
V  [jvm.dll+0x3637f6]  (no source info available)
V  [jvm.dll+0x34fd5e]  (no source info available)
V  [jvm.dll+0x34fff8]  (no source info available)
V  [jvm.dll+0x3289cc]  (no source info available)
V  [jvm.dll+0x32966e]  (no source info available)
V  [jvm.dll+0x844355]  (no source info available)
V  [jvm.dll+0x3b9848]  (no source info available)
V  [jvm.dll+0x82d14c]  (no source info available)
V  [jvm.dll+0x454d4e]  (no source info available)
V  [jvm.dll+0x456bd1]  (no source info available)
C  [jli.dll+0x52a3]  (no source info available)
C  [ucrtbase.dll+0x37b0]  (no source info available)
C  [KERNEL32.DLL+0x2e8d7]  (no source info available)
C  [ntdll.dll+0xbbf6c]  (no source info available)

Lock stack of current Java thread (top to bottom):


---------------  P R O C E S S  ---------------

Threads class SMR info:
_java_thread_list=0x00007ffd1d1e3618, length=0, elements={
}

Java Threads: ( => current thread )
Total: 0

Other Threads:
  0x0000011d101a1c70 WorkerThread "GC Thread#0"                     [id=19416, stack(0x0000000e42000000,0x0000000e42100000) (1024K)]
  0x0000011d101b64f0 ConcurrentGCThread "G1 Main Marker"            [id=7092, stack(0x0000000e42100000,0x0000000e42200000) (1024K)]
  0x0000011d101b8e50 WorkerThread "G1 Conc#0"                       [id=2768, stack(0x0000000e42200000,0x0000000e42300000) (1024K)]

[error occurred during error reporting (printing all threads), id 0xc0000005, EXCEPTION_ACCESS_VIOLATION (0xc0000005) at pc=0x00007ffd1c92bfba]
VM state: not at safepoint (not fully initialized)

VM Mutex/Monitor currently owned by a thread:  ([mutex/lock_event])
[0x00007ffd1d263a10] Heap_lock - owner thread: 0x0000011d0de96090

Heap address: 0x0000000083200000, size: 1998 MB, Compressed Oops mode: 32-bit

CDS archive(s) mapped at: [0x0000000000000000-0x0000000000000000-0x0000000000000000), size 0, SharedBaseAddress: 0x0000000800000000, ArchiveRelocationMode: 1.
Narrow klass base: 0x0000000000000000, Narrow klass shift: 0, Narrow klass range: 0x0

GC Precious Log:
 CardTable entry size: 512
 Card Set container configuration: InlinePtr #cards 5 size 8 Array Of Cards #cards 10 size 36 Howl #buckets 4 coarsen threshold 1843 Howl Bitmap #cards 512 size 80 coarsen threshold 460 Card regions per heap region 1 cards per card region 2048

Heap:
 garbage-first heap   total reserved 2045952K, committed 0K, used 0K [0x0000000083200000, 0x0000000100000000)
  region size 1024K, 0 young (0K), 0 survivors (0K)

[error occurred during error reporting (printing heap information), id 0xc0000005, EXCEPTION_ACCESS_VIOLATION (0xc0000005) at pc=0x00007ffd1cd2c3c9]
GC Heap History (0 events):
No events

Dll operation events (1 events):
Event: 0.006 Loaded shared library C:\Program Files\Java\jdk-23\bin\java.dll

Deoptimization events (0 events):
No events

Classes loaded (0 events):
No events

Classes unloaded (0 events):
No events

Classes redefined (0 events):
No events

Internal exceptions (0 events):
No events

VM Operations (0 events):
No events

Memory protections (0 events):
No events

Nmethod flushes (0 events):
No events

Events (0 events):
No events


Dynamic libraries:
0x00007ff657030000 - 0x00007ff657040000 	C:\Program Files\Java\jdk-23\bin\java.exe
0x00007ffdd0180000 - 0x00007ffdd03e3000 	C:\WINDOWS\SYSTEM32\ntdll.dll
0x00007ffdce800000 - 0x00007ffdce8c7000 	C:\WINDOWS\System32\KERNEL32.DLL
0x00007ffdcd8c0000 - 0x00007ffdcdc89000 	C:\WINDOWS\System32\KERNELBASE.dll
0x00007ffdcd410000 - 0x00007ffdcd55c000 	C:\WINDOWS\System32\ucrtbase.dll
0x00007ffda8f00000 - 0x00007ffda8f17000 	C:\Program Files\Java\jdk-23\bin\jli.dll
0x00007ffda4230000 - 0x00007ffda424b000 	C:\Program Files\Java\jdk-23\bin\VCRUNTIME140.dll
0x00007ffdce4e0000 - 0x00007ffdce6aa000 	C:\WINDOWS\System32\USER32.dll
0x00007ffdb65e0000 - 0x00007ffdb6870000 	C:\WINDOWS\WinSxS\amd64_microsoft.windows.common-controls_6595b64144ccf1df_6.0.26100.3323_none_3e088096e3344490\COMCTL32.dll
0x00007ffdcdf70000 - 0x00007ffdcdf97000 	C:\WINDOWS\System32\win32u.dll
0x00007ffdcff00000 - 0x00007ffdcffa9000 	C:\WINDOWS\System32\msvcrt.dll
0x00007ffdce6b0000 - 0x00007ffdce6da000 	C:\WINDOWS\System32\GDI32.dll
0x00007ffdcd600000 - 0x00007ffdcd731000 	C:\WINDOWS\System32\gdi32full.dll
0x00007ffdcdec0000 - 0x00007ffdcdf63000 	C:\WINDOWS\System32\msvcp_win.dll
0x00007ffdcf170000 - 0x00007ffdcf19f000 	C:\WINDOWS\System32\IMM32.DLL
0x00007ffdc7570000 - 0x00007ffdc757c000 	C:\Program Files\Java\jdk-23\bin\vcruntime140_1.dll
0x00007ffd9b680000 - 0x00007ffd9b70e000 	C:\Program Files\Java\jdk-23\bin\msvcp140.dll
0x00007ffd1c5f0000 - 0x00007ffd1d33f000 	C:\Program Files\Java\jdk-23\bin\server\jvm.dll
0x00007ffdcf9b0000 - 0x00007ffdcfa62000 	C:\WINDOWS\System32\ADVAPI32.dll
0x00007ffdce750000 - 0x00007ffdce7f6000 	C:\WINDOWS\System32\sechost.dll
0x00007ffdce3c0000 - 0x00007ffdce4d6000 	C:\WINDOWS\System32\RPCRT4.dll
0x00007ffdcf0d0000 - 0x00007ffdcf144000 	C:\WINDOWS\System32\WS2_32.dll
0x00007ffdcd050000 - 0x00007ffdcd09e000 	C:\WINDOWS\SYSTEM32\POWRPROF.dll
0x00007ffdc47f0000 - 0x00007ffdc4826000 	C:\WINDOWS\SYSTEM32\WINMM.dll
0x00007ffdbca30000 - 0x00007ffdbca3b000 	C:\WINDOWS\SYSTEM32\VERSION.dll
0x00007ffdcd030000 - 0x00007ffdcd044000 	C:\WINDOWS\SYSTEM32\UMPDC.dll
0x00007ffdcc1a0000 - 0x00007ffdcc1ba000 	C:\WINDOWS\SYSTEM32\kernel.appcore.dll
0x00007ffdc45d0000 - 0x00007ffdc45da000 	C:\Program Files\Java\jdk-23\bin\jimage.dll
0x00007ffdcab20000 - 0x00007ffdcad61000 	C:\WINDOWS\SYSTEM32\DBGHELP.DLL
0x00007ffdcea70000 - 0x00007ffdcedf2000 	C:\WINDOWS\System32\combase.dll
0x00007ffdcf1b0000 - 0x00007ffdcf286000 	C:\WINDOWS\System32\OLEAUT32.dll
0x00007ffdb3110000 - 0x00007ffdb3149000 	C:\WINDOWS\SYSTEM32\dbgcore.DLL
0x00007ffdcd560000 - 0x00007ffdcd5f9000 	C:\WINDOWS\System32\bcryptPrimitives.dll
0x00007ffda4180000 - 0x00007ffda419e000 	C:\Program Files\Java\jdk-23\bin\java.dll
0x00007ffdce8d0000 - 0x00007ffdcea65000 	C:\WINDOWS\System32\ole32.dll
0x00007ffdcf290000 - 0x00007ffdcf9a5000 	C:\WINDOWS\System32\SHELL32.dll
0x00007ffdcdc90000 - 0x00007ffdcddf8000 	C:\WINDOWS\System32\wintypes.dll

dbghelp: loaded successfully - version: 4.0.5 - missing functions: none
symbol engine: initialized successfully - sym options: 0x614 - pdb path: .;C:\Program Files\Java\jdk-23\bin;C:\WINDOWS\SYSTEM32;C:\WINDOWS\WinSxS\amd64_microsoft.windows.common-controls_6595b64144ccf1df_6.0.26100.3323_none_3e088096e3344490;C:\Program Files\Java\jdk-23\bin\server

VM Arguments:
jvm_args: -Dclassworlds.conf=C:\Users\abuba\Downloads\apache-maven-3.9.9-bin\apache-maven-3.9.9\bin\m2.conf -Dmaven.home=C:\Users\abuba\Downloads\apache-maven-3.9.9-bin\apache-maven-3.9.9 -Dlibrary.jansi.path=C:\Users\abuba\Downloads\apache-maven-3.9.9-bin\apache-maven-3.9.9\lib\jansi-native -Dmaven.multiModuleProjectDirectory=F:\zeoTap\wrangler 
java_command: org.codehaus.plexus.classworlds.launcher.Launcher clean compile -Xmx1024m
java_class_path (initial): C:\Users\abuba\Downloads\apache-maven-3.9.9-bin\apache-maven-3.9.9\boot\plexus-classworlds-2.8.0.jar
Launcher Type: SUN_STANDARD

[Global flags]
     intx CICompilerCount                          = 3                                         {product} {ergonomic}
     uint ConcGCThreads                            = 1                                         {product} {ergonomic}
     uint G1ConcRefinementThreads                  = 4                                         {product} {ergonomic}
   size_t G1HeapRegionSize                         = 1048576                                   {product} {ergonomic}
   size_t InitialHeapSize                          = 132120576                                 {product} {ergonomic}
   size_t MarkStackSize                            = 4194304                                   {product} {ergonomic}
   size_t MarkStackSizeMax                         = 536870912                                 {product} {ergonomic}
   size_t MaxHeapSize                              = 2095054848                                {product} {ergonomic}
   size_t MinHeapDeltaBytes                        = 1048576                                   {product} {ergonomic}
   size_t MinHeapSize                              = 8388608                                   {product} {ergonomic}
    uintx NonNMethodCodeHeapSize                   = 5832704                                {pd product} {ergonomic}
    uintx NonProfiledCodeHeapSize                  = 122945536                              {pd product} {ergonomic}
    uintx ProfiledCodeHeapSize                     = 122880000                              {pd product} {ergonomic}
    uintx ReservedCodeCacheSize                    = 251658240                              {pd product} {ergonomic}
     bool SegmentedCodeCache                       = true                                      {product} {ergonomic}
   size_t SoftMaxHeapSize                          = 2095054848                             {manageable} {ergonomic}
     bool UseCompressedOops                        = true                           {product lp64_product} {ergonomic}
     bool UseG1GC                                  = true                                      {product} {ergonomic}
     bool UseLargePagesIndividualAllocation        = false                                  {pd product} {ergonomic}

Logging:
Log output configuration:
 #0: stdout all=warning uptime,level,tags foldmultilines=false
 #1: stderr all=off uptime,level,tags foldmultilines=false

Environment Variables:
PATH=C:\Program Files\Common Files\Oracle\Java\javapath;C:\Users\abuba\Downloads\jdk-20_windows-x64_bin (1).zip\jdk-20.0.2\bin;C:\Users\abuba\Downloads\jdk-22_windows-x64_bin.zip\jdk-22.0.1\bin;F:\Microsoft VS Code\bin;C:\Program Files\Git\cmd;C:\Windows\System32;C:\Program Files\dotnet\;C:\WINDOWS\system32;C:\WINDOWS;C:\WINDOWS\System32\Wbem;C:\WINDOWS\System32\WindowsPowerShell\v1.0\;C:\WINDOWS\System32\OpenSSH\;C:\Program Files\nodejs\;C:\Users\abuba\AppData\Roaming\npm;C:\Users\abuba\Downloads\apache-maven-3.9.9-bin\apache-maven-3.9.9\bin;C:\Users\abuba\AppData\Local\Programs\Python\Python313\Scripts\;C:\Users\abuba\AppData\Local\Programs\Python\Python313\;C:\Program Files\MySQL\MySQL Shell 8.0\bin\;C:\Users\abuba\AppData\Local\Microsoft\WindowsApps;C:\MinGW\bin;C:\Users\abuba\AppData\Local\GitHubDesktop\bin;C:\Users\abuba\Downloads\jdk-22_windows-x64_bin.zip\jdk-22.0.1\bin;C:\Users\abuba\AppData\Local\Programs\Microsoft VS Code\bin;C:\Program Files\JetBrains\IntelliJ IDEA 2024.3.3\bin;;C:\Users\abuba\Downloads\cmake-4.0.0-rc4\cmake-4.0.0-rc4;
USERNAME=abuba
LANG=en_US.UTF-8
OS=Windows_NT
PROCESSOR_IDENTIFIER=Intel64 Family 6 Model 140 Stepping 1, GenuineIntel
TMP=C:\Users\abuba\AppData\Local\Temp
TEMP=C:\Users\abuba\AppData\Local\Temp




Periodic native trim disabled

---------------  S Y S T E M  ---------------

OS:
 Windows 11 , 64 bit Build 26100 (10.0.26100.3323)
OS uptime: 0 days 3:32 hours

CPU: total 4 (initial active 4) (2 cores per cpu, 2 threads per core) family 6 model 140 stepping 1 microcode 0x9a, cx8, cmov, fxsr, ht, mmx, 3dnowpref, sse, sse2, sse3, ssse3, sse4.1, sse4.2, popcnt, lzcnt, tsc, tscinvbit, avx, avx2, aes, erms, clmul, bmi1, bmi2, adx, avx512f, avx512dq, avx512cd, avx512bw, avx512vl, sha, fma, vzeroupper, avx512_vpopcntdq, avx512_vpclmulqdq, avx512_vaes, avx512_vnni, clflush, clflushopt, clwb, avx512_vbmi2, avx512_vbmi, rdtscp, rdpid, fsrm, gfni, avx512_bitalg, f16c, pku, cet_ibt, cet_ss, avx512_ifma
Processor Information for the first 4 processors :
  Max Mhz: 2995, Current Mhz: 2995, Mhz Limit: 2995

Memory: 4k page, system-wide physical 7991M (1445M free)
TotalPageFile size 11755M (AvailPageFile size 6M)
current process WorkingSet (physical memory assigned to process): 13M, peak: 13M
current process commit charge ("private bytes"): 52M, peak: 178M

vm_info: Java HotSpot(TM) 64-Bit Server VM (23.0.1+11-39) for windows-amd64 JRE (23.0.1+11-39), built on 2024-09-30T07:20:43Z with MS VC++ 17.6 (VS2022)

END.
