#
# There is insufficient memory for the Java Runtime Environment to continue.
# Native memory allocation (malloc) failed to allocate 2138944 bytes. Error detail: Chunk::new
# Possible reasons:
#   The system is out of physical RAM or swap space
#   This process is running with CompressedOops enabled, and the Java Heap may be blocking the growth of the native heap
# Possible solutions:
#   Reduce memory load on the system
#   Increase physical memory or swap space
#   Check if swap backing store is full
#   Decrease Java heap size (-Xmx/-Xms)
#   Decrease number of Java threads
#   Decrease Java thread stack sizes (-Xss)
#   Set larger code cache with -XX:ReservedCodeCacheSize=
#   JVM is running with Unscaled Compressed Oops mode in which the Java heap is
#     placed in the first 4GB address space. The Java Heap base address is the
#     maximum limit for the native heap growth. Please use -XX:HeapBaseMinAddress
#     to set the Java Heap base and to place the Java Heap above 4GB virtual address.
# This output file may be truncated or incomplete.
#
#  Out of Memory Error (arena.cpp:149), pid=16624, tid=7816
#
# JRE version: Java(TM) SE Runtime Environment (23.0.1+11) (build 23.0.1+11-39)
# Java VM: Java HotSpot(TM) 64-Bit Server VM (23.0.1+11-39, mixed mode, sharing, tiered, compressed oops, compressed class ptrs, g1 gc, windows-amd64)
# No core dump will be written. Minidumps are not enabled by default on client versions of Windows
#

---------------  S U M M A R Y ------------

Command Line: -Dclassworlds.conf=C:\Users\abuba\Downloads\apache-maven-3.9.9-bin\apache-maven-3.9.9\bin\m2.conf -Dmaven.home=C:\Users\abuba\Downloads\apache-maven-3.9.9-bin\apache-maven-3.9.9 -Dlibrary.jansi.path=C:\Users\abuba\Downloads\apache-maven-3.9.9-bin\apache-maven-3.9.9\lib\jansi-native -Dmaven.multiModuleProjectDirectory=F:\zeoTap\wrangler org.codehaus.plexus.classworlds.launcher.Launcher clean install

Host: 11th Gen Intel(R) Core(TM) i3-1115G4 @ 3.00GHz, 4 cores, 7G,  Windows 11 , 64 bit Build 26100 (10.0.26100.3323)
Time: Sun Apr 13 13:59:34 2025 India Standard Time elapsed time: 2.964296 seconds (0d 0h 0m 2s)

---------------  T H R E A D  ---------------

Current thread (0x000001a68f0a3a30):  JavaThread "C2 CompilerThread1" daemon [_thread_in_native, id=7816, stack(0x000000856aa00000,0x000000856ab00000) (1024K)]


Current CompileTask:
C2:2964 4529       4       java.lang.invoke.MethodType::makeImpl (109 bytes)

Stack: [0x000000856aa00000,0x000000856ab00000]
Native frames: (J=compiled Java code, j=interpreted, Vv=VM code, C=native code)
V  [jvm.dll+0x6e08b9]  (no source info available)
V  [jvm.dll+0x87dc83]  (no source info available)
V  [jvm.dll+0x88010e]  (no source info available)
V  [jvm.dll+0x8807e3]  (no source info available)
V  [jvm.dll+0x27aee6]  (no source info available)
V  [jvm.dll+0xbc06f]  (no source info available)
V  [jvm.dll+0xbc2cb]  (no source info available)
V  [jvm.dll+0x3b3a9c]  (no source info available)
V  [jvm.dll+0x38a42b]  (no source info available)
V  [jvm.dll+0x38989a]  (no source info available)
V  [jvm.dll+0x244aa1]  (no source info available)
V  [jvm.dll+0x243dff]  (no source info available)
V  [jvm.dll+0x1c33a0]  (no source info available)
V  [jvm.dll+0x253cf1]  (no source info available)
V  [jvm.dll+0x251faa]  (no source info available)
V  [jvm.dll+0x3ee036]  (no source info available)
V  [jvm.dll+0x824f8b]  (no source info available)
V  [jvm.dll+0x6df065]  (no source info available)
C  [ucrtbase.dll+0x37b0]  (no source info available)
C  [KERNEL32.DLL+0x2e8d7]  (no source info available)
C  [ntdll.dll+0xbbf6c]  (no source info available)

Lock stack of current Java thread (top to bottom):


---------------  P R O C E S S  ---------------

Threads class SMR info:
_java_thread_list=0x000001a68f816880, length=13, elements={
0x000001a62aa5a790, 0x000001a649006410, 0x000001a649009ca0, 0x000001a64900dbd0,
0x000001a64900e760, 0x000001a649010490, 0x000001a649011c10, 0x000001a6490188f0,
0x000001a64901d3e0, 0x000001a649168570, 0x000001a649179440, 0x000001a68f0a3a30,
0x000001a68fab2ef0
}

Java Threads: ( => current thread )
  0x000001a62aa5a790 JavaThread "main"                              [_thread_blocked, id=7080, stack(0x0000008569500000,0x0000008569600000) (1024K)]
  0x000001a649006410 JavaThread "Reference Handler"          daemon [_thread_blocked, id=15964, stack(0x0000008569d00000,0x0000008569e00000) (1024K)]
  0x000001a649009ca0 JavaThread "Finalizer"                  daemon [_thread_blocked, id=18100, stack(0x0000008569e00000,0x0000008569f00000) (1024K)]
  0x000001a64900dbd0 JavaThread "Signal Dispatcher"          daemon [_thread_blocked, id=14192, stack(0x0000008569f00000,0x000000856a000000) (1024K)]
  0x000001a64900e760 JavaThread "Attach Listener"            daemon [_thread_blocked, id=2552, stack(0x000000856a000000,0x000000856a100000) (1024K)]
  0x000001a649010490 JavaThread "Service Thread"             daemon [_thread_blocked, id=15492, stack(0x000000856a100000,0x000000856a200000) (1024K)]
  0x000001a649011c10 JavaThread "Monitor Deflation Thread"   daemon [_thread_blocked, id=5468, stack(0x000000856a200000,0x000000856a300000) (1024K)]
  0x000001a6490188f0 JavaThread "C2 CompilerThread0"         daemon [_thread_blocked, id=12300, stack(0x000000856a300000,0x000000856a400000) (1024K)]
  0x000001a64901d3e0 JavaThread "C1 CompilerThread0"         daemon [_thread_blocked, id=2380, stack(0x000000856a400000,0x000000856a500000) (1024K)]
  0x000001a649168570 JavaThread "Notification Thread"        daemon [_thread_blocked, id=14640, stack(0x000000856a500000,0x000000856a600000) (1024K)]
  0x000001a649179440 JavaThread "Common-Cleaner"             daemon [_thread_blocked, id=3144, stack(0x000000856a600000,0x000000856a700000) (1024K)]
=>0x000001a68f0a3a30 JavaThread "C2 CompilerThread1"         daemon [_thread_in_native, id=7816, stack(0x000000856aa00000,0x000000856ab00000) (1024K)]
  0x000001a68fab2ef0 JavaThread "Thread-1"                   daemon [_thread_blocked, id=17580, stack(0x000000856ab00000,0x000000856ac00000) (1024K)]
Total: 13

Other Threads:
  0x000001a648fe8650 VMThread "VM Thread"                           [id=9084, stack(0x0000008569c00000,0x0000008569d00000) (1024K)] _threads_hazard_ptr=0x000001a68f816880
  0x000001a648fd1e60 WatcherThread "VM Periodic Task Thread"        [id=12520, stack(0x0000008569b00000,0x0000008569c00000) (1024K)]
  0x000001a62cd42000 WorkerThread "GC Thread#0"                     [id=12884, stack(0x0000008569600000,0x0000008569700000) (1024K)]
  0x000001a6499d1c30 WorkerThread "GC Thread#1"                     [id=15572, stack(0x000000856a700000,0x000000856a800000) (1024K)]
  0x000001a6499d1fe0 WorkerThread "GC Thread#2"                     [id=9912, stack(0x000000856a800000,0x000000856a900000) (1024K)]
  0x000001a649d48810 WorkerThread "GC Thread#3"                     [id=13124, stack(0x000000856a900000,0x000000856aa00000) (1024K)]
  0x000001a62cd57ec0 ConcurrentGCThread "G1 Main Marker"            [id=12612, stack(0x0000008569700000,0x0000008569800000) (1024K)]
  0x000001a62cd59080 WorkerThread "G1 Conc#0"                       [id=2004, stack(0x0000008569800000,0x0000008569900000) (1024K)]
  0x000001a648ea34e0 ConcurrentGCThread "G1 Refine#0"               [id=14996, stack(0x0000008569900000,0x0000008569a00000) (1024K)]
  0x000001a648ea4d20 ConcurrentGCThread "G1 Service"                [id=12676, stack(0x0000008569a00000,0x0000008569b00000) (1024K)]
Total: 10

Threads with active compile tasks:
C2 CompilerThread0  3019 4479       4       java.lang.invoke.MethodType::methodType (69 bytes)
C2 CompilerThread1  3019 4529       4       java.lang.invoke.MethodType::makeImpl (109 bytes)
Total: 2

VM state: synchronizing (normal execution)

VM Mutex/Monitor currently owned by a thread:  ([mutex/lock_event])
[0x00007ffacc013910] Threads_lock - owner thread: 0x000001a648fe8650
[0x00007ffacc013a10] Heap_lock - owner thread: 0x000001a62cd57ec0

Heap address: 0x0000000083200000, size: 1998 MB, Compressed Oops mode: 32-bit

CDS archive(s) mapped at: [0x000001a64a000000-0x000001a64ad70000-0x000001a64ad70000), size 14090240, SharedBaseAddress: 0x000001a64a000000, ArchiveRelocationMode: 1.
Compressed class space mapped at: 0x000001a64b000000-0x000001a68b000000, reserved size: 1073741824
Narrow klass base: 0x000001a64a000000, Narrow klass shift: 0, Narrow klass range: 0x41000000

GC Precious Log:
 CardTable entry size: 512
 Card Set container configuration: InlinePtr #cards 5 size 8 Array Of Cards #cards 10 size 36 Howl #buckets 4 coarsen threshold 1843 Howl Bitmap #cards 512 size 80 coarsen threshold 460 Card regions per heap region 1 cards per card region 2048
 CPUs: 4 total, 4 available
 Memory: 7991M
 Large Page Support: Disabled
 NUMA Support: Disabled
 Compressed Oops: Enabled (32-bit)
 Heap Region Size: 1M
 Heap Min Capacity: 8M
 Heap Initial Capacity: 126M
 Heap Max Capacity: 1998M
 Pre-touch: Disabled
 Parallel Workers: 4
 Concurrent Workers: 1
 Concurrent Refinement Workers: 4
 Periodic GC: Disabled

Heap:
 garbage-first heap   total reserved 2045952K, committed 129024K, used 13653K [0x0000000083200000, 0x0000000100000000)
  region size 1024K, 7 young (7168K), 7 survivors (7168K)
 Metaspace       used 21204K, committed 21568K, reserved 1114112K
  class space    used 2585K, committed 2688K, reserved 1048576K

Heap Regions: E=young(eden), S=young(survivor), O=old, HS=humongous(starts), HC=humongous(continues), CS=collection set, F=free, TAMS=top-at-mark-start, PB=parsable bottom
|   0|0x0000000083200000, 0x0000000083300000, 0x0000000083300000|100%| O|  |TAMS 0x0000000083300000| PB 0x0000000083200000| Untracked |  0
|   1|0x0000000083300000, 0x0000000083400000, 0x0000000083400000|100%| O|  |TAMS 0x0000000083400000| PB 0x0000000083300000| Untracked |  0
|   2|0x0000000083400000, 0x0000000083500000, 0x0000000083500000|100%| O|  |TAMS 0x0000000083500000| PB 0x0000000083400000| Untracked |  0
|   3|0x0000000083500000, 0x0000000083600000, 0x0000000083600000|100%| O|  |TAMS 0x00000000835fc6d0| PB 0x0000000083500000| Untracked |  0
|   4|0x0000000083600000, 0x0000000083700000, 0x0000000083700000|100%| O|  |TAMS 0x0000000083600000| PB 0x0000000083600000| Untracked |  0
|   5|0x0000000083700000, 0x0000000083800000, 0x0000000083800000|100%| O|  |TAMS 0x0000000083700000| PB 0x0000000083700000| Untracked |  0
|   6|0x0000000083800000, 0x00000000838a7da0, 0x0000000083900000| 65%| O|  |TAMS 0x0000000083800000| PB 0x0000000083800000| Untracked |  0
|   7|0x0000000083900000, 0x0000000083900000, 0x0000000083a00000|  0%| F|  |TAMS 0x0000000083900000| PB 0x0000000083900000| Untracked |  0
|   8|0x0000000083a00000, 0x0000000083a00000, 0x0000000083b00000|  0%| F|  |TAMS 0x0000000083a00000| PB 0x0000000083a00000| Untracked |  0
|   9|0x0000000083b00000, 0x0000000083b00000, 0x0000000083c00000|  0%| F|  |TAMS 0x0000000083b00000| PB 0x0000000083b00000| Untracked |  0
|  10|0x0000000083c00000, 0x0000000083c00000, 0x0000000083d00000|  0%| F|  |TAMS 0x0000000083c00000| PB 0x0000000083c00000| Untracked |  0
|  11|0x0000000083d00000, 0x0000000083d00000, 0x0000000083e00000|  0%| F|  |TAMS 0x0000000083d00000| PB 0x0000000083d00000| Untracked |  0
|  12|0x0000000083e00000, 0x0000000083e00000, 0x0000000083f00000|  0%| F|  |TAMS 0x0000000083e00000| PB 0x0000000083e00000| Untracked |  0
|  13|0x0000000083f00000, 0x0000000083f00000, 0x0000000084000000|  0%| F|  |TAMS 0x0000000083f00000| PB 0x0000000083f00000| Untracked |  0
|  14|0x0000000084000000, 0x0000000084000000, 0x0000000084100000|  0%| F|  |TAMS 0x0000000084000000| PB 0x0000000084000000| Untracked |  0
|  15|0x0000000084100000, 0x0000000084100000, 0x0000000084200000|  0%| F|  |TAMS 0x0000000084100000| PB 0x0000000084100000| Untracked |  0
|  16|0x0000000084200000, 0x0000000084200000, 0x0000000084300000|  0%| F|  |TAMS 0x0000000084200000| PB 0x0000000084200000| Untracked |  0
|  17|0x0000000084300000, 0x0000000084300000, 0x0000000084400000|  0%| F|  |TAMS 0x0000000084300000| PB 0x0000000084300000| Untracked |  0
|  18|0x0000000084400000, 0x0000000084400000, 0x0000000084500000|  0%| F|  |TAMS 0x0000000084400000| PB 0x0000000084400000| Untracked |  0
|  19|0x0000000084500000, 0x0000000084500000, 0x0000000084600000|  0%| F|  |TAMS 0x0000000084500000| PB 0x0000000084500000| Untracked |  0
|  20|0x0000000084600000, 0x0000000084600000, 0x0000000084700000|  0%| F|  |TAMS 0x0000000084600000| PB 0x0000000084600000| Untracked |  0
|  21|0x0000000084700000, 0x0000000084700000, 0x0000000084800000|  0%| F|  |TAMS 0x0000000084700000| PB 0x0000000084700000| Untracked |  0
|  22|0x0000000084800000, 0x0000000084800000, 0x0000000084900000|  0%| F|  |TAMS 0x0000000084800000| PB 0x0000000084800000| Untracked |  0
|  23|0x0000000084900000, 0x0000000084900000, 0x0000000084a00000|  0%| F|  |TAMS 0x0000000084900000| PB 0x0000000084900000| Untracked |  0
|  24|0x0000000084a00000, 0x0000000084a00000, 0x0000000084b00000|  0%| F|  |TAMS 0x0000000084a00000| PB 0x0000000084a00000| Untracked |  0
|  25|0x0000000084b00000, 0x0000000084b00000, 0x0000000084c00000|  0%| F|  |TAMS 0x0000000084b00000| PB 0x0000000084b00000| Untracked |  0
|  26|0x0000000084c00000, 0x0000000084c00000, 0x0000000084d00000|  0%| F|  |TAMS 0x0000000084c00000| PB 0x0000000084c00000| Untracked |  0
|  27|0x0000000084d00000, 0x0000000084d00000, 0x0000000084e00000|  0%| F|  |TAMS 0x0000000084d00000| PB 0x0000000084d00000| Untracked |  0
|  28|0x0000000084e00000, 0x0000000084e00000, 0x0000000084f00000|  0%| F|  |TAMS 0x0000000084e00000| PB 0x0000000084e00000| Untracked |  0
|  29|0x0000000084f00000, 0x0000000084f00000, 0x0000000085000000|  0%| F|  |TAMS 0x0000000084f00000| PB 0x0000000084f00000| Untracked |  0
|  30|0x0000000085000000, 0x0000000085000000, 0x0000000085100000|  0%| F|  |TAMS 0x0000000085000000| PB 0x0000000085000000| Untracked |  0
|  31|0x0000000085100000, 0x0000000085100000, 0x0000000085200000|  0%| F|  |TAMS 0x0000000085100000| PB 0x0000000085100000| Untracked |  0
|  32|0x0000000085200000, 0x0000000085200000, 0x0000000085300000|  0%| F|  |TAMS 0x0000000085200000| PB 0x0000000085200000| Untracked |  0
|  33|0x0000000085300000, 0x0000000085300000, 0x0000000085400000|  0%| F|  |TAMS 0x0000000085300000| PB 0x0000000085300000| Untracked |  0
|  34|0x0000000085400000, 0x0000000085400000, 0x0000000085500000|  0%| F|  |TAMS 0x0000000085400000| PB 0x0000000085400000| Untracked |  0
|  35|0x0000000085500000, 0x0000000085500000, 0x0000000085600000|  0%| F|  |TAMS 0x0000000085500000| PB 0x0000000085500000| Untracked |  0
|  36|0x0000000085600000, 0x0000000085600000, 0x0000000085700000|  0%| F|  |TAMS 0x0000000085600000| PB 0x0000000085600000| Untracked |  0
|  37|0x0000000085700000, 0x0000000085700000, 0x0000000085800000|  0%| F|  |TAMS 0x0000000085700000| PB 0x0000000085700000| Untracked |  0
|  38|0x0000000085800000, 0x0000000085800000, 0x0000000085900000|  0%| F|  |TAMS 0x0000000085800000| PB 0x0000000085800000| Untracked |  0
|  39|0x0000000085900000, 0x0000000085900000, 0x0000000085a00000|  0%| F|  |TAMS 0x0000000085900000| PB 0x0000000085900000| Untracked |  0
|  40|0x0000000085a00000, 0x0000000085a00000, 0x0000000085b00000|  0%| F|  |TAMS 0x0000000085a00000| PB 0x0000000085a00000| Untracked |  0
|  41|0x0000000085b00000, 0x0000000085b00000, 0x0000000085c00000|  0%| F|  |TAMS 0x0000000085b00000| PB 0x0000000085b00000| Untracked |  0
|  42|0x0000000085c00000, 0x0000000085c00000, 0x0000000085d00000|  0%| F|  |TAMS 0x0000000085c00000| PB 0x0000000085c00000| Untracked |  0
|  43|0x0000000085d00000, 0x0000000085d00000, 0x0000000085e00000|  0%| F|  |TAMS 0x0000000085d00000| PB 0x0000000085d00000| Untracked |  0
|  44|0x0000000085e00000, 0x0000000085e00000, 0x0000000085f00000|  0%| F|  |TAMS 0x0000000085e00000| PB 0x0000000085e00000| Untracked |  0
|  45|0x0000000085f00000, 0x0000000085f00000, 0x0000000086000000|  0%| F|  |TAMS 0x0000000085f00000| PB 0x0000000085f00000| Untracked |  0
|  46|0x0000000086000000, 0x0000000086000000, 0x0000000086100000|  0%| F|  |TAMS 0x0000000086000000| PB 0x0000000086000000| Untracked |  0
|  47|0x0000000086100000, 0x0000000086100000, 0x0000000086200000|  0%| F|  |TAMS 0x0000000086100000| PB 0x0000000086100000| Untracked |  0
|  48|0x0000000086200000, 0x0000000086200000, 0x0000000086300000|  0%| F|  |TAMS 0x0000000086200000| PB 0x0000000086200000| Untracked |  0
|  49|0x0000000086300000, 0x0000000086300000, 0x0000000086400000|  0%| F|  |TAMS 0x0000000086300000| PB 0x0000000086300000| Untracked |  0
|  50|0x0000000086400000, 0x0000000086400000, 0x0000000086500000|  0%| F|  |TAMS 0x0000000086400000| PB 0x0000000086400000| Untracked |  0
|  51|0x0000000086500000, 0x0000000086500000, 0x0000000086600000|  0%| F|  |TAMS 0x0000000086500000| PB 0x0000000086500000| Untracked |  0
|  52|0x0000000086600000, 0x0000000086600000, 0x0000000086700000|  0%| F|  |TAMS 0x0000000086600000| PB 0x0000000086600000| Untracked |  0
|  53|0x0000000086700000, 0x0000000086700000, 0x0000000086800000|  0%| F|  |TAMS 0x0000000086700000| PB 0x0000000086700000| Untracked |  0
|  54|0x0000000086800000, 0x0000000086800000, 0x0000000086900000|  0%| F|  |TAMS 0x0000000086800000| PB 0x0000000086800000| Untracked |  0
|  55|0x0000000086900000, 0x0000000086900000, 0x0000000086a00000|  0%| F|  |TAMS 0x0000000086900000| PB 0x0000000086900000| Untracked |  0
|  56|0x0000000086a00000, 0x0000000086a00000, 0x0000000086b00000|  0%| F|  |TAMS 0x0000000086a00000| PB 0x0000000086a00000| Untracked |  0
|  57|0x0000000086b00000, 0x0000000086b00000, 0x0000000086c00000|  0%| F|  |TAMS 0x0000000086b00000| PB 0x0000000086b00000| Untracked |  0
|  58|0x0000000086c00000, 0x0000000086c00000, 0x0000000086d00000|  0%| F|  |TAMS 0x0000000086c00000| PB 0x0000000086c00000| Untracked |  0
|  59|0x0000000086d00000, 0x0000000086d00000, 0x0000000086e00000|  0%| F|  |TAMS 0x0000000086d00000| PB 0x0000000086d00000| Untracked |  0
|  60|0x0000000086e00000, 0x0000000086e00000, 0x0000000086f00000|  0%| F|  |TAMS 0x0000000086e00000| PB 0x0000000086e00000| Untracked |  0
|  61|0x0000000086f00000, 0x0000000086f00000, 0x0000000087000000|  0%| F|  |TAMS 0x0000000086f00000| PB 0x0000000086f00000| Untracked |  0
|  62|0x0000000087000000, 0x0000000087000000, 0x0000000087100000|  0%| F|  |TAMS 0x0000000087000000| PB 0x0000000087000000| Untracked |  0
|  63|0x0000000087100000, 0x0000000087100000, 0x0000000087200000|  0%| F|  |TAMS 0x0000000087100000| PB 0x0000000087100000| Untracked |  0
|  64|0x0000000087200000, 0x0000000087200000, 0x0000000087300000|  0%| F|  |TAMS 0x0000000087200000| PB 0x0000000087200000| Untracked |  0
|  65|0x0000000087300000, 0x0000000087300000, 0x0000000087400000|  0%| F|  |TAMS 0x0000000087300000| PB 0x0000000087300000| Untracked |  0
|  66|0x0000000087400000, 0x0000000087400000, 0x0000000087500000|  0%| F|  |TAMS 0x0000000087400000| PB 0x0000000087400000| Untracked |  0
|  67|0x0000000087500000, 0x0000000087500000, 0x0000000087600000|  0%| F|  |TAMS 0x0000000087500000| PB 0x0000000087500000| Untracked |  0
|  68|0x0000000087600000, 0x0000000087600000, 0x0000000087700000|  0%| F|  |TAMS 0x0000000087600000| PB 0x0000000087600000| Untracked |  0
|  69|0x0000000087700000, 0x0000000087700000, 0x0000000087800000|  0%| F|  |TAMS 0x0000000087700000| PB 0x0000000087700000| Untracked |  0
|  70|0x0000000087800000, 0x0000000087800000, 0x0000000087900000|  0%| F|  |TAMS 0x0000000087800000| PB 0x0000000087800000| Untracked |  0
|  71|0x0000000087900000, 0x0000000087900000, 0x0000000087a00000|  0%| F|  |TAMS 0x0000000087900000| PB 0x0000000087900000| Untracked |  0
|  72|0x0000000087a00000, 0x0000000087a00000, 0x0000000087b00000|  0%| F|  |TAMS 0x0000000087a00000| PB 0x0000000087a00000| Untracked |  0
|  73|0x0000000087b00000, 0x0000000087b00000, 0x0000000087c00000|  0%| F|  |TAMS 0x0000000087b00000| PB 0x0000000087b00000| Untracked |  0
|  74|0x0000000087c00000, 0x0000000087c00000, 0x0000000087d00000|  0%| F|  |TAMS 0x0000000087c00000| PB 0x0000000087c00000| Untracked |  0
|  75|0x0000000087d00000, 0x0000000087d00000, 0x0000000087e00000|  0%| F|  |TAMS 0x0000000087d00000| PB 0x0000000087d00000| Untracked |  0
|  76|0x0000000087e00000, 0x0000000087e00000, 0x0000000087f00000|  0%| F|  |TAMS 0x0000000087e00000| PB 0x0000000087e00000| Untracked |  0
|  77|0x0000000087f00000, 0x0000000087f00000, 0x0000000088000000|  0%| F|  |TAMS 0x0000000087f00000| PB 0x0000000087f00000| Untracked |  0
|  78|0x0000000088000000, 0x0000000088000000, 0x0000000088100000|  0%| F|  |TAMS 0x0000000088000000| PB 0x0000000088000000| Untracked |  0
|  79|0x0000000088100000, 0x0000000088100000, 0x0000000088200000|  0%| F|  |TAMS 0x0000000088100000| PB 0x0000000088100000| Untracked |  0
|  80|0x0000000088200000, 0x0000000088200000, 0x0000000088300000|  0%| F|  |TAMS 0x0000000088200000| PB 0x0000000088200000| Untracked |  0
|  81|0x0000000088300000, 0x0000000088300000, 0x0000000088400000|  0%| F|  |TAMS 0x0000000088300000| PB 0x0000000088300000| Untracked |  0
|  82|0x0000000088400000, 0x0000000088400000, 0x0000000088500000|  0%| F|  |TAMS 0x0000000088400000| PB 0x0000000088400000| Untracked |  0
|  83|0x0000000088500000, 0x0000000088500000, 0x0000000088600000|  0%| F|  |TAMS 0x0000000088500000| PB 0x0000000088500000| Untracked |  0
|  84|0x0000000088600000, 0x0000000088600000, 0x0000000088700000|  0%| F|  |TAMS 0x0000000088600000| PB 0x0000000088600000| Untracked |  0
|  85|0x0000000088700000, 0x0000000088700000, 0x0000000088800000|  0%| F|  |TAMS 0x0000000088700000| PB 0x0000000088700000| Untracked |  0
|  86|0x0000000088800000, 0x0000000088800000, 0x0000000088900000|  0%| F|  |TAMS 0x0000000088800000| PB 0x0000000088800000| Untracked |  0
|  87|0x0000000088900000, 0x00000000889ad7b0, 0x0000000088a00000| 67%| S|CS|TAMS 0x0000000088900000| PB 0x0000000088900000| Complete |  0
|  88|0x0000000088a00000, 0x0000000088b00000, 0x0000000088b00000|100%| S|CS|TAMS 0x0000000088a00000| PB 0x0000000088a00000| Complete |  0
|  89|0x0000000088b00000, 0x0000000088c00000, 0x0000000088c00000|100%| S|CS|TAMS 0x0000000088b00000| PB 0x0000000088b00000| Complete |  0
|  90|0x0000000088c00000, 0x0000000088d00000, 0x0000000088d00000|100%| S|CS|TAMS 0x0000000088c00000| PB 0x0000000088c00000| Complete |  0
|  91|0x0000000088d00000, 0x0000000088e00000, 0x0000000088e00000|100%| S|CS|TAMS 0x0000000088d00000| PB 0x0000000088d00000| Complete |  0
|  92|0x0000000088e00000, 0x0000000088f00000, 0x0000000088f00000|100%| S|CS|TAMS 0x0000000088e00000| PB 0x0000000088e00000| Complete |  0
|  93|0x0000000088f00000, 0x0000000089000000, 0x0000000089000000|100%| S|CS|TAMS 0x0000000088f00000| PB 0x0000000088f00000| Complete |  0
|  94|0x0000000089000000, 0x0000000089000000, 0x0000000089100000|  0%| F|  |TAMS 0x0000000089000000| PB 0x0000000089000000| Untracked |  0
|  95|0x0000000089100000, 0x0000000089100000, 0x0000000089200000|  0%| F|  |TAMS 0x0000000089100000| PB 0x0000000089100000| Untracked |  0
|  96|0x0000000089200000, 0x0000000089200000, 0x0000000089300000|  0%| F|  |TAMS 0x0000000089200000| PB 0x0000000089200000| Untracked |  0
|  97|0x0000000089300000, 0x0000000089300000, 0x0000000089400000|  0%| F|  |TAMS 0x0000000089300000| PB 0x0000000089300000| Untracked |  0
|  98|0x0000000089400000, 0x0000000089400000, 0x0000000089500000|  0%| F|  |TAMS 0x0000000089400000| PB 0x0000000089400000| Untracked |  0
|  99|0x0000000089500000, 0x0000000089500000, 0x0000000089600000|  0%| F|  |TAMS 0x0000000089500000| PB 0x0000000089500000| Untracked |  0
| 100|0x0000000089600000, 0x0000000089600000, 0x0000000089700000|  0%| F|  |TAMS 0x0000000089600000| PB 0x0000000089600000| Untracked |  0
| 101|0x0000000089700000, 0x0000000089700000, 0x0000000089800000|  0%| F|  |TAMS 0x0000000089700000| PB 0x0000000089700000| Untracked |  0
| 102|0x0000000089800000, 0x0000000089800000, 0x0000000089900000|  0%| F|  |TAMS 0x0000000089800000| PB 0x0000000089800000| Untracked |  0
| 103|0x0000000089900000, 0x0000000089900000, 0x0000000089a00000|  0%| F|  |TAMS 0x0000000089900000| PB 0x0000000089900000| Untracked |  0
| 104|0x0000000089a00000, 0x0000000089a00000, 0x0000000089b00000|  0%| F|  |TAMS 0x0000000089a00000| PB 0x0000000089a00000| Untracked |  0
| 105|0x0000000089b00000, 0x0000000089b00000, 0x0000000089c00000|  0%| F|  |TAMS 0x0000000089b00000| PB 0x0000000089b00000| Untracked |  0
| 106|0x0000000089c00000, 0x0000000089c00000, 0x0000000089d00000|  0%| F|  |TAMS 0x0000000089c00000| PB 0x0000000089c00000| Untracked |  0
| 107|0x0000000089d00000, 0x0000000089d00000, 0x0000000089e00000|  0%| F|  |TAMS 0x0000000089d00000| PB 0x0000000089d00000| Untracked |  0
| 108|0x0000000089e00000, 0x0000000089e00000, 0x0000000089f00000|  0%| F|  |TAMS 0x0000000089e00000| PB 0x0000000089e00000| Untracked |  0
| 109|0x0000000089f00000, 0x0000000089f00000, 0x000000008a000000|  0%| F|  |TAMS 0x0000000089f00000| PB 0x0000000089f00000| Untracked |  0
| 110|0x000000008a000000, 0x000000008a000000, 0x000000008a100000|  0%| F|  |TAMS 0x000000008a000000| PB 0x000000008a000000| Untracked |  0
| 111|0x000000008a100000, 0x000000008a100000, 0x000000008a200000|  0%| F|  |TAMS 0x000000008a100000| PB 0x000000008a100000| Untracked |  0
| 112|0x000000008a200000, 0x000000008a200000, 0x000000008a300000|  0%| F|  |TAMS 0x000000008a200000| PB 0x000000008a200000| Untracked |  0
| 113|0x000000008a300000, 0x000000008a300000, 0x000000008a400000|  0%| F|  |TAMS 0x000000008a300000| PB 0x000000008a300000| Untracked |  0
| 114|0x000000008a400000, 0x000000008a400000, 0x000000008a500000|  0%| F|  |TAMS 0x000000008a400000| PB 0x000000008a400000| Untracked |  0
| 115|0x000000008a500000, 0x000000008a500000, 0x000000008a600000|  0%| F|  |TAMS 0x000000008a500000| PB 0x000000008a500000| Untracked |  0
| 116|0x000000008a600000, 0x000000008a600000, 0x000000008a700000|  0%| F|  |TAMS 0x000000008a600000| PB 0x000000008a600000| Untracked |  0
| 117|0x000000008a700000, 0x000000008a700000, 0x000000008a800000|  0%| F|  |TAMS 0x000000008a700000| PB 0x000000008a700000| Untracked |  0
| 118|0x000000008a800000, 0x000000008a800000, 0x000000008a900000|  0%| F|  |TAMS 0x000000008a800000| PB 0x000000008a800000| Untracked |  0
| 119|0x000000008a900000, 0x000000008a900000, 0x000000008aa00000|  0%| F|  |TAMS 0x000000008a900000| PB 0x000000008a900000| Untracked |  0
| 120|0x000000008aa00000, 0x000000008aa00000, 0x000000008ab00000|  0%| F|  |TAMS 0x000000008aa00000| PB 0x000000008aa00000| Untracked |  0
| 121|0x000000008ab00000, 0x000000008ab00000, 0x000000008ac00000|  0%| F|  |TAMS 0x000000008ab00000| PB 0x000000008ab00000| Untracked |  0
| 122|0x000000008ac00000, 0x000000008ac00000, 0x000000008ad00000|  0%| F|  |TAMS 0x000000008ac00000| PB 0x000000008ac00000| Untracked |  0
| 123|0x000000008ad00000, 0x000000008ad00000, 0x000000008ae00000|  0%| F|  |TAMS 0x000000008ad00000| PB 0x000000008ad00000| Untracked |  0
| 124|0x000000008ae00000, 0x000000008ae00000, 0x000000008af00000|  0%| F|  |TAMS 0x000000008ae00000| PB 0x000000008ae00000| Untracked |  0
| 125|0x000000008af00000, 0x000000008af00000, 0x000000008b000000|  0%| F|  |TAMS 0x000000008af00000| PB 0x000000008af00000| Untracked |  0

Card table byte_map: [0x000001a644810000,0x000001a644c00000] _byte_map_base: 0x000001a6443f7000

Marking Bits: (CMBitMap*) 0x000001a62cd42e30
 Bits: [0x000001a644c00000, 0x000001a646b38000)

Polling page: 0x000001a62ab40000

Metaspace:

Usage:
  Non-class:     18.18 MB used.
      Class:      2.52 MB used.
       Both:     20.71 MB used.

Virtual space:
  Non-class space:       64.00 MB reserved,      18.44 MB ( 29%) committed,  1 nodes.
      Class space:        1.00 GB reserved,       2.62 MB ( <1%) committed,  1 nodes.
             Both:        1.06 GB reserved,      21.06 MB (  2%) committed. 

Chunk freelists:
   Non-Class:  13.23 MB
       Class:  13.31 MB
        Both:  26.55 MB

MaxMetaspaceSize: unlimited
CompressedClassSpaceSize: 1.00 GB
Initial GC threshold: 21.00 MB
Current GC threshold: 21.31 MB
CDS: on
 - commit_granule_bytes: 65536.
 - commit_granule_words: 8192.
 - virtual_space_node_default_size: 8388608.
 - enlarge_chunks_in_place: 1.
 - use_allocation_guard: 0.


Internal statistics:

num_allocs_failed_limit: 3.
num_arena_births: 216.
num_arena_deaths: 0.
num_vsnodes_births: 2.
num_vsnodes_deaths: 0.
num_space_committed: 337.
num_space_uncommitted: 0.
num_chunks_returned_to_freelist: 3.
num_chunks_taken_from_freelist: 936.
num_chunk_merges: 3.
num_chunk_splits: 670.
num_chunks_enlarged: 536.
num_inconsistent_stats: 0.

CodeHeap 'non-profiled nmethods': size=120064Kb used=1654Kb max_used=1654Kb free=118409Kb
 bounds [0x000001a63cee0000, 0x000001a63d150000, 0x000001a644420000]
CodeHeap 'profiled nmethods': size=120000Kb used=6959Kb max_used=6959Kb free=113040Kb
 bounds [0x000001a635420000, 0x000001a635af0000, 0x000001a63c950000]
CodeHeap 'non-nmethods': size=5696Kb used=1611Kb max_used=1611Kb free=4084Kb
 bounds [0x000001a63c950000, 0x000001a63cbc0000, 0x000001a63cee0000]
CodeCache: size=245760Kb, used=10224Kb, max_used=10224Kb, free=235533Kb
 total_blobs=5149, nmethods=4610, adapters=441, full_count=0
Compilation: enabled, stopped_count=0, restarted_count=0

Compilation events (20 events):
Event: 2.934 Thread 0x000001a64901d3e0 4605       3       jdk.internal.jimage.ImageReader::releaseByteBuffer (5 bytes)
Event: 2.934 Thread 0x000001a64901d3e0 nmethod 4605 0x000001a635ae7288 code [0x000001a635ae73c0, 0x000001a635ae7668]
Event: 2.941 Thread 0x000001a64901d3e0 4606       3       java.nio.MappedByteBuffer::position (6 bytes)
Event: 2.941 Thread 0x000001a64901d3e0 nmethod 4606 0x000001a635ae7688 code [0x000001a635ae77c0, 0x000001a635ae79d0]
Event: 2.941 Thread 0x000001a64901d3e0 4607       3       jdk.internal.jimage.ImageLocation::decompress (116 bytes)
Event: 2.942 Thread 0x000001a64901d3e0 nmethod 4607 0x000001a635ae7a08 code [0x000001a635ae7c00, 0x000001a635ae86d0]
Event: 2.942 Thread 0x000001a64901d3e0 4608       3       jdk.internal.jimage.ImageLocation::verify (38 bytes)
Event: 2.942 Thread 0x000001a64901d3e0 nmethod 4608 0x000001a635ae8788 code [0x000001a635ae8900, 0x000001a635ae8e90]
Event: 2.942 Thread 0x000001a64901d3e0 4609   !   3       jdk.internal.jimage.BasicImageReader::getResourceBuffer (203 bytes)
Event: 2.943 Thread 0x000001a64901d3e0 nmethod 4609 0x000001a635ae8f08 code [0x000001a635ae92a0, 0x000001a635aeaad0]
Event: 2.943 Thread 0x000001a64901d3e0 4610   !   3       jdk.internal.jimage.BasicImageReader::slice (32 bytes)
Event: 2.944 Thread 0x000001a64901d3e0 nmethod 4610 0x000001a635aeab88 code [0x000001a635aeace0, 0x000001a635aeb1c0]
Event: 2.944 Thread 0x000001a64901d3e0 4611       3       java.nio.DirectByteBufferR::<init> (25 bytes)
Event: 2.944 Thread 0x000001a64901d3e0 nmethod 4611 0x000001a635aeb208 code [0x000001a635aeb320, 0x000001a635aeb4a0]
Event: 2.944 Thread 0x000001a64901d3e0 4613       3       java.nio.MappedByteBuffer::<init> (24 bytes)
Event: 2.944 Thread 0x000001a64901d3e0 nmethod 4613 0x000001a635aeb508 code [0x000001a635aeb620, 0x000001a635aeb7d0]
Event: 2.944 Thread 0x000001a64901d3e0 4612       3       java.nio.DirectByteBufferR::slice (5 bytes)
Event: 2.944 Thread 0x000001a64901d3e0 nmethod 4612 0x000001a635aeb808 code [0x000001a635aeb920, 0x000001a635aeba58]
Event: 2.944 Thread 0x000001a64901d3e0 4614       3       java.security.SecureClassLoader::defineClass (12 bytes)
Event: 2.944 Thread 0x000001a64901d3e0 nmethod 4614 0x000001a635aebb08 code [0x000001a635aebc40, 0x000001a635aebdd8]

GC Heap History (8 events):
Event: 0.419 GC heap before
{Heap before GC invocations=0 (full 0):
 garbage-first heap   total reserved 2045952K, committed 129024K, used 14336K [0x0000000083200000, 0x0000000100000000)
  region size 1024K, 14 young (14336K), 0 survivors (0K)
 Metaspace       used 4009K, committed 4160K, reserved 1114112K
  class space    used 440K, committed 512K, reserved 1048576K
}
Event: 0.423 GC heap after
{Heap after GC invocations=1 (full 0):
 garbage-first heap   total reserved 2045952K, committed 129024K, used 3199K [0x0000000083200000, 0x0000000100000000)
  region size 1024K, 2 young (2048K), 2 survivors (2048K)
 Metaspace       used 4009K, committed 4160K, reserved 1114112K
  class space    used 440K, committed 512K, reserved 1048576K
}
Event: 0.672 GC heap before
{Heap before GC invocations=1 (full 0):
 garbage-first heap   total reserved 2045952K, committed 129024K, used 16511K [0x0000000083200000, 0x0000000100000000)
  region size 1024K, 15 young (15360K), 2 survivors (2048K)
 Metaspace       used 6228K, committed 6464K, reserved 1114112K
  class space    used 765K, committed 896K, reserved 1048576K
}
Event: 0.676 GC heap after
{Heap after GC invocations=2 (full 0):
 garbage-first heap   total reserved 2045952K, committed 129024K, used 4184K [0x0000000083200000, 0x0000000100000000)
  region size 1024K, 1 young (1024K), 1 survivors (1024K)
 Metaspace       used 6228K, committed 6464K, reserved 1114112K
  class space    used 765K, committed 896K, reserved 1048576K
}
Event: 1.327 GC heap before
{Heap before GC invocations=2 (full 0):
 garbage-first heap   total reserved 2045952K, committed 129024K, used 40024K [0x0000000083200000, 0x0000000100000000)
  region size 1024K, 36 young (36864K), 1 survivors (1024K)
 Metaspace       used 11871K, committed 12096K, reserved 1114112K
  class space    used 1489K, committed 1600K, reserved 1048576K
}
Event: 1.331 GC heap after
{Heap after GC invocations=3 (full 0):
 garbage-first heap   total reserved 2045952K, committed 129024K, used 6601K [0x0000000083200000, 0x0000000100000000)
  region size 1024K, 4 young (4096K), 4 survivors (4096K)
 Metaspace       used 11871K, committed 12096K, reserved 1114112K
  class space    used 1489K, committed 1600K, reserved 1048576K
}
Event: 2.256 GC heap before
{Heap before GC invocations=3 (full 0):
 garbage-first heap   total reserved 2045952K, committed 129024K, used 46537K [0x0000000083200000, 0x0000000100000000)
  region size 1024K, 43 young (44032K), 4 survivors (4096K)
 Metaspace       used 16818K, committed 17152K, reserved 1114112K
  class space    used 2072K, committed 2240K, reserved 1048576K
}
Event: 2.265 GC heap after
{Heap after GC invocations=4 (full 0):
 garbage-first heap   total reserved 2045952K, committed 129024K, used 10225K [0x0000000083200000, 0x0000000100000000)
  region size 1024K, 6 young (6144K), 6 survivors (6144K)
 Metaspace       used 16818K, committed 17152K, reserved 1114112K
  class space    used 2072K, committed 2240K, reserved 1048576K
}

Dll operation events (8 events):
Event: 0.007 Loaded shared library C:\Program Files\Java\jdk-23\bin\java.dll
Event: 0.047 Loaded shared library C:\Program Files\Java\jdk-23\bin\jsvml.dll
Event: 0.065 Loaded shared library C:\Program Files\Java\jdk-23\bin\net.dll
Event: 0.067 Loaded shared library C:\Program Files\Java\jdk-23\bin\nio.dll
Event: 0.070 Loaded shared library C:\Program Files\Java\jdk-23\bin\zip.dll
Event: 0.178 Loaded shared library C:\Program Files\Java\jdk-23\bin\jimage.dll
Event: 0.179 Loaded shared library C:\Users\abuba\Downloads\apache-maven-3.9.9-bin\apache-maven-3.9.9\lib\jansi-native\Windows\x86_64\jansi.dll
Event: 0.193 Loaded shared library C:\Program Files\Java\jdk-23\bin\verify.dll

Deoptimization events (20 events):
Event: 2.600 Thread 0x000001a62aa5a790 DEOPT PACKING pc=0x000001a63d05ee54 sp=0x00000085695fd090
Event: 2.600 Thread 0x000001a62aa5a790 DEOPT UNPACKING pc=0x000001a63c9a7982 sp=0x00000085695fd070 mode 2
Event: 2.678 Thread 0x000001a62aa5a790 DEOPT PACKING pc=0x000001a635988071 sp=0x00000085695fd160
Event: 2.678 Thread 0x000001a62aa5a790 DEOPT UNPACKING pc=0x000001a63c9a84c2 sp=0x00000085695fc668 mode 0
Event: 2.696 Thread 0x000001a62aa5a790 Uncommon trap: trap_request=0xffffffc6 fr.pc=0x000001a63cf49960 relative=0x0000000000000380
Event: 2.696 Thread 0x000001a62aa5a790 Uncommon trap: reason=bimorphic_or_optimized_type_check action=maybe_recompile pc=0x000001a63cf49960 method=java.nio.Buffer.<init>(IIIILjava/lang/foreign/MemorySegment;)V @ 39 c2
Event: 2.696 Thread 0x000001a62aa5a790 DEOPT PACKING pc=0x000001a63cf49960 sp=0x00000085695f8990
Event: 2.696 Thread 0x000001a62aa5a790 DEOPT UNPACKING pc=0x000001a63c9a7982 sp=0x00000085695f8938 mode 2
Event: 2.696 Thread 0x000001a62aa5a790 Uncommon trap: trap_request=0xffffffc6 fr.pc=0x000001a63cf49960 relative=0x0000000000000380
Event: 2.696 Thread 0x000001a62aa5a790 Uncommon trap: reason=bimorphic_or_optimized_type_check action=maybe_recompile pc=0x000001a63cf49960 method=java.nio.Buffer.<init>(IIIILjava/lang/foreign/MemorySegment;)V @ 39 c2
Event: 2.696 Thread 0x000001a62aa5a790 DEOPT PACKING pc=0x000001a63cf49960 sp=0x00000085695f8990
Event: 2.697 Thread 0x000001a62aa5a790 DEOPT UNPACKING pc=0x000001a63c9a7982 sp=0x00000085695f8938 mode 2
Event: 2.709 Thread 0x000001a62aa5a790 Uncommon trap: trap_request=0xffffff45 fr.pc=0x000001a63cf2d5e0 relative=0x0000000000000060
Event: 2.709 Thread 0x000001a62aa5a790 Uncommon trap: reason=unstable_if action=reinterpret pc=0x000001a63cf2d5e0 method=java.lang.ref.ReferenceQueue.poll()Ljava/lang/ref/Reference; @ 4 c2
Event: 2.709 Thread 0x000001a62aa5a790 DEOPT PACKING pc=0x000001a63cf2d5e0 sp=0x00000085695fd5a0
Event: 2.709 Thread 0x000001a62aa5a790 DEOPT UNPACKING pc=0x000001a63c9a7982 sp=0x00000085695fd530 mode 2
Event: 2.861 Thread 0x000001a62aa5a790 Uncommon trap: trap_request=0xffffff45 fr.pc=0x000001a63cf6ed74 relative=0x0000000000000a94
Event: 2.861 Thread 0x000001a62aa5a790 Uncommon trap: reason=unstable_if action=reinterpret pc=0x000001a63cf6ed74 method=jdk.internal.module.SystemModuleFinders$SystemModuleReader.find(Ljava/lang/String;)Ljava/util/Optional; @ 5 c2
Event: 2.861 Thread 0x000001a62aa5a790 DEOPT PACKING pc=0x000001a63cf6ed74 sp=0x00000085695fd130
Event: 2.861 Thread 0x000001a62aa5a790 DEOPT UNPACKING pc=0x000001a63c9a7982 sp=0x00000085695fd108 mode 2

Classes loaded (20 events):
Event: 2.858 Loading class java/nio/channels/AsynchronousFileChannel
Event: 2.859 Loading class java/nio/channels/AsynchronousChannel
Event: 2.859 Loading class java/nio/channels/AsynchronousChannel done
Event: 2.859 Loading class java/nio/channels/AsynchronousFileChannel done
Event: 2.859 Loading class jdk/internal/jrtfs/JrtFileSystemProvider
Event: 2.861 Loading class jdk/internal/jrtfs/JrtFileSystemProvider done
Event: 2.863 Loading class sun/net/www/protocol/jrt/JavaRuntimeURLConnection
Event: 2.865 Loading class sun/net/www/protocol/jrt/JavaRuntimeURLConnection done
Event: 2.865 Loading class sun/net/www/protocol/jrt/JavaRuntimeURLConnection$1
Event: 2.865 Loading class sun/net/www/protocol/jrt/JavaRuntimeURLConnection$1 done
Event: 2.866 Loading class jdk/internal/jimage/ImageBufferCache
Event: 2.866 Loading class jdk/internal/jimage/ImageBufferCache done
Event: 2.866 Loading class jdk/internal/jimage/ImageBufferCache$1
Event: 2.866 Loading class jdk/internal/jimage/ImageBufferCache$1 done
Event: 2.866 Loading class jdk/internal/jimage/ImageBufferCache$2
Event: 2.866 Loading class jdk/internal/jimage/ImageBufferCache$2 done
Event: 2.866 Loading class java/util/AbstractMap$SimpleEntry
Event: 2.866 Loading class java/util/AbstractMap$SimpleEntry done
Event: 2.950 Loading class java/nio/file/ReadOnlyFileSystemException
Event: 2.950 Loading class java/nio/file/ReadOnlyFileSystemException done

Classes unloaded (0 events):
No events

Classes redefined (0 events):
No events

Internal exceptions (20 events):
Event: 1.678 Thread 0x000001a62aa5a790 Exception <a 'java/lang/NoSuchMethodError'{0x000000008a2487d8}: 'void java.lang.invoke.DirectMethodHandle$Holder.invokeSpecial(java.lang.Object, java.lang.Object, java.lang.Object, int)'> (0x000000008a2487d8) 
thrown [s\open\src\hotspot\share\interpreter\linkResolver.cpp, line 796]
Event: 1.678 Thread 0x000001a62aa5a790 Exception <a 'java/lang/NoSuchMethodError'{0x000000008a24bec0}: 'void java.lang.invoke.DelegatingMethodHandle$Holder.reinvoke_L(java.lang.Object, java.lang.Object, int)'> (0x000000008a24bec0) 
thrown [s\open\src\hotspot\share\interpreter\linkResolver.cpp, line 796]
Event: 1.872 Thread 0x000001a62aa5a790 Exception <a 'java/lang/NoSuchMethodError'{0x0000000089c78608}: 'java.lang.Object java.lang.invoke.DirectMethodHandle$Holder.newInvokeSpecial(java.lang.Object, java.lang.Object, java.lang.Object, java.lang.Object, java.lang.Object, java.lang.Object, java.lang.Object)'> (0x0000000089c78608) 
thrown [s\open\src\hotspot\share\interpreter\linkResolver.cpp, line 796]
Event: 1.994 Thread 0x000001a62aa5a790 Exception <a 'java/lang/NoSuchMethodError'{0x0000000089764818}: 'int java.lang.invoke.DirectMethodHandle$Holder.invokeVirtual(java.lang.Object, java.lang.Object)'> (0x0000000089764818) 
thrown [s\open\src\hotspot\share\interpreter\linkResolver.cpp, line 796]
Event: 2.004 Thread 0x000001a62aa5a790 Implicit null exception at 0x000001a63cff1559 to 0x000001a63cff1d14
Event: 2.004 Thread 0x000001a62aa5a790 Implicit null exception at 0x000001a63cf6c49d to 0x000001a63cf6c51d
Event: 2.018 Thread 0x000001a62aa5a790 Exception <a 'java/lang/NoSuchMethodError'{0x00000000896c90b8}: 'void java.lang.invoke.Invokers$Holder.invokeExact_MT(java.lang.Object, java.lang.Object, int, java.lang.Object)'> (0x00000000896c90b8) 
thrown [s\open\src\hotspot\share\interpreter\linkResolver.cpp, line 796]
Event: 2.025 Thread 0x000001a62aa5a790 Exception <a 'java/lang/NoSuchMethodError'{0x00000000896fd188}: 'void java.lang.invoke.DirectMethodHandle$Holder.invokeInterface(java.lang.Object, java.lang.Object, java.lang.Object)'> (0x00000000896fd188) 
thrown [s\open\src\hotspot\share\interpreter\linkResolver.cpp, line 796]
Event: 2.140 Thread 0x000001a62aa5a790 Exception <a 'sun/nio/fs/WindowsException'{0x00000000890a5ea8}> (0x00000000890a5ea8) 
thrown [s\open\src\hotspot\share\prims\jni.cpp, line 520]
Event: 2.144 Thread 0x000001a62aa5a790 Exception <a 'sun/nio/fs/WindowsException'{0x00000000890c0d80}> (0x00000000890c0d80) 
thrown [s\open\src\hotspot\share\prims\jni.cpp, line 520]
Event: 2.371 Thread 0x000001a62aa5a790 Implicit null exception at 0x000001a63cf87168 to 0x000001a63cf87344
Event: 2.371 Thread 0x000001a62aa5a790 Implicit null exception at 0x000001a63cf85ae8 to 0x000001a63cf85cd8
Event: 2.736 Thread 0x000001a62aa5a790 Exception <a 'sun/nio/fs/WindowsException'{0x0000000089346218}> (0x0000000089346218) 
thrown [s\open\src\hotspot\share\prims\jni.cpp, line 520]
Event: 2.736 Thread 0x000001a62aa5a790 Exception <a 'sun/nio/fs/WindowsException'{0x0000000089346870}> (0x0000000089346870) 
thrown [s\open\src\hotspot\share\prims\jni.cpp, line 520]
Event: 2.742 Thread 0x000001a62aa5a790 Exception <a 'sun/nio/fs/WindowsException'{0x000000008937c6c0}> (0x000000008937c6c0) 
thrown [s\open\src\hotspot\share\prims\jni.cpp, line 520]
Event: 2.749 Thread 0x000001a62aa5a790 Exception <a 'java/lang/IncompatibleClassChangeError'{0x00000000893ab518}: Found class java.lang.Object, but interface was expected> (0x00000000893ab518) 
thrown [s\open\src\hotspot\share\interpreter\linkResolver.cpp, line 863]
Event: 2.845 Thread 0x000001a62aa5a790 Exception <a 'java/lang/NoSuchMethodError'{0x00000000892b0cc0}: 'int java.lang.invoke.DirectMethodHandle$Holder.invokeInterface(java.lang.Object, java.lang.Object)'> (0x00000000892b0cc0) 
thrown [s\open\src\hotspot\share\interpreter\linkResolver.cpp, line 796]
Event: 2.886 Thread 0x000001a62aa5a790 Exception <a 'sun/nio/fs/WindowsException'{0x000000008915ac30}> (0x000000008915ac30) 
thrown [s\open\src\hotspot\share\prims\jni.cpp, line 520]
Event: 2.886 Thread 0x000001a62aa5a790 Exception <a 'sun/nio/fs/WindowsException'{0x000000008915c648}> (0x000000008915c648) 
thrown [s\open\src\hotspot\share\prims\jni.cpp, line 520]
Event: 2.894 Thread 0x000001a62aa5a790 Exception <a 'java/lang/NoSuchMethodError'{0x000000008916f0b8}: 'int java.lang.invoke.DirectMethodHandle$Holder.invokeVirtual(java.lang.Object, java.lang.Object, java.lang.Object)'> (0x000000008916f0b8) 
thrown [s\open\src\hotspot\share\interpreter\linkResolver.cpp, line 796]

VM Operations (20 events):
Event: 1.402 Executing VM operation: HandshakeAllThreads (Deoptimize)
Event: 1.402 Executing VM operation: HandshakeAllThreads (Deoptimize) done
Event: 1.489 Executing VM operation: HandshakeAllThreads (Deoptimize)
Event: 1.489 Executing VM operation: HandshakeAllThreads (Deoptimize) done
Event: 1.533 Executing VM operation: HandshakeAllThreads (Deoptimize)
Event: 1.533 Executing VM operation: HandshakeAllThreads (Deoptimize) done
Event: 1.562 Executing VM operation: HandshakeAllThreads (Deoptimize)
Event: 1.562 Executing VM operation: HandshakeAllThreads (Deoptimize) done
Event: 1.580 Executing VM operation: HandshakeAllThreads (Deoptimize)
Event: 1.580 Executing VM operation: HandshakeAllThreads (Deoptimize) done
Event: 1.600 Executing VM operation: HandshakeAllThreads (Deoptimize)
Event: 1.600 Executing VM operation: HandshakeAllThreads (Deoptimize) done
Event: 2.017 Executing VM operation: HandshakeAllThreads (Deoptimize)
Event: 2.017 Executing VM operation: HandshakeAllThreads (Deoptimize) done
Event: 2.256 Executing VM operation: G1CollectForAllocation (G1 Evacuation Pause)
Event: 2.265 Executing VM operation: G1CollectForAllocation (G1 Evacuation Pause) done
Event: 2.791 Executing VM operation: HandshakeAllThreads (Deoptimize)
Event: 2.791 Executing VM operation: HandshakeAllThreads (Deoptimize) done
Event: 2.843 Executing VM operation: HandshakeAllThreads (Deoptimize)
Event: 2.843 Executing VM operation: HandshakeAllThreads (Deoptimize) done

Memory protections (0 events):
No events

Nmethod flushes (0 events):
No events

Events (15 events):
Event: 0.032 Thread 0x000001a62aa5a790 Thread added: 0x000001a62aa5a790
Event: 0.044 Thread 0x000001a62aa5a790 Thread added: 0x000001a649006410
Event: 0.044 Thread 0x000001a62aa5a790 Thread added: 0x000001a649009ca0
Event: 0.045 Thread 0x000001a62aa5a790 Thread added: 0x000001a64900dbd0
Event: 0.045 Thread 0x000001a62aa5a790 Thread added: 0x000001a64900e760
Event: 0.045 Thread 0x000001a62aa5a790 Thread added: 0x000001a649010490
Event: 0.045 Thread 0x000001a62aa5a790 Thread added: 0x000001a649011c10
Event: 0.045 Thread 0x000001a62aa5a790 Thread added: 0x000001a6490188f0
Event: 0.045 Thread 0x000001a62aa5a790 Thread added: 0x000001a64901d3e0
Event: 0.061 Thread 0x000001a62aa5a790 Thread added: 0x000001a649168570
Event: 0.063 Thread 0x000001a62aa5a790 Thread added: 0x000001a649179440
Event: 0.176 Thread 0x000001a62aa5a790 Thread added: 0x000001a6496b6030
Event: 0.191 Thread 0x000001a6496b6030 Thread exited: 0x000001a6496b6030
Event: 0.558 Thread 0x000001a64901d3e0 Thread added: 0x000001a68f0a3a30
Event: 1.579 Thread 0x000001a62aa5a790 Thread added: 0x000001a68fab2ef0


Dynamic libraries:
0x00007ff75d3a0000 - 0x00007ff75d3b0000 	C:\Program Files\Java\jdk-23\bin\java.exe
0x00007ffb53a80000 - 0x00007ffb53ce3000 	C:\WINDOWS\SYSTEM32\ntdll.dll
0x00007ffb52660000 - 0x00007ffb52727000 	C:\WINDOWS\System32\KERNEL32.DLL
0x00007ffb51210000 - 0x00007ffb515d9000 	C:\WINDOWS\System32\KERNELBASE.dll
0x00007ffb515e0000 - 0x00007ffb5172c000 	C:\WINDOWS\System32\ucrtbase.dll
0x00007ffb383e0000 - 0x00007ffb383fb000 	C:\Program Files\Java\jdk-23\bin\VCRUNTIME140.dll
0x00007ffb25940000 - 0x00007ffb25957000 	C:\Program Files\Java\jdk-23\bin\jli.dll
0x00007ffb533c0000 - 0x00007ffb5358a000 	C:\WINDOWS\System32\USER32.dll
0x00007ffb51140000 - 0x00007ffb51167000 	C:\WINDOWS\System32\win32u.dll
0x00007ffb3af50000 - 0x00007ffb3b1e0000 	C:\WINDOWS\WinSxS\amd64_microsoft.windows.common-controls_6595b64144ccf1df_6.0.26100.3323_none_3e088096e3344490\COMCTL32.dll
0x00007ffb53150000 - 0x00007ffb5317a000 	C:\WINDOWS\System32\GDI32.dll
0x00007ffb531e0000 - 0x00007ffb53289000 	C:\WINDOWS\System32\msvcrt.dll
0x00007ffb50dd0000 - 0x00007ffb50f01000 	C:\WINDOWS\System32\gdi32full.dll
0x00007ffb51090000 - 0x00007ffb51133000 	C:\WINDOWS\System32\msvcp_win.dll
0x00007ffb52470000 - 0x00007ffb5249f000 	C:\WINDOWS\System32\IMM32.DLL
0x00007ffb3ee90000 - 0x00007ffb3ee9c000 	C:\Program Files\Java\jdk-23\bin\vcruntime140_1.dll
0x00007ffb1aad0000 - 0x00007ffb1ab5e000 	C:\Program Files\Java\jdk-23\bin\msvcp140.dll
0x00007ffacb3a0000 - 0x00007ffacc0ef000 	C:\Program Files\Java\jdk-23\bin\server\jvm.dll
0x00007ffb527f0000 - 0x00007ffb528a2000 	C:\WINDOWS\System32\ADVAPI32.dll
0x00007ffb51b60000 - 0x00007ffb51c06000 	C:\WINDOWS\System32\sechost.dll
0x00007ffb52540000 - 0x00007ffb52656000 	C:\WINDOWS\System32\RPCRT4.dll
0x00007ffb530d0000 - 0x00007ffb53144000 	C:\WINDOWS\System32\WS2_32.dll
0x00007ffb50b10000 - 0x00007ffb50b5e000 	C:\WINDOWS\SYSTEM32\POWRPROF.dll
0x00007ffb47f00000 - 0x00007ffb47f36000 	C:\WINDOWS\SYSTEM32\WINMM.dll
0x00007ffb3eea0000 - 0x00007ffb3eeab000 	C:\WINDOWS\SYSTEM32\VERSION.dll
0x00007ffb50af0000 - 0x00007ffb50b04000 	C:\WINDOWS\SYSTEM32\UMPDC.dll
0x00007ffb4faa0000 - 0x00007ffb4faba000 	C:\WINDOWS\SYSTEM32\kernel.appcore.dll
0x00007ffb3b340000 - 0x00007ffb3b34a000 	C:\Program Files\Java\jdk-23\bin\jimage.dll
0x00007ffb4df50000 - 0x00007ffb4e191000 	C:\WINDOWS\SYSTEM32\DBGHELP.DLL
0x00007ffb51c10000 - 0x00007ffb51f92000 	C:\WINDOWS\System32\combase.dll
0x00007ffb532e0000 - 0x00007ffb533b6000 	C:\WINDOWS\System32\OLEAUT32.dll
0x00007ffb2d2b0000 - 0x00007ffb2d2e9000 	C:\WINDOWS\SYSTEM32\dbgcore.DLL
0x00007ffb51170000 - 0x00007ffb51209000 	C:\WINDOWS\System32\bcryptPrimitives.dll
0x00007ffb38210000 - 0x00007ffb3822e000 	C:\Program Files\Java\jdk-23\bin\java.dll
0x00007ffb51fa0000 - 0x00007ffb52135000 	C:\WINDOWS\System32\ole32.dll
0x00007ffb529b0000 - 0x00007ffb530c5000 	C:\WINDOWS\System32\SHELL32.dll
0x00007ffb51730000 - 0x00007ffb51898000 	C:\WINDOWS\System32\wintypes.dll
0x00007ffb4e980000 - 0x00007ffb4f1c5000 	C:\WINDOWS\SYSTEM32\windows.storage.dll
0x00007ffb52160000 - 0x00007ffb5224b000 	C:\WINDOWS\System32\SHCORE.dll
0x00007ffb518a0000 - 0x00007ffb518fd000 	C:\WINDOWS\System32\shlwapi.dll
0x00007ffb50b90000 - 0x00007ffb50bbf000 	C:\WINDOWS\SYSTEM32\profapi.dll
0x00007ffb1ae70000 - 0x00007ffb1af47000 	C:\Program Files\Java\jdk-23\bin\jsvml.dll
0x00007ffb3b280000 - 0x00007ffb3b290000 	C:\Program Files\Java\jdk-23\bin\net.dll
0x00007ffb4ffc0000 - 0x00007ffb5002a000 	C:\WINDOWS\system32\mswsock.dll
0x00007ffb321f0000 - 0x00007ffb32206000 	C:\Program Files\Java\jdk-23\bin\nio.dll
0x00007ffb26b70000 - 0x00007ffb26b87000 	C:\Program Files\Java\jdk-23\bin\zip.dll
0x00007ffb1b960000 - 0x00007ffb1b984000 	C:\Users\abuba\Downloads\apache-maven-3.9.9-bin\apache-maven-3.9.9\lib\jansi-native\Windows\x86_64\jansi.dll
0x00007ffb3a450000 - 0x00007ffb3a460000 	C:\Program Files\Java\jdk-23\bin\verify.dll

dbghelp: loaded successfully - version: 4.0.5 - missing functions: none
symbol engine: initialized successfully - sym options: 0x614 - pdb path: .;C:\Program Files\Java\jdk-23\bin;C:\WINDOWS\SYSTEM32;C:\WINDOWS\WinSxS\amd64_microsoft.windows.common-controls_6595b64144ccf1df_6.0.26100.3323_none_3e088096e3344490;C:\Program Files\Java\jdk-23\bin\server;C:\Users\abuba\Downloads\apache-maven-3.9.9-bin\apache-maven-3.9.9\lib\jansi-native\Windows\x86_64

VM Arguments:
jvm_args: -Dclassworlds.conf=C:\Users\abuba\Downloads\apache-maven-3.9.9-bin\apache-maven-3.9.9\bin\m2.conf -Dmaven.home=C:\Users\abuba\Downloads\apache-maven-3.9.9-bin\apache-maven-3.9.9 -Dlibrary.jansi.path=C:\Users\abuba\Downloads\apache-maven-3.9.9-bin\apache-maven-3.9.9\lib\jansi-native -Dmaven.multiModuleProjectDirectory=F:\zeoTap\wrangler 
java_command: org.codehaus.plexus.classworlds.launcher.Launcher clean install
java_class_path (initial): C:\Users\abuba\Downloads\apache-maven-3.9.9-bin\apache-maven-3.9.9\boot\plexus-classworlds-2.8.0.jar
Launcher Type: SUN_STANDARD

[Global flags]
     intx CICompilerCount                          = 3                                         {product} {ergonomic}
     uint ConcGCThreads                            = 1                                         {product} {ergonomic}
     uint G1ConcRefinementThreads                  = 4                                         {product} {ergonomic}
   size_t G1HeapRegionSize                         = 1048576                                   {product} {ergonomic}
   size_t InitialHeapSize                          = 132120576                                 {product} {ergonomic}
   size_t MarkStackSize                            = 4194304                                   {product} {ergonomic}
   size_t MarkStackSizeMax                         = 536870912                                 {product} {ergonomic}
   size_t MaxHeapSize                              = 2095054848                                {product} {ergonomic}
   size_t MaxNewSize                               = 1256194048                                {product} {ergonomic}
   size_t MinHeapDeltaBytes                        = 1048576                                   {product} {ergonomic}
   size_t MinHeapSize                              = 8388608                                   {product} {ergonomic}
    uintx NonNMethodCodeHeapSize                   = 5832704                                {pd product} {ergonomic}
    uintx NonProfiledCodeHeapSize                  = 122945536                              {pd product} {ergonomic}
    uintx ProfiledCodeHeapSize                     = 122880000                              {pd product} {ergonomic}
    uintx ReservedCodeCacheSize                    = 251658240                              {pd product} {ergonomic}
     bool SegmentedCodeCache                       = true                                      {product} {ergonomic}
   size_t SoftMaxHeapSize                          = 2095054848                             {manageable} {ergonomic}
     bool UseCompressedOops                        = true                           {product lp64_product} {ergonomic}
     bool UseG1GC                                  = true                                      {product} {ergonomic}
     bool UseLargePagesIndividualAllocation        = false                                  {pd product} {ergonomic}

Logging:
Log output configuration:
 #0: stdout all=warning uptime,level,tags foldmultilines=false
 #1: stderr all=off uptime,level,tags foldmultilines=false

Environment Variables:
PATH=C:\Program Files\Common Files\Oracle\Java\javapath;C:\Users\abuba\Downloads\jdk-20_windows-x64_bin (1).zip\jdk-20.0.2\bin;C:\Users\abuba\Downloads\jdk-22_windows-x64_bin.zip\jdk-22.0.1\bin;F:\Microsoft VS Code\bin;C:\Windows\System32;C:\Program Files\dotnet\;C:\WINDOWS\system32;C:\WINDOWS;C:\WINDOWS\System32\Wbem;C:\WINDOWS\System32\WindowsPowerShell\v1.0\;C:\WINDOWS\System32\OpenSSH\;C:\Program Files\nodejs\;C:\Users\abuba\AppData\Roaming\npm;C:\Users\abuba\Downloads\apache-maven-3.9.9-bin\apache-maven-3.9.9\bin;C:\Users\abuba\AppData\Local\Programs\Python\Python313\Scripts\;C:\Users\abuba\AppData\Local\Programs\Python\Python313\;C:\Program Files\MySQL\MySQL Shell 8.0\bin\;C:\Users\abuba\AppData\Local\Microsoft\WindowsApps;C:\MinGW\bin;C:\Users\abuba\Downloads\jdk-22_windows-x64_bin.zip\jdk-22.0.1\bin;C:\Users\abuba\AppData\Local\Programs\Microsoft VS Code\bin;C:\Program Files\JetBrains\IntelliJ IDEA 2024.3.3\bin;;C:\Users\abuba\Downloads\cmake-4.0.0-rc4\cmake-4.0.0-rc4
USERNAME=abuba
LANG=en_US.UTF-8
OS=Windows_NT
PROCESSOR_IDENTIFIER=Intel64 Family 6 Model 140 Stepping 1, GenuineIntel
TMP=C:\Users\abuba\AppData\Local\Temp
TEMP=C:\Users\abuba\AppData\Local\Temp




Periodic native trim disabled

---------------  S Y S T E M  ---------------

OS:
 Windows 11 , 64 bit Build 26100 (10.0.26100.3323)
OS uptime: 0 days 2:04 hours

CPU: total 4 (initial active 4) (2 cores per cpu, 2 threads per core) family 6 model 140 stepping 1 microcode 0x9a, cx8, cmov, fxsr, ht, mmx, 3dnowpref, sse, sse2, sse3, ssse3, sse4.1, sse4.2, popcnt, lzcnt, tsc, tscinvbit, avx, avx2, aes, erms, clmul, bmi1, bmi2, adx, avx512f, avx512dq, avx512cd, avx512bw, avx512vl, sha, fma, vzeroupper, avx512_vpopcntdq, avx512_vpclmulqdq, avx512_vaes, avx512_vnni, clflush, clflushopt, clwb, avx512_vbmi2, avx512_vbmi, rdtscp, rdpid, fsrm, gfni, avx512_bitalg, f16c, pku, cet_ibt, cet_ss, avx512_ifma
Processor Information for the first 4 processors :
  Max Mhz: 2995, Current Mhz: 2995, Mhz Limit: 2995

Memory: 4k page, system-wide physical 7991M (1252M free)
TotalPageFile size 11972M (AvailPageFile size 57M)
current process WorkingSet (physical memory assigned to process): 149M, peak: 178M
current process commit charge ("private bytes"): 224M, peak: 280M

vm_info: Java HotSpot(TM) 64-Bit Server VM (23.0.1+11-39) for windows-amd64 JRE (23.0.1+11-39), built on 2024-09-30T07:20:43Z with MS VC++ 17.6 (VS2022)

END.
