#
# There is insufficient memory for the Java Runtime Environment to continue.
# Native memory allocation (mmap) failed to map 65536 bytes. Error detail: Failed to commit metaspace.
# Possible reasons:
#   The system is out of physical RAM or swap space
#   This process is running with CompressedOops enabled, and the Java Heap may be blocking the growth of the native heap
# Possible solutions:
#   Reduce memory load on the system
#   Increase physical memory or swap space
#   Check if swap backing store is full
#   Decrease Java heap size (-Xmx/-Xms)
#   Decrease number of Java threads
#   Decrease Java thread stack sizes (-Xss)
#   Set larger code cache with -XX:ReservedCodeCacheSize=
#   JVM is running with Unscaled Compressed Oops mode in which the Java heap is
#     placed in the first 4GB address space. The Java Heap base address is the
#     maximum limit for the native heap growth. Please use -XX:HeapBaseMinAddress
#     to set the Java Heap base and to place the Java Heap above 4GB virtual address.
# This output file may be truncated or incomplete.
#
#  Out of Memory Error (virtualSpaceNode.cpp:113), pid=11936, tid=10320
#
# JRE version: Java(TM) SE Runtime Environment (23.0.1+11) (build 23.0.1+11-39)
# Java VM: Java HotSpot(TM) 64-Bit Server VM (23.0.1+11-39, mixed mode, sharing, tiered, compressed oops, compressed class ptrs, g1 gc, windows-amd64)
# No core dump will be written. Minidumps are not enabled by default on client versions of Windows
#

---------------  S U M M A R Y ------------

Command Line: -Dclassworlds.conf=C:\Users\abuba\Downloads\apache-maven-3.9.9-bin\apache-maven-3.9.9\bin\m2.conf -Dmaven.home=C:\Users\abuba\Downloads\apache-maven-3.9.9-bin\apache-maven-3.9.9 -Dlibrary.jansi.path=C:\Users\abuba\Downloads\apache-maven-3.9.9-bin\apache-maven-3.9.9\lib\jansi-native -Dmaven.multiModuleProjectDirectory=F:\zeoTap\wrangler org.codehaus.plexus.classworlds.launcher.Launcher clean install -Drat .skip=true

Host: 11th Gen Intel(R) Core(TM) i3-1115G4 @ 3.00GHz, 4 cores, 7G,  Windows 11 , 64 bit Build 26100 (10.0.26100.3323)
Time: Sun Apr 13 12:42:28 2025 India Standard Time elapsed time: 0.294519 seconds (0d 0h 0m 0s)

---------------  T H R E A D  ---------------

Current thread (0x000001d247016070):  JavaThread "main"             [_thread_in_vm, id=10320, stack(0x0000006cdbc00000,0x0000006cdbd00000) (1024K)]

Stack: [0x0000006cdbc00000,0x0000006cdbd00000]
Native frames: (J=compiled Java code, j=interpreted, Vv=VM code, C=native code)
V  [jvm.dll+0x6e08b9]  (no source info available)
V  [jvm.dll+0x87dc83]  (no source info available)
V  [jvm.dll+0x88010e]  (no source info available)
V  [jvm.dll+0x8807e3]  (no source info available)
V  [jvm.dll+0x27aee6]  (no source info available)
V  [jvm.dll+0x87988e]  (no source info available)
V  [jvm.dll+0x682035]  (no source info available)
V  [jvm.dll+0x68209a]  (no source info available)
V  [jvm.dll+0x6848da]  (no source info available)
V  [jvm.dll+0x2219dc]  (no source info available)
V  [jvm.dll+0x682a4e]  (no source info available)
V  [jvm.dll+0x6c08ec]  (no source info available)
V  [jvm.dll+0x3bc21b]  (no source info available)
V  [jvm.dll+0x3bc14d]  (no source info available)
V  [jvm.dll+0x3d2467]  (no source info available)
C  0x000001d25911badc  (no source info available)

The last pc belongs to anewarray (printed below).
Java frames: (J=compiled Java code, j=interpreted, Vv=VM code)
j  java.math.RoundingMode.$values()[Ljava/math/RoundingMode;+2 java.base@23.0.1
j  java.math.RoundingMode.<clinit>()V+116 java.base@23.0.1
v  ~StubRoutines::call_stub 0x000001d259100fcd
j  java.text.DigitList.<init>()V+23 java.base@23.0.1
j  java.text.DecimalFormat.<init>(Ljava/lang/String;Ljava/text/DecimalFormatSymbols;)V+9 java.base@23.0.1
j  sun.util.locale.provider.NumberFormatProviderImpl.getInstance(Ljava/util/Locale;I)Ljava/text/NumberFormat;+118 java.base@23.0.1
j  sun.util.locale.provider.NumberFormatProviderImpl.getIntegerInstance(Ljava/util/Locale;)Ljava/text/NumberFormat;+3 java.base@23.0.1
j  java.text.NumberFormat.getInstance(Lsun/util/locale/provider/LocaleProviderAdapter;Ljava/util/Locale;Ljava/text/NumberFormat$Style;I)Ljava/text/NumberFormat;+74 java.base@23.0.1
j  java.text.NumberFormat.getInstance(Ljava/util/Locale;Ljava/text/NumberFormat$Style;I)Ljava/text/NumberFormat;+11 java.base@23.0.1
j  java.text.NumberFormat.getIntegerInstance(Ljava/util/Locale;)Ljava/text/NumberFormat;+3 java.base@23.0.1
j  java.text.SimpleDateFormat.initialize(Ljava/util/Locale;)V+37 java.base@23.0.1
j  java.text.SimpleDateFormat.<init>(Ljava/lang/String;Ljava/util/Locale;)V+66 java.base@23.0.1
j  org.eclipse.sisu.plexus.PlexusDateTypeConverter.<clinit>()V+15
v  ~StubRoutines::call_stub 0x000001d259100fcd
j  org.codehaus.plexus.DefaultPlexusContainer$DefaultsModule.<init>(Lorg/codehaus/plexus/DefaultPlexusContainer;)V+25
j  org.codehaus.plexus.DefaultPlexusContainer.<init>(Lorg/codehaus/plexus/ContainerConfiguration;[Lcom/google/inject/Module;)V+78
j  org.apache.maven.cli.MavenCli.container(Lorg/apache/maven/cli/CliRequest;)Lorg/codehaus/plexus/PlexusContainer;+279
j  org.apache.maven.cli.MavenCli.doMain(Lorg/apache/maven/cli/CliRequest;)I+34
j  org.apache.maven.cli.MavenCli.main([Ljava/lang/String;Lorg/codehaus/plexus/classworlds/ClassWorld;)I+24
j  java.lang.invoke.DirectMethodHandle$Holder.invokeStatic(Ljava/lang/Object;Ljava/lang/Object;Ljava/lang/Object;)I+11 java.base@23.0.1
j  java.lang.invoke.LambdaForm$MH+0x000001d201009400.invoke(Ljava/lang/Object;Ljava/lang/Object;Ljava/lang/Object;Ljava/lang/Object;)Ljava/lang/Object;+54 java.base@23.0.1
j  java.lang.invoke.LambdaForm$MH+0x000001d201009800.invokeExact_MT(Ljava/lang/Object;Ljava/lang/Object;Ljava/lang/Object;Ljava/lang/Object;Ljava/lang/Object;)Ljava/lang/Object;+22 java.base@23.0.1
j  jdk.internal.reflect.DirectMethodHandleAccessor.invokeImpl(Ljava/lang/Object;[Ljava/lang/Object;)Ljava/lang/Object;+72 java.base@23.0.1
j  jdk.internal.reflect.DirectMethodHandleAccessor.invoke(Ljava/lang/Object;[Ljava/lang/Object;)Ljava/lang/Object;+23 java.base@23.0.1
j  java.lang.reflect.Method.invoke(Ljava/lang/Object;[Ljava/lang/Object;)Ljava/lang/Object;+102 java.base@23.0.1
j  org.codehaus.plexus.classworlds.launcher.Launcher.launchEnhanced([Ljava/lang/String;)V+45
j  org.codehaus.plexus.classworlds.launcher.Launcher.launch([Ljava/lang/String;)V+2
j  org.codehaus.plexus.classworlds.launcher.Launcher.mainWithExitCode([Ljava/lang/String;)I+108
j  org.codehaus.plexus.classworlds.launcher.Launcher.main([Ljava/lang/String;)V+1
v  ~StubRoutines::call_stub 0x000001d259100fcd
Lock stack of current Java thread (top to bottom):

anewarray  189 anewarray  [0x000001d25911ba60, 0x000001d25911bb50]  240 bytes
[MachCode]
  0x000001d25911ba60: 8b04 2448 | 83c4 0845 | 0fb7 4501 | 410f c841 | c1e8 1048 | 8b55 e848 | 8b52 0848 | 8b52 08e8 
  0x000001d25911ba80: 0500 0000 | e9ab 0000 | 004c 8bc8 | 488d 4424 | 084c 896d | c049 8bcf | c5f8 7749 | 89af b003 
  0x000001d25911baa0: 0000 4989 | 87a0 0300 | 0048 83ec | 2040 f6c4 | 0f0f 8419 | 0000 0048 | 83ec 0848 | b8f0 2338 
  0x000001d25911bac0: defa 7f00 | 00ff d048 | 83c4 08e9 | 0c00 0000 | 48b8 f023 | 38de fa7f | 0000 ffd0 | 4883 c420 
  0x000001d25911bae0: 49c7 87a0 | 0300 0000 | 0000 0049 | c787 b003 | 0000 0000 | 0000 49c7 | 87a8 0300 | 0000 0000 
  0x000001d25911bb00: 00c5 f877 | 4983 7f08 | 000f 8405 | 0000 00e9 | ac53 feff | 498b 87f8 | 0300 0049 | c787 f803 
  0x000001d25911bb20: 0000 0000 | 0000 4c8b | 6dc0 4c8b | 75c8 4e8d | 74f5 00c3 | 410f b65d | 0349 83c5 | 0349 ba50 
  0x000001d25911bb40: 76c3 defa | 7f00 0041 | ff24 da0f | 1f44 0000 
[/MachCode]

---------------  P R O C E S S  ---------------

Threads class SMR info:
_java_thread_list=0x000001d2453fc530, length=11, elements={
0x000001d247016070, 0x000001d2657b6bd0, 0x000001d2657b9830, 0x000001d2657c0690,
0x000001d2657ba770, 0x000001d2657c0df0, 0x000001d2657c23c0, 0x000001d2657c5cb0,
0x000001d2657d92a0, 0x000001d24510f3f0, 0x000001d2451206c0
}

Java Threads: ( => current thread )
=>0x000001d247016070 JavaThread "main"                              [_thread_in_vm, id=10320, stack(0x0000006cdbc00000,0x0000006cdbd00000) (1024K)]
  0x000001d2657b6bd0 JavaThread "Reference Handler"          daemon [_thread_blocked, id=10796, stack(0x0000006cdc400000,0x0000006cdc500000) (1024K)]
  0x000001d2657b9830 JavaThread "Finalizer"                  daemon [_thread_blocked, id=14480, stack(0x0000006cdc500000,0x0000006cdc600000) (1024K)]
  0x000001d2657c0690 JavaThread "Signal Dispatcher"          daemon [_thread_blocked, id=4524, stack(0x0000006cdc600000,0x0000006cdc700000) (1024K)]
  0x000001d2657ba770 JavaThread "Attach Listener"            daemon [_thread_blocked, id=17660, stack(0x0000006cdc700000,0x0000006cdc800000) (1024K)]
  0x000001d2657c0df0 JavaThread "Service Thread"             daemon [_thread_blocked, id=16944, stack(0x0000006cdc800000,0x0000006cdc900000) (1024K)]
  0x000001d2657c23c0 JavaThread "Monitor Deflation Thread"   daemon [_thread_blocked, id=17996, stack(0x0000006cdc900000,0x0000006cdca00000) (1024K)]
  0x000001d2657c5cb0 JavaThread "C2 CompilerThread0"         daemon [_thread_blocked, id=16908, stack(0x0000006cdca00000,0x0000006cdcb00000) (1024K)]
  0x000001d2657d92a0 JavaThread "C1 CompilerThread0"         daemon [_thread_in_vm, id=16572, stack(0x0000006cdcb00000,0x0000006cdcc00000) (1024K)]
  0x000001d24510f3f0 JavaThread "Notification Thread"        daemon [_thread_blocked, id=16836, stack(0x0000006cdcc00000,0x0000006cdcd00000) (1024K)]
  0x000001d2451206c0 JavaThread "Common-Cleaner"             daemon [_thread_blocked, id=3552, stack(0x0000006cdcd00000,0x0000006cdce00000) (1024K)]
Total: 11

Other Threads:
  0x000001d26579c920 VMThread "VM Thread"                           [id=17432, stack(0x0000006cdc300000,0x0000006cdc400000) (1024K)]
  0x000001d265784270 WatcherThread "VM Periodic Task Thread"        [id=15288, stack(0x0000006cdc200000,0x0000006cdc300000) (1024K)]
  0x000001d2494f01b0 WorkerThread "GC Thread#0"                     [id=15532, stack(0x0000006cdbd00000,0x0000006cdbe00000) (1024K)]
  0x000001d249505950 ConcurrentGCThread "G1 Main Marker"            [id=8828, stack(0x0000006cdbe00000,0x0000006cdbf00000) (1024K)]
  0x000001d249506c00 WorkerThread "G1 Conc#0"                       [id=16440, stack(0x0000006cdbf00000,0x0000006cdc000000) (1024K)]
  0x000001d24955e840 ConcurrentGCThread "G1 Refine#0"               [id=18436, stack(0x0000006cdc000000,0x0000006cdc100000) (1024K)]
  0x000001d265653550 ConcurrentGCThread "G1 Service"                [id=10452, stack(0x0000006cdc100000,0x0000006cdc200000) (1024K)]
Total: 7

Threads with active compile tasks:
C1 CompilerThread0  342  724       3       sun.util.locale.LanguageTag::isRegion (36 bytes)
Total: 1

VM state: not at safepoint (normal execution)

VM Mutex/Monitor currently owned by a thread:  ([mutex/lock_event])
[0x00007ffadec21890] Metaspace_lock - owner thread: 0x000001d247016070

Heap address: 0x0000000083200000, size: 1998 MB, Compressed Oops mode: 32-bit

CDS archive(s) mapped at: [0x000001d200000000-0x000001d200d70000-0x000001d200d70000), size 14090240, SharedBaseAddress: 0x000001d200000000, ArchiveRelocationMode: 1.
Compressed class space mapped at: 0x000001d201000000-0x000001d241000000, reserved size: 1073741824
Narrow klass base: 0x000001d200000000, Narrow klass shift: 0, Narrow klass range: 0x41000000

GC Precious Log:
 CardTable entry size: 512
 Card Set container configuration: InlinePtr #cards 5 size 8 Array Of Cards #cards 10 size 36 Howl #buckets 4 coarsen threshold 1843 Howl Bitmap #cards 512 size 80 coarsen threshold 460 Card regions per heap region 1 cards per card region 2048
 CPUs: 4 total, 4 available
 Memory: 7991M
 Large Page Support: Disabled
 NUMA Support: Disabled
 Compressed Oops: Enabled (32-bit)
 Heap Region Size: 1M
 Heap Min Capacity: 8M
 Heap Initial Capacity: 126M
 Heap Max Capacity: 1998M
 Pre-touch: Disabled
 Parallel Workers: 4
 Concurrent Workers: 1
 Concurrent Refinement Workers: 4
 Periodic GC: Disabled

Heap:
 garbage-first heap   total reserved 2045952K, committed 129024K, used 9216K [0x0000000083200000, 0x0000000100000000)
  region size 1024K, 10 young (10240K), 0 survivors (0K)
 Metaspace       used 2684K, committed 2880K, reserved 1114112K
  class space    used 263K, committed 320K, reserved 1048576K

Heap Regions: E=young(eden), S=young(survivor), O=old, HS=humongous(starts), HC=humongous(continues), CS=collection set, F=free, TAMS=top-at-mark-start, PB=parsable bottom
|   0|0x0000000083200000, 0x0000000083200000, 0x0000000083300000|  0%| F|  |TAMS 0x0000000083200000| PB 0x0000000083200000| Untracked |  0
|   1|0x0000000083300000, 0x0000000083300000, 0x0000000083400000|  0%| F|  |TAMS 0x0000000083300000| PB 0x0000000083300000| Untracked |  0
|   2|0x0000000083400000, 0x0000000083400000, 0x0000000083500000|  0%| F|  |TAMS 0x0000000083400000| PB 0x0000000083400000| Untracked |  0
|   3|0x0000000083500000, 0x0000000083500000, 0x0000000083600000|  0%| F|  |TAMS 0x0000000083500000| PB 0x0000000083500000| Untracked |  0
|   4|0x0000000083600000, 0x0000000083600000, 0x0000000083700000|  0%| F|  |TAMS 0x0000000083600000| PB 0x0000000083600000| Untracked |  0
|   5|0x0000000083700000, 0x0000000083700000, 0x0000000083800000|  0%| F|  |TAMS 0x0000000083700000| PB 0x0000000083700000| Untracked |  0
|   6|0x0000000083800000, 0x0000000083800000, 0x0000000083900000|  0%| F|  |TAMS 0x0000000083800000| PB 0x0000000083800000| Untracked |  0
|   7|0x0000000083900000, 0x0000000083900000, 0x0000000083a00000|  0%| F|  |TAMS 0x0000000083900000| PB 0x0000000083900000| Untracked |  0
|   8|0x0000000083a00000, 0x0000000083a00000, 0x0000000083b00000|  0%| F|  |TAMS 0x0000000083a00000| PB 0x0000000083a00000| Untracked |  0
|   9|0x0000000083b00000, 0x0000000083b00000, 0x0000000083c00000|  0%| F|  |TAMS 0x0000000083b00000| PB 0x0000000083b00000| Untracked |  0
|  10|0x0000000083c00000, 0x0000000083c00000, 0x0000000083d00000|  0%| F|  |TAMS 0x0000000083c00000| PB 0x0000000083c00000| Untracked |  0
|  11|0x0000000083d00000, 0x0000000083d00000, 0x0000000083e00000|  0%| F|  |TAMS 0x0000000083d00000| PB 0x0000000083d00000| Untracked |  0
|  12|0x0000000083e00000, 0x0000000083e00000, 0x0000000083f00000|  0%| F|  |TAMS 0x0000000083e00000| PB 0x0000000083e00000| Untracked |  0
|  13|0x0000000083f00000, 0x0000000083f00000, 0x0000000084000000|  0%| F|  |TAMS 0x0000000083f00000| PB 0x0000000083f00000| Untracked |  0
|  14|0x0000000084000000, 0x0000000084000000, 0x0000000084100000|  0%| F|  |TAMS 0x0000000084000000| PB 0x0000000084000000| Untracked |  0
|  15|0x0000000084100000, 0x0000000084100000, 0x0000000084200000|  0%| F|  |TAMS 0x0000000084100000| PB 0x0000000084100000| Untracked |  0
|  16|0x0000000084200000, 0x0000000084200000, 0x0000000084300000|  0%| F|  |TAMS 0x0000000084200000| PB 0x0000000084200000| Untracked |  0
|  17|0x0000000084300000, 0x0000000084300000, 0x0000000084400000|  0%| F|  |TAMS 0x0000000084300000| PB 0x0000000084300000| Untracked |  0
|  18|0x0000000084400000, 0x0000000084400000, 0x0000000084500000|  0%| F|  |TAMS 0x0000000084400000| PB 0x0000000084400000| Untracked |  0
|  19|0x0000000084500000, 0x0000000084500000, 0x0000000084600000|  0%| F|  |TAMS 0x0000000084500000| PB 0x0000000084500000| Untracked |  0
|  20|0x0000000084600000, 0x0000000084600000, 0x0000000084700000|  0%| F|  |TAMS 0x0000000084600000| PB 0x0000000084600000| Untracked |  0
|  21|0x0000000084700000, 0x0000000084700000, 0x0000000084800000|  0%| F|  |TAMS 0x0000000084700000| PB 0x0000000084700000| Untracked |  0
|  22|0x0000000084800000, 0x0000000084800000, 0x0000000084900000|  0%| F|  |TAMS 0x0000000084800000| PB 0x0000000084800000| Untracked |  0
|  23|0x0000000084900000, 0x0000000084900000, 0x0000000084a00000|  0%| F|  |TAMS 0x0000000084900000| PB 0x0000000084900000| Untracked |  0
|  24|0x0000000084a00000, 0x0000000084a00000, 0x0000000084b00000|  0%| F|  |TAMS 0x0000000084a00000| PB 0x0000000084a00000| Untracked |  0
|  25|0x0000000084b00000, 0x0000000084b00000, 0x0000000084c00000|  0%| F|  |TAMS 0x0000000084b00000| PB 0x0000000084b00000| Untracked |  0
|  26|0x0000000084c00000, 0x0000000084c00000, 0x0000000084d00000|  0%| F|  |TAMS 0x0000000084c00000| PB 0x0000000084c00000| Untracked |  0
|  27|0x0000000084d00000, 0x0000000084d00000, 0x0000000084e00000|  0%| F|  |TAMS 0x0000000084d00000| PB 0x0000000084d00000| Untracked |  0
|  28|0x0000000084e00000, 0x0000000084e00000, 0x0000000084f00000|  0%| F|  |TAMS 0x0000000084e00000| PB 0x0000000084e00000| Untracked |  0
|  29|0x0000000084f00000, 0x0000000084f00000, 0x0000000085000000|  0%| F|  |TAMS 0x0000000084f00000| PB 0x0000000084f00000| Untracked |  0
|  30|0x0000000085000000, 0x0000000085000000, 0x0000000085100000|  0%| F|  |TAMS 0x0000000085000000| PB 0x0000000085000000| Untracked |  0
|  31|0x0000000085100000, 0x0000000085100000, 0x0000000085200000|  0%| F|  |TAMS 0x0000000085100000| PB 0x0000000085100000| Untracked |  0
|  32|0x0000000085200000, 0x0000000085200000, 0x0000000085300000|  0%| F|  |TAMS 0x0000000085200000| PB 0x0000000085200000| Untracked |  0
|  33|0x0000000085300000, 0x0000000085300000, 0x0000000085400000|  0%| F|  |TAMS 0x0000000085300000| PB 0x0000000085300000| Untracked |  0
|  34|0x0000000085400000, 0x0000000085400000, 0x0000000085500000|  0%| F|  |TAMS 0x0000000085400000| PB 0x0000000085400000| Untracked |  0
|  35|0x0000000085500000, 0x0000000085500000, 0x0000000085600000|  0%| F|  |TAMS 0x0000000085500000| PB 0x0000000085500000| Untracked |  0
|  36|0x0000000085600000, 0x0000000085600000, 0x0000000085700000|  0%| F|  |TAMS 0x0000000085600000| PB 0x0000000085600000| Untracked |  0
|  37|0x0000000085700000, 0x0000000085700000, 0x0000000085800000|  0%| F|  |TAMS 0x0000000085700000| PB 0x0000000085700000| Untracked |  0
|  38|0x0000000085800000, 0x0000000085800000, 0x0000000085900000|  0%| F|  |TAMS 0x0000000085800000| PB 0x0000000085800000| Untracked |  0
|  39|0x0000000085900000, 0x0000000085900000, 0x0000000085a00000|  0%| F|  |TAMS 0x0000000085900000| PB 0x0000000085900000| Untracked |  0
|  40|0x0000000085a00000, 0x0000000085a00000, 0x0000000085b00000|  0%| F|  |TAMS 0x0000000085a00000| PB 0x0000000085a00000| Untracked |  0
|  41|0x0000000085b00000, 0x0000000085b00000, 0x0000000085c00000|  0%| F|  |TAMS 0x0000000085b00000| PB 0x0000000085b00000| Untracked |  0
|  42|0x0000000085c00000, 0x0000000085c00000, 0x0000000085d00000|  0%| F|  |TAMS 0x0000000085c00000| PB 0x0000000085c00000| Untracked |  0
|  43|0x0000000085d00000, 0x0000000085d00000, 0x0000000085e00000|  0%| F|  |TAMS 0x0000000085d00000| PB 0x0000000085d00000| Untracked |  0
|  44|0x0000000085e00000, 0x0000000085e00000, 0x0000000085f00000|  0%| F|  |TAMS 0x0000000085e00000| PB 0x0000000085e00000| Untracked |  0
|  45|0x0000000085f00000, 0x0000000085f00000, 0x0000000086000000|  0%| F|  |TAMS 0x0000000085f00000| PB 0x0000000085f00000| Untracked |  0
|  46|0x0000000086000000, 0x0000000086000000, 0x0000000086100000|  0%| F|  |TAMS 0x0000000086000000| PB 0x0000000086000000| Untracked |  0
|  47|0x0000000086100000, 0x0000000086100000, 0x0000000086200000|  0%| F|  |TAMS 0x0000000086100000| PB 0x0000000086100000| Untracked |  0
|  48|0x0000000086200000, 0x0000000086200000, 0x0000000086300000|  0%| F|  |TAMS 0x0000000086200000| PB 0x0000000086200000| Untracked |  0
|  49|0x0000000086300000, 0x0000000086300000, 0x0000000086400000|  0%| F|  |TAMS 0x0000000086300000| PB 0x0000000086300000| Untracked |  0
|  50|0x0000000086400000, 0x0000000086400000, 0x0000000086500000|  0%| F|  |TAMS 0x0000000086400000| PB 0x0000000086400000| Untracked |  0
|  51|0x0000000086500000, 0x0000000086500000, 0x0000000086600000|  0%| F|  |TAMS 0x0000000086500000| PB 0x0000000086500000| Untracked |  0
|  52|0x0000000086600000, 0x0000000086600000, 0x0000000086700000|  0%| F|  |TAMS 0x0000000086600000| PB 0x0000000086600000| Untracked |  0
|  53|0x0000000086700000, 0x0000000086700000, 0x0000000086800000|  0%| F|  |TAMS 0x0000000086700000| PB 0x0000000086700000| Untracked |  0
|  54|0x0000000086800000, 0x0000000086800000, 0x0000000086900000|  0%| F|  |TAMS 0x0000000086800000| PB 0x0000000086800000| Untracked |  0
|  55|0x0000000086900000, 0x0000000086900000, 0x0000000086a00000|  0%| F|  |TAMS 0x0000000086900000| PB 0x0000000086900000| Untracked |  0
|  56|0x0000000086a00000, 0x0000000086a00000, 0x0000000086b00000|  0%| F|  |TAMS 0x0000000086a00000| PB 0x0000000086a00000| Untracked |  0
|  57|0x0000000086b00000, 0x0000000086b00000, 0x0000000086c00000|  0%| F|  |TAMS 0x0000000086b00000| PB 0x0000000086b00000| Untracked |  0
|  58|0x0000000086c00000, 0x0000000086c00000, 0x0000000086d00000|  0%| F|  |TAMS 0x0000000086c00000| PB 0x0000000086c00000| Untracked |  0
|  59|0x0000000086d00000, 0x0000000086d00000, 0x0000000086e00000|  0%| F|  |TAMS 0x0000000086d00000| PB 0x0000000086d00000| Untracked |  0
|  60|0x0000000086e00000, 0x0000000086e00000, 0x0000000086f00000|  0%| F|  |TAMS 0x0000000086e00000| PB 0x0000000086e00000| Untracked |  0
|  61|0x0000000086f00000, 0x0000000086f00000, 0x0000000087000000|  0%| F|  |TAMS 0x0000000086f00000| PB 0x0000000086f00000| Untracked |  0
|  62|0x0000000087000000, 0x0000000087000000, 0x0000000087100000|  0%| F|  |TAMS 0x0000000087000000| PB 0x0000000087000000| Untracked |  0
|  63|0x0000000087100000, 0x0000000087100000, 0x0000000087200000|  0%| F|  |TAMS 0x0000000087100000| PB 0x0000000087100000| Untracked |  0
|  64|0x0000000087200000, 0x0000000087200000, 0x0000000087300000|  0%| F|  |TAMS 0x0000000087200000| PB 0x0000000087200000| Untracked |  0
|  65|0x0000000087300000, 0x0000000087300000, 0x0000000087400000|  0%| F|  |TAMS 0x0000000087300000| PB 0x0000000087300000| Untracked |  0
|  66|0x0000000087400000, 0x0000000087400000, 0x0000000087500000|  0%| F|  |TAMS 0x0000000087400000| PB 0x0000000087400000| Untracked |  0
|  67|0x0000000087500000, 0x0000000087500000, 0x0000000087600000|  0%| F|  |TAMS 0x0000000087500000| PB 0x0000000087500000| Untracked |  0
|  68|0x0000000087600000, 0x0000000087600000, 0x0000000087700000|  0%| F|  |TAMS 0x0000000087600000| PB 0x0000000087600000| Untracked |  0
|  69|0x0000000087700000, 0x0000000087700000, 0x0000000087800000|  0%| F|  |TAMS 0x0000000087700000| PB 0x0000000087700000| Untracked |  0
|  70|0x0000000087800000, 0x0000000087800000, 0x0000000087900000|  0%| F|  |TAMS 0x0000000087800000| PB 0x0000000087800000| Untracked |  0
|  71|0x0000000087900000, 0x0000000087900000, 0x0000000087a00000|  0%| F|  |TAMS 0x0000000087900000| PB 0x0000000087900000| Untracked |  0
|  72|0x0000000087a00000, 0x0000000087a00000, 0x0000000087b00000|  0%| F|  |TAMS 0x0000000087a00000| PB 0x0000000087a00000| Untracked |  0
|  73|0x0000000087b00000, 0x0000000087b00000, 0x0000000087c00000|  0%| F|  |TAMS 0x0000000087b00000| PB 0x0000000087b00000| Untracked |  0
|  74|0x0000000087c00000, 0x0000000087c00000, 0x0000000087d00000|  0%| F|  |TAMS 0x0000000087c00000| PB 0x0000000087c00000| Untracked |  0
|  75|0x0000000087d00000, 0x0000000087d00000, 0x0000000087e00000|  0%| F|  |TAMS 0x0000000087d00000| PB 0x0000000087d00000| Untracked |  0
|  76|0x0000000087e00000, 0x0000000087e00000, 0x0000000087f00000|  0%| F|  |TAMS 0x0000000087e00000| PB 0x0000000087e00000| Untracked |  0
|  77|0x0000000087f00000, 0x0000000087f00000, 0x0000000088000000|  0%| F|  |TAMS 0x0000000087f00000| PB 0x0000000087f00000| Untracked |  0
|  78|0x0000000088000000, 0x0000000088000000, 0x0000000088100000|  0%| F|  |TAMS 0x0000000088000000| PB 0x0000000088000000| Untracked |  0
|  79|0x0000000088100000, 0x0000000088100000, 0x0000000088200000|  0%| F|  |TAMS 0x0000000088100000| PB 0x0000000088100000| Untracked |  0
|  80|0x0000000088200000, 0x0000000088200000, 0x0000000088300000|  0%| F|  |TAMS 0x0000000088200000| PB 0x0000000088200000| Untracked |  0
|  81|0x0000000088300000, 0x0000000088300000, 0x0000000088400000|  0%| F|  |TAMS 0x0000000088300000| PB 0x0000000088300000| Untracked |  0
|  82|0x0000000088400000, 0x0000000088400000, 0x0000000088500000|  0%| F|  |TAMS 0x0000000088400000| PB 0x0000000088400000| Untracked |  0
|  83|0x0000000088500000, 0x0000000088500000, 0x0000000088600000|  0%| F|  |TAMS 0x0000000088500000| PB 0x0000000088500000| Untracked |  0
|  84|0x0000000088600000, 0x0000000088600000, 0x0000000088700000|  0%| F|  |TAMS 0x0000000088600000| PB 0x0000000088600000| Untracked |  0
|  85|0x0000000088700000, 0x0000000088700000, 0x0000000088800000|  0%| F|  |TAMS 0x0000000088700000| PB 0x0000000088700000| Untracked |  0
|  86|0x0000000088800000, 0x0000000088800000, 0x0000000088900000|  0%| F|  |TAMS 0x0000000088800000| PB 0x0000000088800000| Untracked |  0
|  87|0x0000000088900000, 0x0000000088900000, 0x0000000088a00000|  0%| F|  |TAMS 0x0000000088900000| PB 0x0000000088900000| Untracked |  0
|  88|0x0000000088a00000, 0x0000000088a00000, 0x0000000088b00000|  0%| F|  |TAMS 0x0000000088a00000| PB 0x0000000088a00000| Untracked |  0
|  89|0x0000000088b00000, 0x0000000088b00000, 0x0000000088c00000|  0%| F|  |TAMS 0x0000000088b00000| PB 0x0000000088b00000| Untracked |  0
|  90|0x0000000088c00000, 0x0000000088c00000, 0x0000000088d00000|  0%| F|  |TAMS 0x0000000088c00000| PB 0x0000000088c00000| Untracked |  0
|  91|0x0000000088d00000, 0x0000000088d00000, 0x0000000088e00000|  0%| F|  |TAMS 0x0000000088d00000| PB 0x0000000088d00000| Untracked |  0
|  92|0x0000000088e00000, 0x0000000088e00000, 0x0000000088f00000|  0%| F|  |TAMS 0x0000000088e00000| PB 0x0000000088e00000| Untracked |  0
|  93|0x0000000088f00000, 0x0000000088f00000, 0x0000000089000000|  0%| F|  |TAMS 0x0000000088f00000| PB 0x0000000088f00000| Untracked |  0
|  94|0x0000000089000000, 0x0000000089000000, 0x0000000089100000|  0%| F|  |TAMS 0x0000000089000000| PB 0x0000000089000000| Untracked |  0
|  95|0x0000000089100000, 0x0000000089100000, 0x0000000089200000|  0%| F|  |TAMS 0x0000000089100000| PB 0x0000000089100000| Untracked |  0
|  96|0x0000000089200000, 0x0000000089200000, 0x0000000089300000|  0%| F|  |TAMS 0x0000000089200000| PB 0x0000000089200000| Untracked |  0
|  97|0x0000000089300000, 0x0000000089300000, 0x0000000089400000|  0%| F|  |TAMS 0x0000000089300000| PB 0x0000000089300000| Untracked |  0
|  98|0x0000000089400000, 0x0000000089400000, 0x0000000089500000|  0%| F|  |TAMS 0x0000000089400000| PB 0x0000000089400000| Untracked |  0
|  99|0x0000000089500000, 0x0000000089500000, 0x0000000089600000|  0%| F|  |TAMS 0x0000000089500000| PB 0x0000000089500000| Untracked |  0
| 100|0x0000000089600000, 0x0000000089600000, 0x0000000089700000|  0%| F|  |TAMS 0x0000000089600000| PB 0x0000000089600000| Untracked |  0
| 101|0x0000000089700000, 0x0000000089700000, 0x0000000089800000|  0%| F|  |TAMS 0x0000000089700000| PB 0x0000000089700000| Untracked |  0
| 102|0x0000000089800000, 0x0000000089800000, 0x0000000089900000|  0%| F|  |TAMS 0x0000000089800000| PB 0x0000000089800000| Untracked |  0
| 103|0x0000000089900000, 0x0000000089900000, 0x0000000089a00000|  0%| F|  |TAMS 0x0000000089900000| PB 0x0000000089900000| Untracked |  0
| 104|0x0000000089a00000, 0x0000000089a00000, 0x0000000089b00000|  0%| F|  |TAMS 0x0000000089a00000| PB 0x0000000089a00000| Untracked |  0
| 105|0x0000000089b00000, 0x0000000089b00000, 0x0000000089c00000|  0%| F|  |TAMS 0x0000000089b00000| PB 0x0000000089b00000| Untracked |  0
| 106|0x0000000089c00000, 0x0000000089c00000, 0x0000000089d00000|  0%| F|  |TAMS 0x0000000089c00000| PB 0x0000000089c00000| Untracked |  0
| 107|0x0000000089d00000, 0x0000000089d00000, 0x0000000089e00000|  0%| F|  |TAMS 0x0000000089d00000| PB 0x0000000089d00000| Untracked |  0
| 108|0x0000000089e00000, 0x0000000089e00000, 0x0000000089f00000|  0%| F|  |TAMS 0x0000000089e00000| PB 0x0000000089e00000| Untracked |  0
| 109|0x0000000089f00000, 0x0000000089f00000, 0x000000008a000000|  0%| F|  |TAMS 0x0000000089f00000| PB 0x0000000089f00000| Untracked |  0
| 110|0x000000008a000000, 0x000000008a000000, 0x000000008a100000|  0%| F|  |TAMS 0x000000008a000000| PB 0x000000008a000000| Untracked |  0
| 111|0x000000008a100000, 0x000000008a100000, 0x000000008a200000|  0%| F|  |TAMS 0x000000008a100000| PB 0x000000008a100000| Untracked |  0
| 112|0x000000008a200000, 0x000000008a200000, 0x000000008a300000|  0%| F|  |TAMS 0x000000008a200000| PB 0x000000008a200000| Untracked |  0
| 113|0x000000008a300000, 0x000000008a300000, 0x000000008a400000|  0%| F|  |TAMS 0x000000008a300000| PB 0x000000008a300000| Untracked |  0
| 114|0x000000008a400000, 0x000000008a400000, 0x000000008a500000|  0%| F|  |TAMS 0x000000008a400000| PB 0x000000008a400000| Untracked |  0
| 115|0x000000008a500000, 0x000000008a500000, 0x000000008a600000|  0%| F|  |TAMS 0x000000008a500000| PB 0x000000008a500000| Untracked |  0
| 116|0x000000008a600000, 0x000000008a648e38, 0x000000008a700000| 28%| E|  |TAMS 0x000000008a600000| PB 0x000000008a600000| Complete |  0
| 117|0x000000008a700000, 0x000000008a800000, 0x000000008a800000|100%| E|CS|TAMS 0x000000008a700000| PB 0x000000008a700000| Complete |  0
| 118|0x000000008a800000, 0x000000008a900000, 0x000000008a900000|100%| E|CS|TAMS 0x000000008a800000| PB 0x000000008a800000| Complete |  0
| 119|0x000000008a900000, 0x000000008aa00000, 0x000000008aa00000|100%| E|CS|TAMS 0x000000008a900000| PB 0x000000008a900000| Complete |  0
| 120|0x000000008aa00000, 0x000000008ab00000, 0x000000008ab00000|100%| E|CS|TAMS 0x000000008aa00000| PB 0x000000008aa00000| Complete |  0
| 121|0x000000008ab00000, 0x000000008ac00000, 0x000000008ac00000|100%| E|CS|TAMS 0x000000008ab00000| PB 0x000000008ab00000| Complete |  0
| 122|0x000000008ac00000, 0x000000008ad00000, 0x000000008ad00000|100%| E|CS|TAMS 0x000000008ac00000| PB 0x000000008ac00000| Complete |  0
| 123|0x000000008ad00000, 0x000000008ae00000, 0x000000008ae00000|100%| E|CS|TAMS 0x000000008ad00000| PB 0x000000008ad00000| Complete |  0
| 124|0x000000008ae00000, 0x000000008af00000, 0x000000008af00000|100%| E|CS|TAMS 0x000000008ae00000| PB 0x000000008ae00000| Complete |  0
| 125|0x000000008af00000, 0x000000008b000000, 0x000000008b000000|100%| E|CS|TAMS 0x000000008af00000| PB 0x000000008af00000| Complete |  0

Card table byte_map: [0x000001d260fc0000,0x000001d2613b0000] _byte_map_base: 0x000001d260ba7000

Marking Bits: (CMBitMap*) 0x000001d2494f08c0
 Bits: [0x000001d2613b0000, 0x000001d2632e8000)

Polling page: 0x000001d247280000

Metaspace:

Usage:
  Non-class:      2.36 MB used.
      Class:    263.94 KB used.
       Both:      2.62 MB used.

Virtual space:
  Non-class space:       64.00 MB reserved,       2.50 MB (  4%) committed,  1 nodes.
      Class space:        1.00 GB reserved,     320.00 KB ( <1%) committed,  1 nodes.
             Both:        1.06 GB reserved,       2.81 MB ( <1%) committed. 

Chunk freelists:
   Non-Class:  11.00 MB
       Class:  15.60 MB
        Both:  26.59 MB

MaxMetaspaceSize: unlimited
CompressedClassSpaceSize: 1.00 GB
Initial GC threshold: 21.00 MB
Current GC threshold: 21.00 MB
CDS: on
 - commit_granule_bytes: 65536.
 - commit_granule_words: 8192.
 - virtual_space_node_default_size: 8388608.
 - enlarge_chunks_in_place: 1.
 - use_allocation_guard: 0.


Internal statistics:

num_allocs_failed_limit: 0.
num_arena_births: 44.
num_arena_deaths: 0.
num_vsnodes_births: 2.
num_vsnodes_deaths: 0.
num_space_committed: 45.
num_space_uncommitted: 0.
num_chunks_returned_to_freelist: 0.
num_chunks_taken_from_freelist: 100.
num_chunk_merges: 0.
num_chunk_splits: 66.
num_chunks_enlarged: 50.
num_inconsistent_stats: 0.

CodeHeap 'non-profiled nmethods': size=120064Kb used=206Kb max_used=206Kb free=119857Kb
 bounds [0x000001d259690000, 0x000001d259900000, 0x000001d260bd0000]
CodeHeap 'profiled nmethods': size=120000Kb used=984Kb max_used=984Kb free=119015Kb
 bounds [0x000001d251bd0000, 0x000001d251e40000, 0x000001d259100000]
CodeHeap 'non-nmethods': size=5696Kb used=1440Kb max_used=1443Kb free=4255Kb
 bounds [0x000001d259100000, 0x000001d259370000, 0x000001d259690000]
CodeCache: size=245760Kb, used=2630Kb, max_used=2633Kb, free=243127Kb
 total_blobs=1209, nmethods=755, adapters=360, full_count=0
Compilation: enabled, stopped_count=0, restarted_count=0

Compilation events (20 events):
Event: 0.289 Thread 0x000001d2657d92a0  751       3       sun.util.locale.provider.LocaleProviderAdapter$$Lambda/0x80000006d::apply (8 bytes)
Event: 0.290 Thread 0x000001d2657d92a0 nmethod 751 0x000001d251cc2f08 code [0x000001d251cc3040, 0x000001d251cc3250]
Event: 0.290 Thread 0x000001d2657d92a0  752       3       sun.util.locale.provider.LocaleProviderAdapter::lambda$toLocaleArray$0 (135 bytes)
Event: 0.290 Thread 0x000001d2657d92a0 nmethod 752 0x000001d251cc3288 code [0x000001d251cc3440, 0x000001d251cc3af0]
Event: 0.290 Thread 0x000001d2657d92a0  756       3       java.lang.AbstractStringBuilder::append (77 bytes)
Event: 0.290 Thread 0x000001d2657c5cb0 nmethod 749 0x000001d2596c3108 code [0x000001d2596c3280, 0x000001d2596c37b0]
Event: 0.290 Thread 0x000001d2657c5cb0  757       4       java.lang.StringUTF16::getChar (60 bytes)
Event: 0.290 Thread 0x000001d2657d92a0 nmethod 756 0x000001d251cc3b08 code [0x000001d251cc3ca0, 0x000001d251cc4330]
Event: 0.290 Thread 0x000001d2657d92a0  753       3       java.util.stream.DistinctOps$1$2::accept (24 bytes)
Event: 0.290 Thread 0x000001d2657d92a0 nmethod 753 0x000001d251cc4388 code [0x000001d251cc44c0, 0x000001d251cc47a8]
Event: 0.290 Thread 0x000001d2657d92a0  754       3       java.util.stream.Nodes$SpinedNodeBuilder::accept (29 bytes)
Event: 0.290 Thread 0x000001d2657d92a0 nmethod 754 0x000001d251cc4808 code [0x000001d251cc4920, 0x000001d251cc4a70]
Event: 0.290 Thread 0x000001d2657d92a0  737       3       sun.util.locale.LanguageTag::getVariants (24 bytes)
Event: 0.291 Thread 0x000001d2657d92a0 nmethod 737 0x000001d251cc4b08 code [0x000001d251cc4c60, 0x000001d251cc4f30]
Event: 0.291 Thread 0x000001d2657d92a0  740       3       sun.util.locale.LanguageTag::getExtensions (24 bytes)
Event: 0.291 Thread 0x000001d2657d92a0 nmethod 740 0x000001d251cc4f88 code [0x000001d251cc50e0, 0x000001d251cc53b0]
Event: 0.291 Thread 0x000001d2657c5cb0 nmethod 757 0x000001d2596c3808 code [0x000001d2596c3900, 0x000001d2596c39e8]
Event: 0.291 Thread 0x000001d2657d92a0  723       3       sun.util.locale.LanguageTag::isScript (21 bytes)
Event: 0.291 Thread 0x000001d2657d92a0 nmethod 723 0x000001d251cc5408 code [0x000001d251cc55e0, 0x000001d251cc5fe0]
Event: 0.291 Thread 0x000001d2657d92a0  724       3       sun.util.locale.LanguageTag::isRegion (36 bytes)

GC Heap History (0 events):
No events

Dll operation events (8 events):
Event: 0.007 Loaded shared library C:\Program Files\Java\jdk-23\bin\java.dll
Event: 0.037 Loaded shared library C:\Program Files\Java\jdk-23\bin\jsvml.dll
Event: 0.054 Loaded shared library C:\Program Files\Java\jdk-23\bin\net.dll
Event: 0.055 Loaded shared library C:\Program Files\Java\jdk-23\bin\nio.dll
Event: 0.058 Loaded shared library C:\Program Files\Java\jdk-23\bin\zip.dll
Event: 0.156 Loaded shared library C:\Program Files\Java\jdk-23\bin\jimage.dll
Event: 0.157 Loaded shared library C:\Users\abuba\Downloads\apache-maven-3.9.9-bin\apache-maven-3.9.9\lib\jansi-native\Windows\x86_64\jansi.dll
Event: 0.172 Loaded shared library C:\Program Files\Java\jdk-23\bin\verify.dll

Deoptimization events (20 events):
Event: 0.146 Thread 0x000001d247016070 DEOPT PACKING pc=0x000001d251c0cc41 sp=0x0000006cdbcfcd50
Event: 0.146 Thread 0x000001d247016070 DEOPT UNPACKING pc=0x000001d2591584c2 sp=0x0000006cdbcfc1c0 mode 0
Event: 0.220 Thread 0x000001d247016070 DEOPT PACKING pc=0x000001d251c0cc41 sp=0x0000006cdbcfe6e0
Event: 0.220 Thread 0x000001d247016070 DEOPT UNPACKING pc=0x000001d2591584c2 sp=0x0000006cdbcfdb50 mode 0
Event: 0.225 Thread 0x000001d247016070 DEOPT PACKING pc=0x000001d251c0cc41 sp=0x0000006cdbcfe150
Event: 0.225 Thread 0x000001d247016070 DEOPT UNPACKING pc=0x000001d2591584c2 sp=0x0000006cdbcfd5d8 mode 0
Event: 0.238 Thread 0x000001d247016070 DEOPT PACKING pc=0x000001d251c0cc41 sp=0x0000006cdbcfa100
Event: 0.238 Thread 0x000001d247016070 DEOPT UNPACKING pc=0x000001d2591584c2 sp=0x0000006cdbcf9570 mode 0
Event: 0.289 Thread 0x000001d247016070 Uncommon trap: trap_request=0xffffff45 fr.pc=0x000001d2596a1abc relative=0x00000000000004fc
Event: 0.289 Thread 0x000001d247016070 Uncommon trap: reason=unstable_if action=reinterpret pc=0x000001d2596a1abc method=java.lang.StringLatin1.canEncode(C)Z @ 4 c2
Event: 0.289 Thread 0x000001d247016070 DEOPT PACKING pc=0x000001d2596a1abc sp=0x0000006cdbcfe240
Event: 0.289 Thread 0x000001d247016070 DEOPT UNPACKING pc=0x000001d259157982 sp=0x0000006cdbcfe170 mode 2
Event: 0.289 Thread 0x000001d247016070 Uncommon trap: trap_request=0xffffff45 fr.pc=0x000001d2596b77a0 relative=0x00000000000004e0
Event: 0.289 Thread 0x000001d247016070 Uncommon trap: reason=unstable_if action=reinterpret pc=0x000001d2596b77a0 method=java.lang.AbstractStringBuilder.isLatin1()Z @ 10 c2
Event: 0.289 Thread 0x000001d247016070 DEOPT PACKING pc=0x000001d2596b77a0 sp=0x0000006cdbcfe260
Event: 0.289 Thread 0x000001d247016070 DEOPT UNPACKING pc=0x000001d259157982 sp=0x0000006cdbcfe1f0 mode 2
Event: 0.289 Thread 0x000001d247016070 Uncommon trap: trap_request=0xffffff45 fr.pc=0x000001d2596a645c relative=0x000000000000005c
Event: 0.289 Thread 0x000001d247016070 Uncommon trap: reason=unstable_if action=reinterpret pc=0x000001d2596a645c method=java.lang.AbstractStringBuilder.isLatin1()Z @ 10 c2
Event: 0.289 Thread 0x000001d247016070 DEOPT PACKING pc=0x000001d2596a645c sp=0x0000006cdbcfe260
Event: 0.289 Thread 0x000001d247016070 DEOPT UNPACKING pc=0x000001d259157982 sp=0x0000006cdbcfe1f0 mode 2

Classes loaded (20 events):
Event: 0.249 Loading class java/util/concurrent/locks/ReentrantReadWriteLock$Sync done
Event: 0.249 Loading class java/util/concurrent/locks/ReentrantReadWriteLock$NonfairSync done
Event: 0.249 Loading class java/util/concurrent/locks/ReentrantReadWriteLock$Sync$ThreadLocalHoldCounter
Event: 0.249 Loading class java/util/concurrent/locks/ReentrantReadWriteLock$Sync$ThreadLocalHoldCounter done
Event: 0.249 Loading class java/util/concurrent/locks/ReentrantReadWriteLock$ReadLock
Event: 0.249 Loading class java/util/concurrent/locks/ReentrantReadWriteLock$ReadLock done
Event: 0.249 Loading class java/util/concurrent/locks/ReentrantReadWriteLock$WriteLock
Event: 0.249 Loading class java/util/concurrent/locks/ReentrantReadWriteLock$WriteLock done
Event: 0.251 Loading class java/text/ParseException
Event: 0.251 Loading class java/text/ParseException done
Event: 0.261 Loading class sun/util/calendar/ZoneInfoFile$Checksum
Event: 0.261 Loading class sun/util/calendar/ZoneInfoFile$Checksum done
Event: 0.263 Loading class jdk/internal/module/ModulePatcher$PatchedModuleReader
Event: 0.263 Loading class jdk/internal/module/ModulePatcher$PatchedModuleReader done
Event: 0.263 Loading class sun/net/www/protocol/jrt/Handler
Event: 0.263 Loading class sun/net/www/protocol/jrt/Handler done
Event: 0.287 Loading class sun/text/resources/cldr/FormatData_en
Event: 0.287 Loading class sun/text/resources/cldr/FormatData_en done
Event: 0.287 Loading class sun/text/resources/cldr/FormatData_en_US
Event: 0.287 Loading class sun/text/resources/cldr/FormatData_en_US done

Classes unloaded (0 events):
No events

Classes redefined (0 events):
No events

Internal exceptions (19 events):
Event: 0.082 Thread 0x000001d247016070 Exception <a 'java/lang/NoSuchMethodError'{0x000000008aef4660}: 'int java.lang.invoke.DirectMethodHandle$Holder.invokeSpecial(java.lang.Object, java.lang.Object, java.lang.Object)'> (0x000000008aef4660) 
thrown [s\open\src\hotspot\share\interpreter\linkResolver.cpp, line 796]
Event: 0.144 Thread 0x000001d247016070 Exception <a 'java/lang/NoSuchMethodError'{0x000000008ab2b220}: 'java.lang.Object java.lang.invoke.Invokers$Holder.invokeExact_MT(java.lang.Object, java.lang.Object, java.lang.Object, java.lang.Object, java.lang.Object)'> (0x000000008ab2b220) 
thrown [s\open\src\hotspot\share\interpreter\linkResolver.cpp, line 796]
Event: 0.152 Thread 0x000001d247016070 Exception <a 'java/lang/NullPointerException'{0x000000008ab86c38}> (0x000000008ab86c38) 
thrown [s\open\src\hotspot\share\interpreter\linkResolver.cpp, line 1389]
Event: 0.160 Thread 0x000001d247016070 Exception <a 'java/lang/NoSuchMethodError'{0x000000008abad0b8}: 'void java.lang.invoke.DirectMethodHandle$Holder.invokeStatic(java.lang.Object, long, java.lang.Object)'> (0x000000008abad0b8) 
thrown [s\open\src\hotspot\share\interpreter\linkResolver.cpp, line 796]
Event: 0.161 Thread 0x000001d247016070 Exception <a 'java/lang/NoSuchMethodError'{0x000000008abb2a80}: 'java.lang.Object java.lang.invoke.DirectMethodHandle$Holder.newInvokeSpecial(java.lang.Object, long, java.lang.Object)'> (0x000000008abb2a80) 
thrown [s\open\src\hotspot\share\interpreter\linkResolver.cpp, line 796]
Event: 0.162 Thread 0x000001d247016070 Exception <a 'java/lang/NullPointerException'{0x000000008abbe570}> (0x000000008abbe570) 
thrown [s\open\src\hotspot\share\interpreter\linkResolver.cpp, line 1389]
Event: 0.162 Thread 0x000001d247016070 Exception <a 'java/lang/NullPointerException'{0x000000008abbe850}> (0x000000008abbe850) 
thrown [s\open\src\hotspot\share\interpreter\linkResolver.cpp, line 1389]
Event: 0.162 Thread 0x000001d247016070 Exception <a 'java/lang/NullPointerException'{0x000000008abbeb30}> (0x000000008abbeb30) 
thrown [s\open\src\hotspot\share\interpreter\linkResolver.cpp, line 1389]
Event: 0.163 Thread 0x000001d247016070 Exception <a 'java/lang/NullPointerException'{0x000000008abc4940}> (0x000000008abc4940) 
thrown [s\open\src\hotspot\share\interpreter\linkResolver.cpp, line 1389]
Event: 0.165 Thread 0x000001d247016070 Exception <a 'java/lang/NullPointerException'{0x000000008abd7e08}> (0x000000008abd7e08) 
thrown [s\open\src\hotspot\share\interpreter\linkResolver.cpp, line 1389]
Event: 0.165 Thread 0x000001d247016070 Exception <a 'java/lang/NullPointerException'{0x000000008aa00280}> (0x000000008aa00280) 
thrown [s\open\src\hotspot\share\interpreter\linkResolver.cpp, line 1389]
Event: 0.165 Thread 0x000001d247016070 Exception <a 'java/lang/NullPointerException'{0x000000008aa00560}> (0x000000008aa00560) 
thrown [s\open\src\hotspot\share\interpreter\linkResolver.cpp, line 1389]
Event: 0.165 Thread 0x000001d247016070 Exception <a 'java/lang/NullPointerException'{0x000000008aa00840}> (0x000000008aa00840) 
thrown [s\open\src\hotspot\share\interpreter\linkResolver.cpp, line 1389]
Event: 0.171 Thread 0x000001d247016070 Exception <a 'sun/nio/fs/WindowsException'{0x000000008aa2a818}> (0x000000008aa2a818) 
thrown [s\open\src\hotspot\share\prims\jni.cpp, line 520]
Event: 0.171 Thread 0x000001d247016070 Exception <a 'sun/nio/fs/WindowsException'{0x000000008aa2ae50}> (0x000000008aa2ae50) 
thrown [s\open\src\hotspot\share\prims\jni.cpp, line 520]
Event: 0.171 Thread 0x000001d247016070 Exception <a 'sun/nio/fs/WindowsException'{0x000000008aa2b310}> (0x000000008aa2b310) 
thrown [s\open\src\hotspot\share\prims\jni.cpp, line 520]
Event: 0.178 Thread 0x000001d247016070 Exception <a 'java/lang/NoSuchMethodError'{0x000000008aa79620}: 'void java.lang.invoke.DirectMethodHandle$Holder.invokeStatic(java.lang.Object, java.lang.Object)'> (0x000000008aa79620) 
thrown [s\open\src\hotspot\share\interpreter\linkResolver.cpp, line 796]
Event: 0.179 Thread 0x000001d247016070 Exception <a 'java/lang/NoSuchMethodError'{0x000000008aa7ca38}: 'void java.lang.invoke.DirectMethodHandle$Holder.invokeStaticInit(java.lang.Object, java.lang.Object)'> (0x000000008aa7ca38) 
thrown [s\open\src\hotspot\share\interpreter\linkResolver.cpp, line 796]
Event: 0.235 Thread 0x000001d247016070 Exception <a 'java/lang/NoSuchMethodError'{0x000000008a82f9e0}: 'java.lang.Object java.lang.invoke.DirectMethodHandle$Holder.invokeSpecialIFC(java.lang.Object, java.lang.Object, java.lang.Object, java.lang.Object)'> (0x000000008a82f9e0) 
thrown [s\open\src\hotspot\share\interpreter\linkResolver.cpp, line 796]

VM Operations (6 events):
Event: 0.058 Executing VM operation: HandshakeAllThreads (Deoptimize)
Event: 0.058 Executing VM operation: HandshakeAllThreads (Deoptimize) done
Event: 0.151 Executing VM operation: HandshakeAllThreads (Deoptimize)
Event: 0.151 Executing VM operation: HandshakeAllThreads (Deoptimize) done
Event: 0.162 Executing VM operation: HandshakeAllThreads (Deoptimize)
Event: 0.162 Executing VM operation: HandshakeAllThreads (Deoptimize) done

Memory protections (0 events):
No events

Nmethod flushes (0 events):
No events

Events (13 events):
Event: 0.022 Thread 0x000001d247016070 Thread added: 0x000001d247016070
Event: 0.035 Thread 0x000001d247016070 Thread added: 0x000001d2657b6bd0
Event: 0.035 Thread 0x000001d247016070 Thread added: 0x000001d2657b9830
Event: 0.035 Thread 0x000001d247016070 Thread added: 0x000001d2657c0690
Event: 0.035 Thread 0x000001d247016070 Thread added: 0x000001d2657ba770
Event: 0.035 Thread 0x000001d247016070 Thread added: 0x000001d2657c0df0
Event: 0.035 Thread 0x000001d247016070 Thread added: 0x000001d2657c23c0
Event: 0.035 Thread 0x000001d247016070 Thread added: 0x000001d2657c5cb0
Event: 0.035 Thread 0x000001d247016070 Thread added: 0x000001d2657d92a0
Event: 0.050 Thread 0x000001d247016070 Thread added: 0x000001d24510f3f0
Event: 0.052 Thread 0x000001d247016070 Thread added: 0x000001d2451206c0
Event: 0.155 Thread 0x000001d247016070 Thread added: 0x000001d2453f26b0
Event: 0.171 Thread 0x000001d2453f26b0 Thread exited: 0x000001d2453f26b0


Dynamic libraries:
0x00007ff6394c0000 - 0x00007ff6394d0000 	C:\Program Files\Java\jdk-23\bin\java.exe
0x00007ffb53a80000 - 0x00007ffb53ce3000 	C:\WINDOWS\SYSTEM32\ntdll.dll
0x00007ffb52660000 - 0x00007ffb52727000 	C:\WINDOWS\System32\KERNEL32.DLL
0x00007ffb51210000 - 0x00007ffb515d9000 	C:\WINDOWS\System32\KERNELBASE.dll
0x00007ffb515e0000 - 0x00007ffb5172c000 	C:\WINDOWS\System32\ucrtbase.dll
0x00007ffaddf90000 - 0x00007ffaddfab000 	C:\Program Files\Java\jdk-23\bin\VCRUNTIME140.dll
0x00007ffb38470000 - 0x00007ffb38487000 	C:\Program Files\Java\jdk-23\bin\jli.dll
0x00007ffb533c0000 - 0x00007ffb5358a000 	C:\WINDOWS\System32\USER32.dll
0x00007ffb3af50000 - 0x00007ffb3b1e0000 	C:\WINDOWS\WinSxS\amd64_microsoft.windows.common-controls_6595b64144ccf1df_6.0.26100.3323_none_3e088096e3344490\COMCTL32.dll
0x00007ffb51140000 - 0x00007ffb51167000 	C:\WINDOWS\System32\win32u.dll
0x00007ffb531e0000 - 0x00007ffb53289000 	C:\WINDOWS\System32\msvcrt.dll
0x00007ffb53150000 - 0x00007ffb5317a000 	C:\WINDOWS\System32\GDI32.dll
0x00007ffb50dd0000 - 0x00007ffb50f01000 	C:\WINDOWS\System32\gdi32full.dll
0x00007ffb51090000 - 0x00007ffb51133000 	C:\WINDOWS\System32\msvcp_win.dll
0x00007ffb52470000 - 0x00007ffb5249f000 	C:\WINDOWS\System32\IMM32.DLL
0x00007ffb10c20000 - 0x00007ffb10c2c000 	C:\Program Files\Java\jdk-23\bin\vcruntime140_1.dll
0x00007ffac41f0000 - 0x00007ffac427e000 	C:\Program Files\Java\jdk-23\bin\msvcp140.dll
0x00007ffaddfb0000 - 0x00007ffadecff000 	C:\Program Files\Java\jdk-23\bin\server\jvm.dll
0x00007ffb527f0000 - 0x00007ffb528a2000 	C:\WINDOWS\System32\ADVAPI32.dll
0x00007ffb51b60000 - 0x00007ffb51c06000 	C:\WINDOWS\System32\sechost.dll
0x00007ffb52540000 - 0x00007ffb52656000 	C:\WINDOWS\System32\RPCRT4.dll
0x00007ffb530d0000 - 0x00007ffb53144000 	C:\WINDOWS\System32\WS2_32.dll
0x00007ffb50b10000 - 0x00007ffb50b5e000 	C:\WINDOWS\SYSTEM32\POWRPROF.dll
0x00007ffb47f00000 - 0x00007ffb47f36000 	C:\WINDOWS\SYSTEM32\WINMM.dll
0x00007ffb3eea0000 - 0x00007ffb3eeab000 	C:\WINDOWS\SYSTEM32\VERSION.dll
0x00007ffb50af0000 - 0x00007ffb50b04000 	C:\WINDOWS\SYSTEM32\UMPDC.dll
0x00007ffb4faa0000 - 0x00007ffb4faba000 	C:\WINDOWS\SYSTEM32\kernel.appcore.dll
0x00007ffb107f0000 - 0x00007ffb107fa000 	C:\Program Files\Java\jdk-23\bin\jimage.dll
0x00007ffb4df50000 - 0x00007ffb4e191000 	C:\WINDOWS\SYSTEM32\DBGHELP.DLL
0x00007ffb51c10000 - 0x00007ffb51f92000 	C:\WINDOWS\System32\combase.dll
0x00007ffb532e0000 - 0x00007ffb533b6000 	C:\WINDOWS\System32\OLEAUT32.dll
0x00007ffb2d2b0000 - 0x00007ffb2d2e9000 	C:\WINDOWS\SYSTEM32\dbgcore.DLL
0x00007ffb51170000 - 0x00007ffb51209000 	C:\WINDOWS\System32\bcryptPrimitives.dll
0x00007ffaddf30000 - 0x00007ffaddf4e000 	C:\Program Files\Java\jdk-23\bin\java.dll
0x00007ffb51fa0000 - 0x00007ffb52135000 	C:\WINDOWS\System32\ole32.dll
0x00007ffb529b0000 - 0x00007ffb530c5000 	C:\WINDOWS\System32\SHELL32.dll
0x00007ffb51730000 - 0x00007ffb51898000 	C:\WINDOWS\System32\wintypes.dll
0x00007ffb4e980000 - 0x00007ffb4f1c5000 	C:\WINDOWS\SYSTEM32\windows.storage.dll
0x00007ffb52160000 - 0x00007ffb5224b000 	C:\WINDOWS\System32\SHCORE.dll
0x00007ffb518a0000 - 0x00007ffb518fd000 	C:\WINDOWS\System32\shlwapi.dll
0x00007ffb50b90000 - 0x00007ffb50bbf000 	C:\WINDOWS\SYSTEM32\profapi.dll
0x00007ffadde50000 - 0x00007ffaddf27000 	C:\Program Files\Java\jdk-23\bin\jsvml.dll
0x00007ffaf4f70000 - 0x00007ffaf4f80000 	C:\Program Files\Java\jdk-23\bin\net.dll
0x00007ffb4ffc0000 - 0x00007ffb5002a000 	C:\WINDOWS\system32\mswsock.dll
0x00007ffaced90000 - 0x00007ffaceda6000 	C:\Program Files\Java\jdk-23\bin\nio.dll
0x00007ffaced70000 - 0x00007ffaced87000 	C:\Program Files\Java\jdk-23\bin\zip.dll
0x00007ffb38440000 - 0x00007ffb38464000 	C:\Users\abuba\Downloads\apache-maven-3.9.9-bin\apache-maven-3.9.9\lib\jansi-native\Windows\x86_64\jansi.dll
0x00007ffadf110000 - 0x00007ffadf120000 	C:\Program Files\Java\jdk-23\bin\verify.dll

dbghelp: loaded successfully - version: 4.0.5 - missing functions: none
symbol engine: initialized successfully - sym options: 0x614 - pdb path: .;C:\Program Files\Java\jdk-23\bin;C:\WINDOWS\SYSTEM32;C:\WINDOWS\WinSxS\amd64_microsoft.windows.common-controls_6595b64144ccf1df_6.0.26100.3323_none_3e088096e3344490;C:\Program Files\Java\jdk-23\bin\server;C:\Users\abuba\Downloads\apache-maven-3.9.9-bin\apache-maven-3.9.9\lib\jansi-native\Windows\x86_64

VM Arguments:
jvm_args: -Dclassworlds.conf=C:\Users\abuba\Downloads\apache-maven-3.9.9-bin\apache-maven-3.9.9\bin\m2.conf -Dmaven.home=C:\Users\abuba\Downloads\apache-maven-3.9.9-bin\apache-maven-3.9.9 -Dlibrary.jansi.path=C:\Users\abuba\Downloads\apache-maven-3.9.9-bin\apache-maven-3.9.9\lib\jansi-native -Dmaven.multiModuleProjectDirectory=F:\zeoTap\wrangler 
java_command: org.codehaus.plexus.classworlds.launcher.Launcher clean install -Drat .skip=true
java_class_path (initial): C:\Users\abuba\Downloads\apache-maven-3.9.9-bin\apache-maven-3.9.9\boot\plexus-classworlds-2.8.0.jar
Launcher Type: SUN_STANDARD

[Global flags]
     intx CICompilerCount                          = 3                                         {product} {ergonomic}
     uint ConcGCThreads                            = 1                                         {product} {ergonomic}
     uint G1ConcRefinementThreads                  = 4                                         {product} {ergonomic}
   size_t G1HeapRegionSize                         = 1048576                                   {product} {ergonomic}
   size_t InitialHeapSize                          = 132120576                                 {product} {ergonomic}
   size_t MarkStackSize                            = 4194304                                   {product} {ergonomic}
   size_t MarkStackSizeMax                         = 536870912                                 {product} {ergonomic}
   size_t MaxHeapSize                              = 2095054848                                {product} {ergonomic}
   size_t MaxNewSize                               = 1256194048                                {product} {ergonomic}
   size_t MinHeapDeltaBytes                        = 1048576                                   {product} {ergonomic}
   size_t MinHeapSize                              = 8388608                                   {product} {ergonomic}
    uintx NonNMethodCodeHeapSize                   = 5832704                                {pd product} {ergonomic}
    uintx NonProfiledCodeHeapSize                  = 122945536                              {pd product} {ergonomic}
    uintx ProfiledCodeHeapSize                     = 122880000                              {pd product} {ergonomic}
    uintx ReservedCodeCacheSize                    = 251658240                              {pd product} {ergonomic}
     bool SegmentedCodeCache                       = true                                      {product} {ergonomic}
   size_t SoftMaxHeapSize                          = 2095054848                             {manageable} {ergonomic}
     bool UseCompressedOops                        = true                           {product lp64_product} {ergonomic}
     bool UseG1GC                                  = true                                      {product} {ergonomic}
     bool UseLargePagesIndividualAllocation        = false                                  {pd product} {ergonomic}

Logging:
Log output configuration:
 #0: stdout all=warning uptime,level,tags foldmultilines=false
 #1: stderr all=off uptime,level,tags foldmultilines=false

Environment Variables:
PATH=C:\Program Files\Common Files\Oracle\Java\javapath;C:\Users\abuba\Downloads\jdk-20_windows-x64_bin (1).zip\jdk-20.0.2\bin;C:\Users\abuba\Downloads\jdk-22_windows-x64_bin.zip\jdk-22.0.1\bin;F:\Microsoft VS Code\bin;C:\Windows\System32;C:\Program Files\dotnet\;C:\WINDOWS\system32;C:\WINDOWS;C:\WINDOWS\System32\Wbem;C:\WINDOWS\System32\WindowsPowerShell\v1.0\;C:\WINDOWS\System32\OpenSSH\;C:\Program Files\nodejs\;C:\Users\abuba\AppData\Roaming\npm;C:\Users\abuba\Downloads\apache-maven-3.9.9-bin\apache-maven-3.9.9\bin;C:\Users\abuba\AppData\Local\Programs\Python\Python313\Scripts\;C:\Users\abuba\AppData\Local\Programs\Python\Python313\;C:\Program Files\MySQL\MySQL Shell 8.0\bin\;C:\Users\abuba\AppData\Local\Microsoft\WindowsApps;C:\MinGW\bin;C:\Users\abuba\Downloads\jdk-22_windows-x64_bin.zip\jdk-22.0.1\bin;C:\Users\abuba\AppData\Local\Programs\Microsoft VS Code\bin;C:\Program Files\JetBrains\IntelliJ IDEA 2024.3.3\bin;;C:\Users\abuba\Downloads\cmake-4.0.0-rc4\cmake-4.0.0-rc4
USERNAME=abuba
LANG=en_US.UTF-8
OS=Windows_NT
PROCESSOR_IDENTIFIER=Intel64 Family 6 Model 140 Stepping 1, GenuineIntel
TMP=C:\Users\abuba\AppData\Local\Temp
TEMP=C:\Users\abuba\AppData\Local\Temp




Periodic native trim disabled

---------------  S Y S T E M  ---------------

OS:
 Windows 11 , 64 bit Build 26100 (10.0.26100.3323)
OS uptime: 0 days 0:47 hours

CPU: total 4 (initial active 4) (2 cores per cpu, 2 threads per core) family 6 model 140 stepping 1 microcode 0x9a, cx8, cmov, fxsr, ht, mmx, 3dnowpref, sse, sse2, sse3, ssse3, sse4.1, sse4.2, popcnt, lzcnt, tsc, tscinvbit, avx, avx2, aes, erms, clmul, bmi1, bmi2, adx, avx512f, avx512dq, avx512cd, avx512bw, avx512vl, sha, fma, vzeroupper, avx512_vpopcntdq, avx512_vpclmulqdq, avx512_vaes, avx512_vnni, clflush, clflushopt, clwb, avx512_vbmi2, avx512_vbmi, rdtscp, rdpid, fsrm, gfni, avx512_bitalg, f16c, pku, cet_ibt, cet_ss, avx512_ifma
Processor Information for the first 4 processors :
  Max Mhz: 2995, Current Mhz: 2995, Mhz Limit: 2995

Memory: 4k page, system-wide physical 7991M (1204M free)
TotalPageFile size 12077M (AvailPageFile size 4M)
current process WorkingSet (physical memory assigned to process): 56M, peak: 56M
current process commit charge ("private bytes"): 207M, peak: 207M

vm_info: Java HotSpot(TM) 64-Bit Server VM (23.0.1+11-39) for windows-amd64 JRE (23.0.1+11-39), built on 2024-09-30T07:20:43Z with MS VC++ 17.6 (VS2022)

END.
