#
# There is insufficient memory for the Java Runtime Environment to continue.
# Native memory allocation (malloc) failed to allocate 897616 bytes. Error detail: Chunk::new
# Possible reasons:
#   The system is out of physical RAM or swap space
#   This process is running with CompressedOops enabled, and the Java Heap may be blocking the growth of the native heap
# Possible solutions:
#   Reduce memory load on the system
#   Increase physical memory or swap space
#   Check if swap backing store is full
#   Decrease Java heap size (-Xmx/-Xms)
#   Decrease number of Java threads
#   Decrease Java thread stack sizes (-Xss)
#   Set larger code cache with -XX:ReservedCodeCacheSize=
#   JVM is running with Unscaled Compressed Oops mode in which the Java heap is
#     placed in the first 4GB address space. The Java Heap base address is the
#     maximum limit for the native heap growth. Please use -XX:HeapBaseMinAddress
#     to set the Java Heap base and to place the Java Heap above 4GB virtual address.
# This output file may be truncated or incomplete.
#
#  Out of Memory Error (arena.cpp:168), pid=3052, tid=9808
#
# JRE version: OpenJDK Runtime Environment Temurin-21.0.6+7 (21.0.6+7) (build 21.0.6+7-LTS)
# Java VM: OpenJDK 64-Bit Server VM Temurin-21.0.6+7 (21.0.6+7-LTS, mixed mode, sharing, tiered, compressed oops, compressed class ptrs, parallel gc, windows-amd64)
# No core dump will be written. Minidumps are not enabled by default on client versions of Windows
#

---------------  S U M M A R Y ------------

Command Line: --add-modules=ALL-SYSTEM --add-opens=java.base/java.util=ALL-UNNAMED --add-opens=java.base/java.lang=ALL-UNNAMED --add-opens=java.base/sun.nio.fs=ALL-UNNAMED -Declipse.application=org.eclipse.jdt.ls.core.id1 -Dosgi.bundles.defaultStartLevel=4 -Declipse.product=org.eclipse.jdt.ls.core.product -Djava.import.generatesMetadataFilesAtProjectRoot=false -DDetectVMInstallationsJob.disabled=true -Dfile.encoding=utf8 -XX:+UseParallelGC -XX:GCTimeRatio=4 -XX:AdaptiveSizePolicyWeight=90 -Dsun.zip.disableMemoryMapping=true -Xmx1G -Xms100m -Xlog:disable -javaagent:c:\Users\abuba\.vscode\extensions\redhat.java-1.41.1-win32-x64\lombok\lombok-1.18.36.jar -XX:+HeapDumpOnOutOfMemoryError -XX:HeapDumpPath=c:\Users\abuba\AppData\Roaming\Code\User\workspaceStorage\00a4f39a1ff25c0c8f0fd2a3140c35e3\redhat.java -Daether.dependencyCollector.impl=bf c:\Users\abuba\.vscode\extensions\redhat.java-1.41.1-win32-x64\server\plugins\org.eclipse.equinox.launcher_1.7.0.v20250331-1702.jar -configuration c:\Users\abuba\AppData\Roaming\Code\User\globalStorage\redhat.java\1.41.1\config_win -data c:\Users\abuba\AppData\Roaming\Code\User\workspaceStorage\00a4f39a1ff25c0c8f0fd2a3140c35e3\redhat.java\jdt_ws --pipe=\\.\pipe\lsp-001d365bd97123b166bb3e6a33b2da83-sock

Host: 11th Gen Intel(R) Core(TM) i3-1115G4 @ 3.00GHz, 4 cores, 7G,  Windows 11 , 64 bit Build 26100 (10.0.26100.3323)
Time: Sun Apr 13 14:04:51 2025 India Standard Time elapsed time: 28.621869 seconds (0d 0h 0m 28s)

---------------  T H R E A D  ---------------

Current thread (0x0000024a7d4b2840):  JavaThread "C2 CompilerThread1" daemon [_thread_in_native, id=9808, stack(0x000000c9fc500000,0x000000c9fc600000) (1024K)]


Current CompileTask:
C2:28621 9864   !   4       org.eclipse.jdt.internal.core.util.DeduplicationUtil::intern (149 bytes)

Stack: [0x000000c9fc500000,0x000000c9fc600000]
Native frames: (J=compiled Java code, j=interpreted, Vv=VM code, C=native code)
V  [jvm.dll+0x6cdee9]
V  [jvm.dll+0x8a83d1]
V  [jvm.dll+0x8aa8fe]
V  [jvm.dll+0x8aafe3]
V  [jvm.dll+0x27f706]
V  [jvm.dll+0xc500d]
V  [jvm.dll+0xc5543]
V  [jvm.dll+0x3b6752]
V  [jvm.dll+0x1dfe13]
V  [jvm.dll+0x247b42]
V  [jvm.dll+0x246fcf]
V  [jvm.dll+0x1c75ee]
V  [jvm.dll+0x25685a]
V  [jvm.dll+0x254dfa]
V  [jvm.dll+0x3f0256]
V  [jvm.dll+0x851f8b]
V  [jvm.dll+0x6cc5ed]
C  [ucrtbase.dll+0x37b0]
C  [KERNEL32.DLL+0x2e8d7]
C  [ntdll.dll+0xbbf6c]


---------------  P R O C E S S  ---------------

Threads class SMR info:
_java_thread_list=0x0000024a7145c5c0, length=48, elements={
0x0000024a1583b970, 0x0000024a29b67ce0, 0x0000024a29b6a1b0, 0x0000024a29b6dd10,
0x0000024a29b6e960, 0x0000024a29b705c0, 0x0000024a29b73020, 0x0000024a29b73e50,
0x0000024a29befeb0, 0x0000024a6b9bc260, 0x0000024a6bc00b60, 0x0000024a703ea6b0,
0x0000024a70698bd0, 0x0000024a703af230, 0x0000024a703b0640, 0x0000024a70c301e0,
0x0000024a70be1520, 0x0000024a70cdc600, 0x0000024a70cdd320, 0x0000024a70cdb8e0,
0x0000024a70cdabc0, 0x0000024a70cdb250, 0x0000024a70cdbf70, 0x0000024a70cd9ea0,
0x0000024a70cdcc90, 0x0000024a70cda530, 0x0000024a742375c0, 0x0000024a74236210,
0x0000024a742382e0, 0x0000024a74237c50, 0x0000024a74236f30, 0x0000024a74239690,
0x0000024a74238970, 0x0000024a74239000, 0x0000024a74239d20, 0x0000024a742368a0,
0x0000024a7423a3b0, 0x0000024a7423b0d0, 0x0000024a7423d830, 0x0000024a7423cb10,
0x0000024a7423bdf0, 0x0000024a7423d1a0, 0x0000024a7423b760, 0x0000024a7d4b2840,
0x0000024a7423c480, 0x0000024a7423aa40, 0x0000024a72ec3de0, 0x0000024a72ec6bd0
}

Java Threads: ( => current thread )
  0x0000024a1583b970 JavaThread "main"                              [_thread_blocked, id=16000, stack(0x000000c9f9100000,0x000000c9f9200000) (1024K)]
  0x0000024a29b67ce0 JavaThread "Reference Handler"          daemon [_thread_blocked, id=18632, stack(0x000000c9f9600000,0x000000c9f9700000) (1024K)]
  0x0000024a29b6a1b0 JavaThread "Finalizer"                  daemon [_thread_blocked, id=7828, stack(0x000000c9f9700000,0x000000c9f9800000) (1024K)]
  0x0000024a29b6dd10 JavaThread "Signal Dispatcher"          daemon [_thread_blocked, id=10364, stack(0x000000c9f9800000,0x000000c9f9900000) (1024K)]
  0x0000024a29b6e960 JavaThread "Attach Listener"            daemon [_thread_blocked, id=1740, stack(0x000000c9f9900000,0x000000c9f9a00000) (1024K)]
  0x0000024a29b705c0 JavaThread "Service Thread"             daemon [_thread_blocked, id=16468, stack(0x000000c9f9a00000,0x000000c9f9b00000) (1024K)]
  0x0000024a29b73020 JavaThread "Monitor Deflation Thread"   daemon [_thread_blocked, id=15660, stack(0x000000c9f9b00000,0x000000c9f9c00000) (1024K)]
  0x0000024a29b73e50 JavaThread "C2 CompilerThread0"         daemon [_thread_in_native, id=8768, stack(0x000000c9f9c00000,0x000000c9f9d00000) (1024K)]
  0x0000024a29befeb0 JavaThread "C1 CompilerThread0"         daemon [_thread_blocked, id=12396, stack(0x000000c9f9d00000,0x000000c9f9e00000) (1024K)]
  0x0000024a6b9bc260 JavaThread "Common-Cleaner"             daemon [_thread_blocked, id=15120, stack(0x000000c9f9e00000,0x000000c9f9f00000) (1024K)]
  0x0000024a6bc00b60 JavaThread "Notification Thread"        daemon [_thread_blocked, id=16076, stack(0x000000c9f9f00000,0x000000c9fa000000) (1024K)]
  0x0000024a703ea6b0 JavaThread "Active Thread: Equinox Container: e44d078c-b039-4b87-848a-a573ff1b1056"        [_thread_blocked, id=4324, stack(0x000000c9fa400000,0x000000c9fa500000) (1024K)]
  0x0000024a70698bd0 JavaThread "Refresh Thread: Equinox Container: e44d078c-b039-4b87-848a-a573ff1b1056" daemon [_thread_blocked, id=16724, stack(0x000000c9fa500000,0x000000c9fa600000) (1024K)]
  0x0000024a703af230 JavaThread "Framework Event Dispatcher: Equinox Container: e44d078c-b039-4b87-848a-a573ff1b1056" daemon [_thread_blocked, id=8140, stack(0x000000c9fa600000,0x000000c9fa700000) (1024K)]
  0x0000024a703b0640 JavaThread "Start Level: Equinox Container: e44d078c-b039-4b87-848a-a573ff1b1056" daemon [_thread_blocked, id=16164, stack(0x000000c9fa700000,0x000000c9fa800000) (1024K)]
  0x0000024a70c301e0 JavaThread "Bundle File Closer"         daemon [_thread_blocked, id=14808, stack(0x000000c9fa800000,0x000000c9fa900000) (1024K)]
  0x0000024a70be1520 JavaThread "SCR Component Actor"        daemon [_thread_blocked, id=4252, stack(0x000000c9fa900000,0x000000c9faa00000) (1024K)]
  0x0000024a70cdc600 JavaThread "Worker-JM"                         [_thread_blocked, id=14280, stack(0x000000c9faa00000,0x000000c9fab00000) (1024K)]
  0x0000024a70cdd320 JavaThread "JNA Cleaner"                daemon [_thread_blocked, id=17312, stack(0x000000c9fab00000,0x000000c9fac00000) (1024K)]
  0x0000024a70cdb8e0 JavaThread "Worker-0"                          [_thread_blocked, id=17840, stack(0x000000c9fac00000,0x000000c9fad00000) (1024K)]
  0x0000024a70cdabc0 JavaThread "Worker-1"                          [_thread_blocked, id=4840, stack(0x000000c9fad00000,0x000000c9fae00000) (1024K)]
  0x0000024a70cdb250 JavaThread "Java indexing"              daemon [_thread_blocked, id=7736, stack(0x000000c9faf00000,0x000000c9fb000000) (1024K)]
  0x0000024a70cdbf70 JavaThread "Worker-2: Initialize workspace"        [_thread_blocked, id=3600, stack(0x000000c9fb000000,0x000000c9fb100000) (1024K)]
  0x0000024a70cd9ea0 JavaThread "Worker-3: Building"                [_thread_blocked, id=17276, stack(0x000000c9fb300000,0x000000c9fb400000) (1024K)]
  0x0000024a70cdcc90 JavaThread "Thread-2"                   daemon [_thread_in_native, id=19084, stack(0x000000c9fb400000,0x000000c9fb500000) (1024K)]
  0x0000024a70cda530 JavaThread "Thread-3"                   daemon [_thread_in_native, id=18848, stack(0x000000c9fb500000,0x000000c9fb600000) (1024K)]
  0x0000024a742375c0 JavaThread "Thread-4"                   daemon [_thread_in_native, id=16416, stack(0x000000c9fb600000,0x000000c9fb700000) (1024K)]
  0x0000024a74236210 JavaThread "Thread-5"                   daemon [_thread_in_native, id=18244, stack(0x000000c9fb700000,0x000000c9fb800000) (1024K)]
  0x0000024a742382e0 JavaThread "Thread-6"                   daemon [_thread_in_native, id=9660, stack(0x000000c9fb800000,0x000000c9fb900000) (1024K)]
  0x0000024a74237c50 JavaThread "pool-2-thread-1"                   [_thread_blocked, id=16728, stack(0x000000c9fb900000,0x000000c9fba00000) (1024K)]
  0x0000024a74236f30 JavaThread "Worker-4"                          [_thread_blocked, id=14380, stack(0x000000c9fba00000,0x000000c9fbb00000) (1024K)]
  0x0000024a74239690 JavaThread "WorkspaceEventsHandler"            [_thread_blocked, id=16684, stack(0x000000c9fbb00000,0x000000c9fbc00000) (1024K)]
  0x0000024a74238970 JavaThread "pool-1-thread-1"                   [_thread_blocked, id=17116, stack(0x000000c9fbc00000,0x000000c9fbd00000) (1024K)]
  0x0000024a74239000 JavaThread "Compiler Source File Reader" daemon [_thread_blocked, id=13148, stack(0x000000c9fbd00000,0x000000c9fbe00000) (1024K)]
  0x0000024a74239d20 JavaThread "Compiler Source File Reader" daemon [_thread_blocked, id=9864, stack(0x000000c9fbe00000,0x000000c9fbf00000) (1024K)]
  0x0000024a742368a0 JavaThread "Compiler Processing Task"   daemon [_thread_in_native, id=16112, stack(0x000000c9fa300000,0x000000c9fa400000) (1024K)]
  0x0000024a7423a3b0 JavaThread "Compiler Class File Writer" daemon [_thread_blocked, id=18616, stack(0x000000c9fbf00000,0x000000c9fc000000) (1024K)]
  0x0000024a7423b0d0 JavaThread "Compiler Class File Writer" daemon [_thread_blocked, id=18356, stack(0x000000c9fc000000,0x000000c9fc100000) (1024K)]
  0x0000024a7423d830 JavaThread "LocalFile Deleter"          daemon [_thread_blocked, id=17224, stack(0x000000c9fc100000,0x000000c9fc200000) (1024K)]
  0x0000024a7423cb10 JavaThread "LocalFile Deleter"          daemon [_thread_blocked, id=7916, stack(0x000000c9fc200000,0x000000c9fc300000) (1024K)]
  0x0000024a7423bdf0 JavaThread "LocalFile Deleter"          daemon [_thread_blocked, id=16776, stack(0x000000c9fc300000,0x000000c9fc400000) (1024K)]
  0x0000024a7423d1a0 JavaThread "LocalFile Deleter"          daemon [_thread_blocked, id=11060, stack(0x000000c9fc400000,0x000000c9fc500000) (1024K)]
  0x0000024a7423b760 JavaThread "ForkJoinPool.commonPool-worker-1" daemon [_thread_blocked, id=19360, stack(0x000000c9fae00000,0x000000c9faf00000) (1024K)]
=>0x0000024a7d4b2840 JavaThread "C2 CompilerThread1"         daemon [_thread_in_native, id=9808, stack(0x000000c9fc500000,0x000000c9fc600000) (1024K)]
  0x0000024a7423c480 JavaThread "ForkJoinPool.commonPool-worker-2" daemon [_thread_blocked, id=11100, stack(0x000000c9fc600000,0x000000c9fc700000) (1024K)]
  0x0000024a7423aa40 JavaThread "ForkJoinPool.commonPool-worker-3" daemon [_thread_in_Java, id=16932, stack(0x000000c9fc700000,0x000000c9fc800000) (1024K)]
  0x0000024a72ec3de0 JavaThread "SCR Component Registry"     daemon [_thread_blocked, id=18744, stack(0x000000c9fc800000,0x000000c9fc900000) (1024K)]
  0x0000024a72ec6bd0 JavaThread "Thread-9"                   daemon [_thread_in_Java, id=12636, stack(0x000000c9fc900000,0x000000c9fca00000) (1024K)]
Total: 48

Other Threads:
  0x0000024a158fcb20 VMThread "VM Thread"                           [id=16612, stack(0x000000c9f9500000,0x000000c9f9600000) (1024K)]
  0x0000024a158a9720 WatcherThread "VM Periodic Task Thread"        [id=18596, stack(0x000000c9f9400000,0x000000c9f9500000) (1024K)]
  0x0000024a1585a800 WorkerThread "GC Thread#0"                     [id=16536, stack(0x000000c9f9300000,0x000000c9f9400000) (1024K)]
  0x0000024a70445690 WorkerThread "GC Thread#1"                     [id=1104, stack(0x000000c9fa000000,0x000000c9fa100000) (1024K)]
  0x0000024a6bc29990 WorkerThread "GC Thread#2"                     [id=19172, stack(0x000000c9fa100000,0x000000c9fa200000) (1024K)]
  0x0000024a701d9150 WorkerThread "GC Thread#3"                     [id=9616, stack(0x000000c9fa200000,0x000000c9fa300000) (1024K)]
Total: 6

Threads with active compile tasks:
C2 CompilerThread0  28644 9997       4       sun.nio.fs.WindowsFileSystem::getPath (106 bytes)
C1 CompilerThread0  28644 10064       3       org.eclipse.jdt.internal.compiler.lookup.LookupEnvironment::getTypeFromVariantTypeSignature (222 bytes)
C2 CompilerThread1  28644 9864   !   4       org.eclipse.jdt.internal.core.util.DeduplicationUtil::intern (149 bytes)
Total: 3

VM state: not at safepoint (normal execution)

VM Mutex/Monitor currently owned by a thread: None

Heap address: 0x00000000c0000000, size: 1024 MB, Compressed Oops mode: 32-bit

CDS archive(s) mapped at: [0x0000024a2a000000-0x0000024a2aba0000-0x0000024a2aba0000), size 12189696, SharedBaseAddress: 0x0000024a2a000000, ArchiveRelocationMode: 1.
Compressed class space mapped at: 0x0000024a2b000000-0x0000024a6b000000, reserved size: 1073741824
Narrow klass base: 0x0000024a2a000000, Narrow klass shift: 0, Narrow klass range: 0x100000000

GC Precious Log:
 CardTable entry size: 512
 CPUs: 4 total, 4 available
 Memory: 7991M
 Large Page Support: Disabled
 NUMA Support: Disabled
 Compressed Oops: Enabled (32-bit)
 Alignments: Space 512K, Generation 512K, Heap 2M
 Heap Min Capacity: 100M
 Heap Initial Capacity: 100M
 Heap Max Capacity: 1G
 Pre-touch: Disabled
 Parallel Workers: 4

Heap:
 PSYoungGen      total 3072K, used 1080K [0x00000000eab00000, 0x00000000eaf80000, 0x0000000100000000)
  eden space 2560K, 30% used [0x00000000eab00000,0x00000000eabc60e0,0x00000000ead80000)
  from space 512K, 56% used [0x00000000eae80000,0x00000000eaec8040,0x00000000eaf00000)
  to   space 512K, 0% used [0x00000000eaf00000,0x00000000eaf00000,0x00000000eaf80000)
 ParOldGen       total 412160K, used 411802K [0x00000000c0000000, 0x00000000d9280000, 0x00000000eab00000)
  object space 412160K, 99% used [0x00000000c0000000,0x00000000d9226bf0,0x00000000d9280000)
 Metaspace       used 62739K, committed 64192K, reserved 1114112K
  class space    used 6523K, committed 7168K, reserved 1048576K

Card table byte_map: [0x0000024a151e0000,0x0000024a153f0000] _byte_map_base: 0x0000024a14be0000

Marking Bits: (ParMarkBitMap*) 0x00007ffac1a93260
 Begin Bits: [0x0000024a27a30000, 0x0000024a28a30000)
 End Bits:   [0x0000024a28a30000, 0x0000024a29a30000)

Polling page: 0x0000024a14f30000

Metaspace:

Usage:
  Non-class:     54.90 MB used.
      Class:      6.37 MB used.
       Both:     61.27 MB used.

Virtual space:
  Non-class space:       64.00 MB reserved,      55.69 MB ( 87%) committed,  1 nodes.
      Class space:        1.00 GB reserved,       7.00 MB ( <1%) committed,  1 nodes.
             Both:        1.06 GB reserved,      62.69 MB (  6%) committed. 

Chunk freelists:
   Non-Class:  7.63 MB
       Class:  8.84 MB
        Both:  16.47 MB

MaxMetaspaceSize: unlimited
CompressedClassSpaceSize: 1.00 GB
Initial GC threshold: 21.00 MB
Current GC threshold: 97.31 MB
CDS: on
 - commit_granule_bytes: 65536.
 - commit_granule_words: 8192.
 - virtual_space_node_default_size: 8388608.
 - enlarge_chunks_in_place: 1.
 - use_allocation_guard: 0.


Internal statistics:

num_allocs_failed_limit: 11.
num_arena_births: 1170.
num_arena_deaths: 14.
num_vsnodes_births: 2.
num_vsnodes_deaths: 0.
num_space_committed: 1003.
num_space_uncommitted: 0.
num_chunks_returned_to_freelist: 25.
num_chunks_taken_from_freelist: 4099.
num_chunk_merges: 17.
num_chunk_splits: 2553.
num_chunks_enlarged: 1462.
num_inconsistent_stats: 0.

CodeHeap 'non-profiled nmethods': size=120000Kb used=7464Kb max_used=7464Kb free=112535Kb
 bounds [0x0000024a20500000, 0x0000024a20c50000, 0x0000024a27a30000]
CodeHeap 'profiled nmethods': size=120000Kb used=20669Kb max_used=20669Kb free=99330Kb
 bounds [0x0000024a18a30000, 0x0000024a19e60000, 0x0000024a1ff60000]
CodeHeap 'non-nmethods': size=5760Kb used=1450Kb max_used=1528Kb free=4309Kb
 bounds [0x0000024a1ff60000, 0x0000024a201d0000, 0x0000024a20500000]
 total_blobs=9946 nmethods=9188 adapters=664
 compilation: enabled
              stopped_count=0, restarted_count=0
 full_count=0

Compilation events (20 events):
Event: 28.581 Thread 0x0000024a29befeb0 10032       3       org.eclipse.core.internal.resources.MarkerManager::recursiveFindMarkers (146 bytes)
Event: 28.583 Thread 0x0000024a29befeb0 nmethod 10032 0x0000024a19e30c90 code [0x0000024a19e30f60, 0x0000024a19e31e28]
Event: 28.583 Thread 0x0000024a29befeb0 10033       3       java.util.LinkedHashMap::keysToArray (7 bytes)
Event: 28.584 Thread 0x0000024a29befeb0 nmethod 10033 0x0000024a19e32590 code [0x0000024a19e32740, 0x0000024a19e32880]
Event: 28.596 Thread 0x0000024a29befeb0 10035       3       org.eclipse.jdt.internal.compiler.parser.Parser::consumeZeroTypeAnnotations (87 bytes)
Event: 28.597 Thread 0x0000024a29befeb0 nmethod 10035 0x0000024a19e32910 code [0x0000024a19e32b00, 0x0000024a19e33320]
Event: 28.601 Thread 0x0000024a29befeb0 10036       1       org.eclipse.jdt.internal.core.PackageFragmentRootInfo::getRootKind (5 bytes)
Event: 28.601 Thread 0x0000024a29befeb0 nmethod 10036 0x0000024a20c42f10 code [0x0000024a20c430a0, 0x0000024a20c43168]
Event: 28.601 Thread 0x0000024a29befeb0 10037       3       org.eclipse.jdt.internal.core.JavaElement::equals (57 bytes)
Event: 28.602 Thread 0x0000024a29befeb0 nmethod 10037 0x0000024a19e33590 code [0x0000024a19e337a0, 0x0000024a19e33ef0]
Event: 28.602 Thread 0x0000024a29befeb0 10038       3       org.eclipse.jdt.internal.compiler.lookup.BinaryTypeBinding::storedAnnotations (63 bytes)
Event: 28.603 Thread 0x0000024a29befeb0 nmethod 10038 0x0000024a19e34090 code [0x0000024a19e34280, 0x0000024a19e34810]
Event: 28.603 Thread 0x0000024a29befeb0 10042       3       org.eclipse.jdt.internal.core.util.Util::splitOn (134 bytes)
Event: 28.611 Thread 0x0000024a29befeb0 nmethod 10042 0x0000024a19e34a10 code [0x0000024a19e34ce0, 0x0000024a19e35f10]
Event: 28.611 Thread 0x0000024a29befeb0 10041       3       org.eclipse.jdt.internal.compiler.classfmt.MethodInfo::getExceptionTypeNames (16 bytes)
Event: 28.611 Thread 0x0000024a29befeb0 nmethod 10041 0x0000024a19e36690 code [0x0000024a19e36840, 0x0000024a19e369c0]
Event: 28.611 Thread 0x0000024a29befeb0 10039       2       org.eclipse.jdt.internal.compiler.lookup.BinaryTypeBinding::createMethod (1720 bytes)
Event: 28.618 Thread 0x0000024a29befeb0 nmethod 10039 0x0000024a19e36a90 code [0x0000024a19e37180, 0x0000024a19e3aa30]
Event: 28.618 Thread 0x0000024a29befeb0 10040       3       org.eclipse.jdt.internal.compiler.lookup.MethodBinding::setAnnotations (17 bytes)
Event: 28.618 Thread 0x0000024a29befeb0 nmethod 10040 0x0000024a19e3d510 code [0x0000024a19e3d6c0, 0x0000024a19e3d8e8]

GC Heap History (20 events):
Event: 28.329 GC heap before
{Heap before GC invocations=263 (full 3):
 PSYoungGen      total 3072K, used 2808K [0x00000000eab00000, 0x00000000eaf80000, 0x0000000100000000)
  eden space 2560K, 100% used [0x00000000eab00000,0x00000000ead80000,0x00000000ead80000)
  from space 512K, 48% used [0x00000000eae80000,0x00000000eaebe168,0x00000000eaf00000)
  to   space 512K, 0% used [0x00000000eaf00000,0x00000000eaf00000,0x00000000eaf80000)
 ParOldGen       total 409088K, used 408978K [0x00000000c0000000, 0x00000000d8f80000, 0x00000000eab00000)
  object space 409088K, 99% used [0x00000000c0000000,0x00000000d8f64908,0x00000000d8f80000)
 Metaspace       used 62004K, committed 63488K, reserved 1114112K
  class space    used 6451K, committed 7104K, reserved 1048576K
}
Event: 28.331 GC heap after
{Heap after GC invocations=263 (full 3):
 PSYoungGen      total 3072K, used 160K [0x00000000eab00000, 0x00000000eaf80000, 0x0000000100000000)
  eden space 2560K, 0% used [0x00000000eab00000,0x00000000eab00000,0x00000000ead80000)
  from space 512K, 31% used [0x00000000eaf00000,0x00000000eaf28000,0x00000000eaf80000)
  to   space 512K, 0% used [0x00000000eae80000,0x00000000eae80000,0x00000000eaf00000)
 ParOldGen       total 409600K, used 409137K [0x00000000c0000000, 0x00000000d9000000, 0x00000000eab00000)
  object space 409600K, 99% used [0x00000000c0000000,0x00000000d8f8c698,0x00000000d9000000)
 Metaspace       used 62004K, committed 63488K, reserved 1114112K
  class space    used 6451K, committed 7104K, reserved 1048576K
}
Event: 28.338 GC heap before
{Heap before GC invocations=264 (full 3):
 PSYoungGen      total 3072K, used 2720K [0x00000000eab00000, 0x00000000eaf80000, 0x0000000100000000)
  eden space 2560K, 100% used [0x00000000eab00000,0x00000000ead80000,0x00000000ead80000)
  from space 512K, 31% used [0x00000000eaf00000,0x00000000eaf28000,0x00000000eaf80000)
  to   space 512K, 0% used [0x00000000eae80000,0x00000000eae80000,0x00000000eaf00000)
 ParOldGen       total 409600K, used 409137K [0x00000000c0000000, 0x00000000d9000000, 0x00000000eab00000)
  object space 409600K, 99% used [0x00000000c0000000,0x00000000d8f8c698,0x00000000d9000000)
 Metaspace       used 62007K, committed 63488K, reserved 1114112K
  class space    used 6452K, committed 7104K, reserved 1048576K
}
Event: 28.340 GC heap after
{Heap after GC invocations=264 (full 3):
 PSYoungGen      total 3072K, used 96K [0x00000000eab00000, 0x00000000eaf80000, 0x0000000100000000)
  eden space 2560K, 0% used [0x00000000eab00000,0x00000000eab00000,0x00000000ead80000)
  from space 512K, 18% used [0x00000000eae80000,0x00000000eae98000,0x00000000eaf00000)
  to   space 512K, 0% used [0x00000000eaf00000,0x00000000eaf00000,0x00000000eaf80000)
 ParOldGen       total 409600K, used 409201K [0x00000000c0000000, 0x00000000d9000000, 0x00000000eab00000)
  object space 409600K, 99% used [0x00000000c0000000,0x00000000d8f9c698,0x00000000d9000000)
 Metaspace       used 62007K, committed 63488K, reserved 1114112K
  class space    used 6452K, committed 7104K, reserved 1048576K
}
Event: 28.373 GC heap before
{Heap before GC invocations=265 (full 3):
 PSYoungGen      total 3072K, used 2656K [0x00000000eab00000, 0x00000000eaf80000, 0x0000000100000000)
  eden space 2560K, 100% used [0x00000000eab00000,0x00000000ead80000,0x00000000ead80000)
  from space 512K, 18% used [0x00000000eae80000,0x00000000eae98000,0x00000000eaf00000)
  to   space 512K, 0% used [0x00000000eaf00000,0x00000000eaf00000,0x00000000eaf80000)
 ParOldGen       total 409600K, used 409201K [0x00000000c0000000, 0x00000000d9000000, 0x00000000eab00000)
  object space 409600K, 99% used [0x00000000c0000000,0x00000000d8f9c698,0x00000000d9000000)
 Metaspace       used 62015K, committed 63488K, reserved 1114112K
  class space    used 6454K, committed 7104K, reserved 1048576K
}
Event: 28.376 GC heap after
{Heap after GC invocations=265 (full 3):
 PSYoungGen      total 3072K, used 192K [0x00000000eab00000, 0x00000000eaf80000, 0x0000000100000000)
  eden space 2560K, 0% used [0x00000000eab00000,0x00000000eab00000,0x00000000ead80000)
  from space 512K, 37% used [0x00000000eaf00000,0x00000000eaf30000,0x00000000eaf80000)
  to   space 512K, 0% used [0x00000000eae80000,0x00000000eae80000,0x00000000eaf00000)
 ParOldGen       total 409600K, used 409281K [0x00000000c0000000, 0x00000000d9000000, 0x00000000eab00000)
  object space 409600K, 99% used [0x00000000c0000000,0x00000000d8fb0698,0x00000000d9000000)
 Metaspace       used 62015K, committed 63488K, reserved 1114112K
  class space    used 6454K, committed 7104K, reserved 1048576K
}
Event: 28.398 GC heap before
{Heap before GC invocations=266 (full 3):
 PSYoungGen      total 3072K, used 2752K [0x00000000eab00000, 0x00000000eaf80000, 0x0000000100000000)
  eden space 2560K, 100% used [0x00000000eab00000,0x00000000ead80000,0x00000000ead80000)
  from space 512K, 37% used [0x00000000eaf00000,0x00000000eaf30000,0x00000000eaf80000)
  to   space 512K, 0% used [0x00000000eae80000,0x00000000eae80000,0x00000000eaf00000)
 ParOldGen       total 409600K, used 409281K [0x00000000c0000000, 0x00000000d9000000, 0x00000000eab00000)
  object space 409600K, 99% used [0x00000000c0000000,0x00000000d8fb0698,0x00000000d9000000)
 Metaspace       used 62083K, committed 63552K, reserved 1114112K
  class space    used 6461K, committed 7104K, reserved 1048576K
}
Event: 28.400 GC heap after
{Heap after GC invocations=266 (full 3):
 PSYoungGen      total 3072K, used 488K [0x00000000eab00000, 0x00000000eaf80000, 0x0000000100000000)
  eden space 2560K, 0% used [0x00000000eab00000,0x00000000eab00000,0x00000000ead80000)
  from space 512K, 95% used [0x00000000eae80000,0x00000000eaefa200,0x00000000eaf00000)
  to   space 512K, 0% used [0x00000000eaf00000,0x00000000eaf00000,0x00000000eaf80000)
 ParOldGen       total 409600K, used 409385K [0x00000000c0000000, 0x00000000d9000000, 0x00000000eab00000)
  object space 409600K, 99% used [0x00000000c0000000,0x00000000d8fca648,0x00000000d9000000)
 Metaspace       used 62083K, committed 63552K, reserved 1114112K
  class space    used 6461K, committed 7104K, reserved 1048576K
}
Event: 28.420 GC heap before
{Heap before GC invocations=267 (full 3):
 PSYoungGen      total 3072K, used 3048K [0x00000000eab00000, 0x00000000eaf80000, 0x0000000100000000)
  eden space 2560K, 100% used [0x00000000eab00000,0x00000000ead80000,0x00000000ead80000)
  from space 512K, 95% used [0x00000000eae80000,0x00000000eaefa200,0x00000000eaf00000)
  to   space 512K, 0% used [0x00000000eaf00000,0x00000000eaf00000,0x00000000eaf80000)
 ParOldGen       total 409600K, used 409385K [0x00000000c0000000, 0x00000000d9000000, 0x00000000eab00000)
  object space 409600K, 99% used [0x00000000c0000000,0x00000000d8fca648,0x00000000d9000000)
 Metaspace       used 62110K, committed 63552K, reserved 1114112K
  class space    used 6466K, committed 7104K, reserved 1048576K
}
Event: 28.423 GC heap after
{Heap after GC invocations=267 (full 3):
 PSYoungGen      total 3072K, used 128K [0x00000000eab00000, 0x00000000eaf80000, 0x0000000100000000)
  eden space 2560K, 0% used [0x00000000eab00000,0x00000000eab00000,0x00000000ead80000)
  from space 512K, 25% used [0x00000000eaf00000,0x00000000eaf20000,0x00000000eaf80000)
  to   space 512K, 0% used [0x00000000eae80000,0x00000000eae80000,0x00000000eaf00000)
 ParOldGen       total 410112K, used 409843K [0x00000000c0000000, 0x00000000d9080000, 0x00000000eab00000)
  object space 410112K, 99% used [0x00000000c0000000,0x00000000d903cea8,0x00000000d9080000)
 Metaspace       used 62110K, committed 63552K, reserved 1114112K
  class space    used 6466K, committed 7104K, reserved 1048576K
}
Event: 28.439 GC heap before
{Heap before GC invocations=268 (full 3):
 PSYoungGen      total 3072K, used 2687K [0x00000000eab00000, 0x00000000eaf80000, 0x0000000100000000)
  eden space 2560K, 99% used [0x00000000eab00000,0x00000000ead7fff8,0x00000000ead80000)
  from space 512K, 25% used [0x00000000eaf00000,0x00000000eaf20000,0x00000000eaf80000)
  to   space 512K, 0% used [0x00000000eae80000,0x00000000eae80000,0x00000000eaf00000)
 ParOldGen       total 410112K, used 409843K [0x00000000c0000000, 0x00000000d9080000, 0x00000000eab00000)
  object space 410112K, 99% used [0x00000000c0000000,0x00000000d903cea8,0x00000000d9080000)
 Metaspace       used 62150K, committed 63616K, reserved 1114112K
  class space    used 6467K, committed 7104K, reserved 1048576K
}
Event: 28.440 GC heap after
{Heap after GC invocations=268 (full 3):
 PSYoungGen      total 3072K, used 224K [0x00000000eab00000, 0x00000000eaf80000, 0x0000000100000000)
  eden space 2560K, 0% used [0x00000000eab00000,0x00000000eab00000,0x00000000ead80000)
  from space 512K, 43% used [0x00000000eae80000,0x00000000eaeb8000,0x00000000eaf00000)
  to   space 512K, 0% used [0x00000000eaf00000,0x00000000eaf00000,0x00000000eaf80000)
 ParOldGen       total 410112K, used 409883K [0x00000000c0000000, 0x00000000d9080000, 0x00000000eab00000)
  object space 410112K, 99% used [0x00000000c0000000,0x00000000d9046ea8,0x00000000d9080000)
 Metaspace       used 62150K, committed 63616K, reserved 1114112K
  class space    used 6467K, committed 7104K, reserved 1048576K
}
Event: 28.475 GC heap before
{Heap before GC invocations=269 (full 3):
 PSYoungGen      total 3072K, used 2784K [0x00000000eab00000, 0x00000000eaf80000, 0x0000000100000000)
  eden space 2560K, 100% used [0x00000000eab00000,0x00000000ead80000,0x00000000ead80000)
  from space 512K, 43% used [0x00000000eae80000,0x00000000eaeb8000,0x00000000eaf00000)
  to   space 512K, 0% used [0x00000000eaf00000,0x00000000eaf00000,0x00000000eaf80000)
 ParOldGen       total 410112K, used 409883K [0x00000000c0000000, 0x00000000d9080000, 0x00000000eab00000)
  object space 410112K, 99% used [0x00000000c0000000,0x00000000d9046ea8,0x00000000d9080000)
 Metaspace       used 62264K, committed 63744K, reserved 1114112K
  class space    used 6481K, committed 7168K, reserved 1048576K
}
Event: 28.478 GC heap after
{Heap after GC invocations=269 (full 3):
 PSYoungGen      total 3072K, used 373K [0x00000000eab00000, 0x00000000eaf80000, 0x0000000100000000)
  eden space 2560K, 0% used [0x00000000eab00000,0x00000000eab00000,0x00000000ead80000)
  from space 512K, 72% used [0x00000000eaf00000,0x00000000eaf5d650,0x00000000eaf80000)
  to   space 512K, 0% used [0x00000000eae80000,0x00000000eae80000,0x00000000eaf00000)
 ParOldGen       total 410112K, used 409991K [0x00000000c0000000, 0x00000000d9080000, 0x00000000eab00000)
  object space 410112K, 99% used [0x00000000c0000000,0x00000000d9061d68,0x00000000d9080000)
 Metaspace       used 62264K, committed 63744K, reserved 1114112K
  class space    used 6481K, committed 7168K, reserved 1048576K
}
Event: 28.526 GC heap before
{Heap before GC invocations=270 (full 3):
 PSYoungGen      total 3072K, used 2933K [0x00000000eab00000, 0x00000000eaf80000, 0x0000000100000000)
  eden space 2560K, 100% used [0x00000000eab00000,0x00000000ead80000,0x00000000ead80000)
  from space 512K, 72% used [0x00000000eaf00000,0x00000000eaf5d650,0x00000000eaf80000)
  to   space 512K, 0% used [0x00000000eae80000,0x00000000eae80000,0x00000000eaf00000)
 ParOldGen       total 410112K, used 409991K [0x00000000c0000000, 0x00000000d9080000, 0x00000000eab00000)
  object space 410112K, 99% used [0x00000000c0000000,0x00000000d9061d68,0x00000000d9080000)
 Metaspace       used 62386K, committed 63872K, reserved 1114112K
  class space    used 6490K, committed 7168K, reserved 1048576K
}
Event: 28.528 GC heap after
{Heap after GC invocations=270 (full 3):
 PSYoungGen      total 3072K, used 224K [0x00000000eab00000, 0x00000000eaf80000, 0x0000000100000000)
  eden space 2560K, 0% used [0x00000000eab00000,0x00000000eab00000,0x00000000ead80000)
  from space 512K, 43% used [0x00000000eae80000,0x00000000eaeb8000,0x00000000eaf00000)
  to   space 512K, 0% used [0x00000000eaf00000,0x00000000eaf00000,0x00000000eaf80000)
 ParOldGen       total 410624K, used 410259K [0x00000000c0000000, 0x00000000d9100000, 0x00000000eab00000)
  object space 410624K, 99% used [0x00000000c0000000,0x00000000d90a4fe0,0x00000000d9100000)
 Metaspace       used 62386K, committed 63872K, reserved 1114112K
  class space    used 6490K, committed 7168K, reserved 1048576K
}
Event: 28.591 GC heap before
{Heap before GC invocations=271 (full 3):
 PSYoungGen      total 3072K, used 2783K [0x00000000eab00000, 0x00000000eaf80000, 0x0000000100000000)
  eden space 2560K, 99% used [0x00000000eab00000,0x00000000ead7fff8,0x00000000ead80000)
  from space 512K, 43% used [0x00000000eae80000,0x00000000eaeb8000,0x00000000eaf00000)
  to   space 512K, 0% used [0x00000000eaf00000,0x00000000eaf00000,0x00000000eaf80000)
 ParOldGen       total 410624K, used 410259K [0x00000000c0000000, 0x00000000d9100000, 0x00000000eab00000)
  object space 410624K, 99% used [0x00000000c0000000,0x00000000d90a4fe0,0x00000000d9100000)
 Metaspace       used 62642K, committed 64128K, reserved 1114112K
  class space    used 6508K, committed 7168K, reserved 1048576K
}
Event: 28.594 GC heap after
{Heap after GC invocations=271 (full 3):
 PSYoungGen      total 3072K, used 350K [0x00000000eab00000, 0x00000000eaf80000, 0x0000000100000000)
  eden space 2560K, 0% used [0x00000000eab00000,0x00000000eab00000,0x00000000ead80000)
  from space 512K, 68% used [0x00000000eaf00000,0x00000000eaf57b18,0x00000000eaf80000)
  to   space 512K, 0% used [0x00000000eae80000,0x00000000eae80000,0x00000000eaf00000)
 ParOldGen       total 410624K, used 410377K [0x00000000c0000000, 0x00000000d9100000, 0x00000000eab00000)
  object space 410624K, 99% used [0x00000000c0000000,0x00000000d90c2470,0x00000000d9100000)
 Metaspace       used 62642K, committed 64128K, reserved 1114112K
  class space    used 6508K, committed 7168K, reserved 1048576K
}
Event: 28.604 GC heap before
{Heap before GC invocations=272 (full 3):
 PSYoungGen      total 3072K, used 2910K [0x00000000eab00000, 0x00000000eaf80000, 0x0000000100000000)
  eden space 2560K, 100% used [0x00000000eab00000,0x00000000ead80000,0x00000000ead80000)
  from space 512K, 68% used [0x00000000eaf00000,0x00000000eaf57b18,0x00000000eaf80000)
  to   space 512K, 0% used [0x00000000eae80000,0x00000000eae80000,0x00000000eaf00000)
 ParOldGen       total 410624K, used 410377K [0x00000000c0000000, 0x00000000d9100000, 0x00000000eab00000)
  object space 410624K, 99% used [0x00000000c0000000,0x00000000d90c2470,0x00000000d9100000)
 Metaspace       used 62715K, committed 64192K, reserved 1114112K
  class space    used 6520K, committed 7168K, reserved 1048576K
}
Event: 28.611 GC heap after
{Heap after GC invocations=272 (full 3):
 PSYoungGen      total 3072K, used 288K [0x00000000eab00000, 0x00000000eaf80000, 0x0000000100000000)
  eden space 2560K, 0% used [0x00000000eab00000,0x00000000eab00000,0x00000000ead80000)
  from space 512K, 56% used [0x00000000eae80000,0x00000000eaec8040,0x00000000eaf00000)
  to   space 512K, 0% used [0x00000000eaf00000,0x00000000eaf00000,0x00000000eaf80000)
 ParOldGen       total 412160K, used 411802K [0x00000000c0000000, 0x00000000d9280000, 0x00000000eab00000)
  object space 412160K, 99% used [0x00000000c0000000,0x00000000d9226bf0,0x00000000d9280000)
 Metaspace       used 62715K, committed 64192K, reserved 1114112K
  class space    used 6520K, committed 7168K, reserved 1048576K
}

Dll operation events (11 events):
Event: 0.066 Loaded shared library c:\Users\abuba\.vscode\extensions\redhat.java-1.41.1-win32-x64\jre\21.0.6-win32-x86_64\bin\java.dll
Event: 0.279 Loaded shared library c:\Users\abuba\.vscode\extensions\redhat.java-1.41.1-win32-x64\jre\21.0.6-win32-x86_64\bin\zip.dll
Event: 0.368 Loaded shared library C:\Users\abuba\.vscode\extensions\redhat.java-1.41.1-win32-x64\jre\21.0.6-win32-x86_64\bin\instrument.dll
Event: 0.372 Loaded shared library C:\Users\abuba\.vscode\extensions\redhat.java-1.41.1-win32-x64\jre\21.0.6-win32-x86_64\bin\net.dll
Event: 0.373 Loaded shared library C:\Users\abuba\.vscode\extensions\redhat.java-1.41.1-win32-x64\jre\21.0.6-win32-x86_64\bin\nio.dll
Event: 0.377 Loaded shared library C:\Users\abuba\.vscode\extensions\redhat.java-1.41.1-win32-x64\jre\21.0.6-win32-x86_64\bin\zip.dll
Event: 0.418 Loaded shared library C:\Users\abuba\.vscode\extensions\redhat.java-1.41.1-win32-x64\jre\21.0.6-win32-x86_64\bin\jimage.dll
Event: 0.600 Loaded shared library c:\Users\abuba\.vscode\extensions\redhat.java-1.41.1-win32-x64\jre\21.0.6-win32-x86_64\bin\verify.dll
Event: 2.612 Loaded shared library C:\Users\abuba\AppData\Roaming\Code\User\globalStorage\redhat.java\1.41.1\config_win\org.eclipse.equinox.launcher\org.eclipse.equinox.launcher.win32.win32.x86_64_1.2.1300.v20250331-1702\eclipse_11911.dll
Event: 6.016 Loaded shared library C:\Users\abuba\AppData\Local\Temp\jna-92616627\jna7291499728851426159.dll
Event: 28.387 Loaded shared library C:\Users\abuba\.vscode\extensions\redhat.java-1.41.1-win32-x64\jre\21.0.6-win32-x86_64\bin\sunmscapi.dll

Deoptimization events (20 events):
Event: 28.555 Thread 0x0000024a72ec6bd0 Uncommon trap: trap_request=0xffffffde fr.pc=0x0000024a206e42c8 relative=0x0000000000000448
Event: 28.555 Thread 0x0000024a72ec6bd0 Uncommon trap: reason=class_check action=maybe_recompile pc=0x0000024a206e42c8 method=java.util.regex.Pattern$SliceU.match(Ljava/util/regex/Matcher;ILjava/lang/CharSequence;)Z @ 95 c2
Event: 28.555 Thread 0x0000024a72ec6bd0 DEOPT PACKING pc=0x0000024a206e42c8 sp=0x000000c9fc9fe1f0
Event: 28.555 Thread 0x0000024a72ec6bd0 DEOPT UNPACKING pc=0x0000024a1ffb6da2 sp=0x000000c9fc9fe178 mode 2
Event: 28.602 Thread 0x0000024a7423aa40 Uncommon trap: trap_request=0xffffff45 fr.pc=0x0000024a20920384 relative=0x0000000000007724
Event: 28.602 Thread 0x0000024a7423aa40 Uncommon trap: reason=unstable_if action=reinterpret pc=0x0000024a20920384 method=org.eclipse.jdt.internal.compiler.classfmt.ClassFileReader.<init>([B[CZ)V @ 2099 c2
Event: 28.602 Thread 0x0000024a7423aa40 DEOPT PACKING pc=0x0000024a20920384 sp=0x000000c9fc7fd320
Event: 28.602 Thread 0x0000024a7423aa40 DEOPT UNPACKING pc=0x0000024a1ffb6da2 sp=0x000000c9fc7fd2f0 mode 2
Event: 28.602 Thread 0x0000024a7423aa40 Uncommon trap: trap_request=0xffffffde fr.pc=0x0000024a20c40028 relative=0x0000000000001d48
Event: 28.602 Thread 0x0000024a7423aa40 Uncommon trap: reason=class_check action=maybe_recompile pc=0x0000024a20c40028 method=org.eclipse.jdt.internal.core.JavaModelCache.getInfo(Lorg/eclipse/jdt/core/IJavaElement;)Lorg/eclipse/jdt/internal/compiler/env/IElementInfo; @ 118 c2
Event: 28.602 Thread 0x0000024a7423aa40 DEOPT PACKING pc=0x0000024a20c40028 sp=0x000000c9fc7fd8d0
Event: 28.602 Thread 0x0000024a7423aa40 DEOPT UNPACKING pc=0x0000024a1ffb6da2 sp=0x000000c9fc7fd8a8 mode 2
Event: 28.602 Thread 0x0000024a7423aa40 Uncommon trap: trap_request=0xffffff45 fr.pc=0x0000024a2094b6ac relative=0x000000000000058c
Event: 28.602 Thread 0x0000024a7423aa40 Uncommon trap: reason=unstable_if action=reinterpret pc=0x0000024a2094b6ac method=org.eclipse.jdt.internal.compiler.classfmt.MethodInfo.getMethodDescriptor()[C @ 4 c2
Event: 28.602 Thread 0x0000024a7423aa40 DEOPT PACKING pc=0x0000024a2094b6ac sp=0x000000c9fc7fd830
Event: 28.602 Thread 0x0000024a7423aa40 DEOPT UNPACKING pc=0x0000024a1ffb6da2 sp=0x000000c9fc7fd7f8 mode 2
Event: 28.602 Thread 0x0000024a7423aa40 Uncommon trap: trap_request=0xffffff45 fr.pc=0x0000024a20a6571c relative=0x000000000000007c
Event: 28.602 Thread 0x0000024a7423aa40 Uncommon trap: reason=unstable_if action=reinterpret pc=0x0000024a20a6571c method=org.eclipse.jdt.internal.compiler.classfmt.MethodInfo.getExceptionTypeNames()[[C @ 4 c2
Event: 28.602 Thread 0x0000024a7423aa40 DEOPT PACKING pc=0x0000024a20a6571c sp=0x000000c9fc7fd860
Event: 28.602 Thread 0x0000024a7423aa40 DEOPT UNPACKING pc=0x0000024a1ffb6da2 sp=0x000000c9fc7fd800 mode 2

Classes loaded (20 events):
Event: 28.580 Loading class com/sun/crypto/provider/AESCrypt
Event: 28.581 Loading class com/sun/crypto/provider/AESConstants
Event: 28.581 Loading class com/sun/crypto/provider/AESConstants done
Event: 28.581 Loading class com/sun/crypto/provider/SymmetricCipher
Event: 28.581 Loading class com/sun/crypto/provider/SymmetricCipher done
Event: 28.581 Loading class com/sun/crypto/provider/AESCrypt done
Event: 28.584 Loading class com/sun/crypto/provider/ElectronicCodeBook
Event: 28.595 Loading class com/sun/crypto/provider/FeedbackCipher
Event: 28.595 Loading class com/sun/crypto/provider/FeedbackCipher done
Event: 28.595 Loading class com/sun/crypto/provider/ElectronicCodeBook done
Event: 28.595 Loading class com/sun/crypto/provider/PKCS5Padding
Event: 28.600 Loading class com/sun/crypto/provider/Padding
Event: 28.600 Loading class com/sun/crypto/provider/Padding done
Event: 28.600 Loading class com/sun/crypto/provider/PKCS5Padding done
Event: 28.600 Loading class com/sun/crypto/provider/CipherBlockChaining
Event: 28.600 Loading class com/sun/crypto/provider/CipherBlockChaining done
Event: 28.600 Loading class javax/crypto/NullCipher
Event: 28.601 Loading class javax/crypto/NullCipher done
Event: 28.601 Loading class sun/security/util/ArrayUtil
Event: 28.620 Loading class sun/security/util/ArrayUtil done

Classes unloaded (7 events):
Event: 8.297 Thread 0x0000024a158fcb20 Unloading class 0x0000024a2b194c00 'java/lang/invoke/LambdaForm$MH+0x0000024a2b194c00'
Event: 8.297 Thread 0x0000024a158fcb20 Unloading class 0x0000024a2b194800 'java/lang/invoke/LambdaForm$MH+0x0000024a2b194800'
Event: 8.297 Thread 0x0000024a158fcb20 Unloading class 0x0000024a2b194400 'java/lang/invoke/LambdaForm$MH+0x0000024a2b194400'
Event: 8.297 Thread 0x0000024a158fcb20 Unloading class 0x0000024a2b194000 'java/lang/invoke/LambdaForm$MH+0x0000024a2b194000'
Event: 8.297 Thread 0x0000024a158fcb20 Unloading class 0x0000024a2b193c00 'java/lang/invoke/LambdaForm$BMH+0x0000024a2b193c00'
Event: 8.297 Thread 0x0000024a158fcb20 Unloading class 0x0000024a2b193800 'java/lang/invoke/LambdaForm$DMH+0x0000024a2b193800'
Event: 8.297 Thread 0x0000024a158fcb20 Unloading class 0x0000024a2b192400 'java/lang/invoke/LambdaForm$DMH+0x0000024a2b192400'

Classes redefined (0 events):
No events

Internal exceptions (20 events):
Event: 28.486 Thread 0x0000024a7423c480 Exception <a 'sun/nio/fs/WindowsException'{0x00000000eabd30e0}> (0x00000000eabd30e0) 
thrown [s\src\hotspot\share\prims\jni.cpp, line 520]
Event: 28.486 Thread 0x0000024a7423c480 Exception <a 'sun/nio/fs/WindowsException'{0x00000000eabd3c00}> (0x00000000eabd3c00) 
thrown [s\src\hotspot\share\prims\jni.cpp, line 520]
Event: 28.488 Thread 0x0000024a7423c480 Exception <a 'sun/nio/fs/WindowsException'{0x00000000eabff2d0}> (0x00000000eabff2d0) 
thrown [s\src\hotspot\share\prims\jni.cpp, line 520]
Event: 28.488 Thread 0x0000024a7423c480 Exception <a 'sun/nio/fs/WindowsException'{0x00000000eabffe18}> (0x00000000eabffe18) 
thrown [s\src\hotspot\share\prims\jni.cpp, line 520]
Event: 28.513 Thread 0x0000024a70cdbf70 Exception <a 'sun/nio/fs/WindowsException'{0x00000000ead1b878}> (0x00000000ead1b878) 
thrown [s\src\hotspot\share\prims\jni.cpp, line 520]
Event: 28.513 Thread 0x0000024a70cdbf70 Exception <a 'sun/nio/fs/WindowsException'{0x00000000ead1bea8}> (0x00000000ead1bea8) 
thrown [s\src\hotspot\share\prims\jni.cpp, line 520]
Event: 28.513 Thread 0x0000024a70cdbf70 Exception <a 'sun/nio/fs/WindowsException'{0x00000000ead1cda8}> (0x00000000ead1cda8) 
thrown [s\src\hotspot\share\prims\jni.cpp, line 520]
Event: 28.513 Thread 0x0000024a70cdbf70 Exception <a 'sun/nio/fs/WindowsException'{0x00000000ead1d618}> (0x00000000ead1d618) 
thrown [s\src\hotspot\share\prims\jni.cpp, line 520]
Event: 28.516 Thread 0x0000024a70cdbf70 Exception <a 'sun/nio/fs/WindowsException'{0x00000000ead1efc0}> (0x00000000ead1efc0) 
thrown [s\src\hotspot\share\prims\jni.cpp, line 520]
Event: 28.516 Thread 0x0000024a70cdbf70 Exception <a 'sun/nio/fs/WindowsException'{0x00000000ead1f5f0}> (0x00000000ead1f5f0) 
thrown [s\src\hotspot\share\prims\jni.cpp, line 520]
Event: 28.518 Thread 0x0000024a70cdbf70 Exception <a 'sun/nio/fs/WindowsException'{0x00000000ead56308}> (0x00000000ead56308) 
thrown [s\src\hotspot\share\prims\jni.cpp, line 520]
Event: 28.518 Thread 0x0000024a70cdbf70 Exception <a 'sun/nio/fs/WindowsException'{0x00000000ead56be8}> (0x00000000ead56be8) 
thrown [s\src\hotspot\share\prims\jni.cpp, line 520]
Event: 28.544 Thread 0x0000024a70cdbf70 Exception <a 'sun/nio/fs/WindowsException'{0x00000000eaba22f0}> (0x00000000eaba22f0) 
thrown [s\src\hotspot\share\prims\jni.cpp, line 520]
Event: 28.544 Thread 0x0000024a70cdbf70 Exception <a 'sun/nio/fs/WindowsException'{0x00000000eaba8168}> (0x00000000eaba8168) 
thrown [s\src\hotspot\share\prims\jni.cpp, line 520]
Event: 28.545 Thread 0x0000024a70cdbf70 Exception <a 'sun/nio/fs/WindowsException'{0x00000000eaba9080}> (0x00000000eaba9080) 
thrown [s\src\hotspot\share\prims\jni.cpp, line 520]
Event: 28.545 Thread 0x0000024a70cdbf70 Exception <a 'sun/nio/fs/WindowsException'{0x00000000eaba96b0}> (0x00000000eaba96b0) 
thrown [s\src\hotspot\share\prims\jni.cpp, line 520]
Event: 28.545 Thread 0x0000024a70cdbf70 Exception <a 'sun/nio/fs/WindowsException'{0x00000000eabab040}> (0x00000000eabab040) 
thrown [s\src\hotspot\share\prims\jni.cpp, line 520]
Event: 28.545 Thread 0x0000024a70cdbf70 Exception <a 'sun/nio/fs/WindowsException'{0x00000000eabab670}> (0x00000000eabab670) 
thrown [s\src\hotspot\share\prims\jni.cpp, line 520]
Event: 28.552 Thread 0x0000024a70cdbf70 Exception <a 'sun/nio/fs/WindowsException'{0x00000000eabed4a0}> (0x00000000eabed4a0) 
thrown [s\src\hotspot\share\prims\jni.cpp, line 520]
Event: 28.552 Thread 0x0000024a70cdbf70 Exception <a 'sun/nio/fs/WindowsException'{0x00000000eabedd80}> (0x00000000eabedd80) 
thrown [s\src\hotspot\share\prims\jni.cpp, line 520]

ZGC Phase Switch (0 events):
No events

VM Operations (20 events):
Event: 28.373 Executing VM operation: ParallelGCFailedAllocation (Allocation Failure)
Event: 28.376 Executing VM operation: ParallelGCFailedAllocation (Allocation Failure) done
Event: 28.398 Executing VM operation: ParallelGCFailedAllocation (Allocation Failure)
Event: 28.400 Executing VM operation: ParallelGCFailedAllocation (Allocation Failure) done
Event: 28.418 Executing VM operation: ParallelGCFailedAllocation (Allocation Failure)
Event: 28.423 Executing VM operation: ParallelGCFailedAllocation (Allocation Failure) done
Event: 28.438 Executing VM operation: ParallelGCFailedAllocation (Allocation Failure)
Event: 28.440 Executing VM operation: ParallelGCFailedAllocation (Allocation Failure) done
Event: 28.472 Executing VM operation: ParallelGCFailedAllocation (Allocation Failure)
Event: 28.478 Executing VM operation: ParallelGCFailedAllocation (Allocation Failure) done
Event: 28.481 Executing VM operation: HandshakeAllThreads (Deoptimize)
Event: 28.482 Executing VM operation: HandshakeAllThreads (Deoptimize) done
Event: 28.520 Executing VM operation: ParallelGCFailedAllocation (Allocation Failure)
Event: 28.528 Executing VM operation: ParallelGCFailedAllocation (Allocation Failure) done
Event: 28.548 Executing VM operation: HandshakeAllThreads (Deoptimize)
Event: 28.548 Executing VM operation: HandshakeAllThreads (Deoptimize) done
Event: 28.585 Executing VM operation: ParallelGCFailedAllocation (Allocation Failure)
Event: 28.595 Executing VM operation: ParallelGCFailedAllocation (Allocation Failure) done
Event: 28.604 Executing VM operation: ParallelGCFailedAllocation (Allocation Failure)
Event: 28.611 Executing VM operation: ParallelGCFailedAllocation (Allocation Failure) done

Memory protections (0 events):
No events

Nmethod flushes (20 events):
Event: 15.785 Thread 0x0000024a158fcb20 flushing osr nmethod 0x0000024a193f1090
Event: 15.785 Thread 0x0000024a158fcb20 flushing  nmethod 0x0000024a193fbf10
Event: 15.785 Thread 0x0000024a158fcb20 flushing osr nmethod 0x0000024a1941f410
Event: 15.785 Thread 0x0000024a158fcb20 flushing  nmethod 0x0000024a1942f590
Event: 15.785 Thread 0x0000024a158fcb20 flushing  nmethod 0x0000024a1944cb90
Event: 15.785 Thread 0x0000024a158fcb20 flushing  nmethod 0x0000024a1944dc10
Event: 15.785 Thread 0x0000024a158fcb20 flushing  nmethod 0x0000024a1944f610
Event: 15.785 Thread 0x0000024a158fcb20 flushing  nmethod 0x0000024a1945b810
Event: 15.785 Thread 0x0000024a158fcb20 flushing  nmethod 0x0000024a19462b90
Event: 15.785 Thread 0x0000024a158fcb20 flushing  nmethod 0x0000024a19472790
Event: 15.785 Thread 0x0000024a158fcb20 flushing  nmethod 0x0000024a19473810
Event: 15.785 Thread 0x0000024a158fcb20 flushing  nmethod 0x0000024a1947cb10
Event: 15.785 Thread 0x0000024a158fcb20 flushing  nmethod 0x0000024a19482e10
Event: 15.785 Thread 0x0000024a158fcb20 flushing  nmethod 0x0000024a194a1d90
Event: 15.785 Thread 0x0000024a158fcb20 flushing  nmethod 0x0000024a194d3a90
Event: 15.785 Thread 0x0000024a158fcb20 flushing  nmethod 0x0000024a194d5310
Event: 15.785 Thread 0x0000024a158fcb20 flushing  nmethod 0x0000024a194d5910
Event: 15.785 Thread 0x0000024a158fcb20 flushing  nmethod 0x0000024a194d9d90
Event: 15.785 Thread 0x0000024a158fcb20 flushing  nmethod 0x0000024a194da510
Event: 15.785 Thread 0x0000024a158fcb20 flushing  nmethod 0x0000024a194df090

Events (20 events):
Event: 15.376 Thread 0x0000024a7423d830 Thread added: 0x0000024a7423cb10
Event: 15.377 Thread 0x0000024a7423d830 Thread added: 0x0000024a7423bdf0
Event: 15.377 Thread 0x0000024a7423d830 Thread added: 0x0000024a7423d1a0
Event: 15.563 Thread 0x0000024a70cdbf70 Thread added: 0x0000024a7423aa40
Event: 15.565 Thread 0x0000024a70cdbf70 Thread added: 0x0000024a7423b760
Event: 15.592 Thread 0x0000024a70cdbf70 Thread added: 0x0000024a7423c480
Event: 15.636 Thread 0x0000024a7423b760 Thread exited: 0x0000024a7423b760
Event: 15.636 Thread 0x0000024a7423aa40 Thread exited: 0x0000024a7423aa40
Event: 15.636 Thread 0x0000024a7423c480 Thread exited: 0x0000024a7423c480
Event: 15.645 Thread 0x0000024a70cdbf70 Thread added: 0x0000024a7423c480
Event: 19.642 Thread 0x0000024a713b6200 Thread exited: 0x0000024a713b6200
Event: 20.702 Thread 0x0000024a7423c480 Thread exited: 0x0000024a7423c480
Event: 24.773 Thread 0x0000024a29befeb0 Thread added: 0x0000024a7d73a600
Event: 25.736 Thread 0x0000024a7d73a600 Thread exited: 0x0000024a7d73a600
Event: 27.104 Thread 0x0000024a74238970 Thread added: 0x0000024a7423b760
Event: 27.569 Thread 0x0000024a29befeb0 Thread added: 0x0000024a7d4b2840
Event: 27.654 Thread 0x0000024a7423b760 Thread added: 0x0000024a7423c480
Event: 27.704 Thread 0x0000024a7423c480 Thread added: 0x0000024a7423aa40
Event: 27.767 Thread 0x0000024a70cdbf70 Thread added: 0x0000024a72ec3de0
Event: 28.155 Thread 0x0000024a7423b760 Thread added: 0x0000024a72ec6bd0


Dynamic libraries:
0x00007ff7a87c0000 - 0x00007ff7a87ce000 	c:\Users\abuba\.vscode\extensions\redhat.java-1.41.1-win32-x64\jre\21.0.6-win32-x86_64\bin\java.exe
0x00007ffb53a80000 - 0x00007ffb53ce3000 	C:\WINDOWS\SYSTEM32\ntdll.dll
0x00007ffb52660000 - 0x00007ffb52727000 	C:\WINDOWS\System32\KERNEL32.DLL
0x00007ffb51210000 - 0x00007ffb515d9000 	C:\WINDOWS\System32\KERNELBASE.dll
0x00007ffb515e0000 - 0x00007ffb5172c000 	C:\WINDOWS\System32\ucrtbase.dll
0x00007ffb38210000 - 0x00007ffb38228000 	c:\Users\abuba\.vscode\extensions\redhat.java-1.41.1-win32-x64\jre\21.0.6-win32-x86_64\bin\jli.dll
0x00007ffb533c0000 - 0x00007ffb5358a000 	C:\WINDOWS\System32\USER32.dll
0x00007ffb51140000 - 0x00007ffb51167000 	C:\WINDOWS\System32\win32u.dll
0x00007ffb53150000 - 0x00007ffb5317a000 	C:\WINDOWS\System32\GDI32.dll
0x00007ffb50dd0000 - 0x00007ffb50f01000 	C:\WINDOWS\System32\gdi32full.dll
0x00007ffb51090000 - 0x00007ffb51133000 	C:\WINDOWS\System32\msvcp_win.dll
0x00007ffb26a70000 - 0x00007ffb26a8e000 	c:\Users\abuba\.vscode\extensions\redhat.java-1.41.1-win32-x64\jre\21.0.6-win32-x86_64\bin\VCRUNTIME140.dll
0x00007ffb3af50000 - 0x00007ffb3b1e0000 	C:\WINDOWS\WinSxS\amd64_microsoft.windows.common-controls_6595b64144ccf1df_6.0.26100.3323_none_3e088096e3344490\COMCTL32.dll
0x00007ffb531e0000 - 0x00007ffb53289000 	C:\WINDOWS\System32\msvcrt.dll
0x00007ffb52470000 - 0x00007ffb5249f000 	C:\WINDOWS\System32\IMM32.DLL
0x00007ffb37550000 - 0x00007ffb3755c000 	c:\Users\abuba\.vscode\extensions\redhat.java-1.41.1-win32-x64\jre\21.0.6-win32-x86_64\bin\vcruntime140_1.dll
0x00007ffb0dea0000 - 0x00007ffb0df2d000 	c:\Users\abuba\.vscode\extensions\redhat.java-1.41.1-win32-x64\jre\21.0.6-win32-x86_64\bin\msvcp140.dll
0x00007ffac0de0000 - 0x00007ffac1b70000 	c:\Users\abuba\.vscode\extensions\redhat.java-1.41.1-win32-x64\jre\21.0.6-win32-x86_64\bin\server\jvm.dll
0x00007ffb527f0000 - 0x00007ffb528a2000 	C:\WINDOWS\System32\ADVAPI32.dll
0x00007ffb51b60000 - 0x00007ffb51c06000 	C:\WINDOWS\System32\sechost.dll
0x00007ffb52540000 - 0x00007ffb52656000 	C:\WINDOWS\System32\RPCRT4.dll
0x00007ffb530d0000 - 0x00007ffb53144000 	C:\WINDOWS\System32\WS2_32.dll
0x00007ffb50b10000 - 0x00007ffb50b5e000 	C:\WINDOWS\SYSTEM32\POWRPROF.dll
0x00007ffb47f00000 - 0x00007ffb47f36000 	C:\WINDOWS\SYSTEM32\WINMM.dll
0x00007ffb3eea0000 - 0x00007ffb3eeab000 	C:\WINDOWS\SYSTEM32\VERSION.dll
0x00007ffb50af0000 - 0x00007ffb50b04000 	C:\WINDOWS\SYSTEM32\UMPDC.dll
0x00007ffb4faa0000 - 0x00007ffb4faba000 	C:\WINDOWS\SYSTEM32\kernel.appcore.dll
0x00007ffb319d0000 - 0x00007ffb319da000 	c:\Users\abuba\.vscode\extensions\redhat.java-1.41.1-win32-x64\jre\21.0.6-win32-x86_64\bin\jimage.dll
0x00007ffb4df50000 - 0x00007ffb4e191000 	C:\WINDOWS\SYSTEM32\DBGHELP.DLL
0x00007ffb51c10000 - 0x00007ffb51f92000 	C:\WINDOWS\System32\combase.dll
0x00007ffb532e0000 - 0x00007ffb533b6000 	C:\WINDOWS\System32\OLEAUT32.dll
0x00007ffb2d2b0000 - 0x00007ffb2d2e9000 	C:\WINDOWS\SYSTEM32\dbgcore.DLL
0x00007ffb51170000 - 0x00007ffb51209000 	C:\WINDOWS\System32\bcryptPrimitives.dll
0x00007ffb2dbe0000 - 0x00007ffb2dbef000 	c:\Users\abuba\.vscode\extensions\redhat.java-1.41.1-win32-x64\jre\21.0.6-win32-x86_64\bin\instrument.dll
0x00007ffb258e0000 - 0x00007ffb258ff000 	c:\Users\abuba\.vscode\extensions\redhat.java-1.41.1-win32-x64\jre\21.0.6-win32-x86_64\bin\java.dll
0x00007ffb529b0000 - 0x00007ffb530c5000 	C:\WINDOWS\System32\SHELL32.dll
0x00007ffb51730000 - 0x00007ffb51898000 	C:\WINDOWS\System32\wintypes.dll
0x00007ffb4e980000 - 0x00007ffb4f1c5000 	C:\WINDOWS\SYSTEM32\windows.storage.dll
0x00007ffb52160000 - 0x00007ffb5224b000 	C:\WINDOWS\System32\SHCORE.dll
0x00007ffb518a0000 - 0x00007ffb518fd000 	C:\WINDOWS\System32\shlwapi.dll
0x00007ffb50b90000 - 0x00007ffb50bbf000 	C:\WINDOWS\SYSTEM32\profapi.dll
0x00007ffb258c0000 - 0x00007ffb258d8000 	c:\Users\abuba\.vscode\extensions\redhat.java-1.41.1-win32-x64\jre\21.0.6-win32-x86_64\bin\zip.dll
0x00007ffb2cfb0000 - 0x00007ffb2cfc0000 	C:\Users\abuba\.vscode\extensions\redhat.java-1.41.1-win32-x64\jre\21.0.6-win32-x86_64\bin\net.dll
0x00007ffb420f0000 - 0x00007ffb4220e000 	C:\WINDOWS\SYSTEM32\WINHTTP.dll
0x00007ffb4ffc0000 - 0x00007ffb5002a000 	C:\WINDOWS\system32\mswsock.dll
0x00007ffb25680000 - 0x00007ffb25696000 	C:\Users\abuba\.vscode\extensions\redhat.java-1.41.1-win32-x64\jre\21.0.6-win32-x86_64\bin\nio.dll
0x00007ffb26a60000 - 0x00007ffb26a70000 	c:\Users\abuba\.vscode\extensions\redhat.java-1.41.1-win32-x64\jre\21.0.6-win32-x86_64\bin\verify.dll
0x00007ffb1cf10000 - 0x00007ffb1cf55000 	C:\Users\abuba\AppData\Roaming\Code\User\globalStorage\redhat.java\1.41.1\config_win\org.eclipse.equinox.launcher\org.eclipse.equinox.launcher.win32.win32.x86_64_1.2.1300.v20250331-1702\eclipse_11911.dll
0x00007ffb51fa0000 - 0x00007ffb52135000 	C:\WINDOWS\System32\ole32.dll
0x00007ffb50260000 - 0x00007ffb5027c000 	C:\WINDOWS\SYSTEM32\CRYPTSP.dll
0x00007ffb4fa00000 - 0x00007ffb4fa3a000 	C:\WINDOWS\system32\rsaenh.dll
0x00007ffb50060000 - 0x00007ffb5008b000 	C:\WINDOWS\SYSTEM32\USERENV.dll
0x00007ffb504a0000 - 0x00007ffb504c6000 	C:\WINDOWS\SYSTEM32\bcrypt.dll
0x00007ffb50280000 - 0x00007ffb5028c000 	C:\WINDOWS\SYSTEM32\CRYPTBASE.dll
0x00007ffb4f620000 - 0x00007ffb4f653000 	C:\WINDOWS\SYSTEM32\IPHLPAPI.DLL
0x00007ffb524b0000 - 0x00007ffb524ba000 	C:\WINDOWS\System32\NSI.dll
0x00007ffb1b8d0000 - 0x00007ffb1b919000 	C:\Users\abuba\AppData\Local\Temp\jna-92616627\jna7291499728851426159.dll
0x00007ffb52250000 - 0x00007ffb52258000 	C:\WINDOWS\System32\PSAPI.DLL
0x00007ffb4a3f0000 - 0x00007ffb4a40f000 	C:\WINDOWS\SYSTEM32\dhcpcsvc6.DLL
0x00007ffb4a3c0000 - 0x00007ffb4a3e5000 	C:\WINDOWS\SYSTEM32\dhcpcsvc.DLL
0x00007ffb3ee90000 - 0x00007ffb3ee9e000 	C:\Users\abuba\.vscode\extensions\redhat.java-1.41.1-win32-x64\jre\21.0.6-win32-x86_64\bin\sunmscapi.dll
0x00007ffb50f10000 - 0x00007ffb51087000 	C:\WINDOWS\System32\CRYPT32.dll
0x00007ffb50460000 - 0x00007ffb50490000 	C:\WINDOWS\SYSTEM32\ncrypt.dll
0x00007ffb50410000 - 0x00007ffb5044f000 	C:\WINDOWS\SYSTEM32\NTASN1.dll

dbghelp: loaded successfully - version: 4.0.5 - missing functions: none
symbol engine: initialized successfully - sym options: 0x614 - pdb path: .;c:\Users\abuba\.vscode\extensions\redhat.java-1.41.1-win32-x64\jre\21.0.6-win32-x86_64\bin;C:\WINDOWS\SYSTEM32;C:\WINDOWS\WinSxS\amd64_microsoft.windows.common-controls_6595b64144ccf1df_6.0.26100.3323_none_3e088096e3344490;c:\Users\abuba\.vscode\extensions\redhat.java-1.41.1-win32-x64\jre\21.0.6-win32-x86_64\bin\server;C:\Users\abuba\AppData\Roaming\Code\User\globalStorage\redhat.java\1.41.1\config_win\org.eclipse.equinox.launcher\org.eclipse.equinox.launcher.win32.win32.x86_64_1.2.1300.v20250331-1702;C:\Users\abuba\AppData\Local\Temp\jna-92616627

VM Arguments:
jvm_args: --add-modules=ALL-SYSTEM --add-opens=java.base/java.util=ALL-UNNAMED --add-opens=java.base/java.lang=ALL-UNNAMED --add-opens=java.base/sun.nio.fs=ALL-UNNAMED -Declipse.application=org.eclipse.jdt.ls.core.id1 -Dosgi.bundles.defaultStartLevel=4 -Declipse.product=org.eclipse.jdt.ls.core.product -Djava.import.generatesMetadataFilesAtProjectRoot=false -DDetectVMInstallationsJob.disabled=true -Dfile.encoding=utf8 -XX:+UseParallelGC -XX:GCTimeRatio=4 -XX:AdaptiveSizePolicyWeight=90 -Dsun.zip.disableMemoryMapping=true -Xmx1G -Xms100m -Xlog:disable -javaagent:c:\Users\abuba\.vscode\extensions\redhat.java-1.41.1-win32-x64\lombok\lombok-1.18.36.jar -XX:+HeapDumpOnOutOfMemoryError -XX:HeapDumpPath=c:\Users\abuba\AppData\Roaming\Code\User\workspaceStorage\00a4f39a1ff25c0c8f0fd2a3140c35e3\redhat.java -Daether.dependencyCollector.impl=bf 
java_command: c:\Users\abuba\.vscode\extensions\redhat.java-1.41.1-win32-x64\server\plugins\org.eclipse.equinox.launcher_1.7.0.v20250331-1702.jar -configuration c:\Users\abuba\AppData\Roaming\Code\User\globalStorage\redhat.java\1.41.1\config_win -data c:\Users\abuba\AppData\Roaming\Code\User\workspaceStorage\00a4f39a1ff25c0c8f0fd2a3140c35e3\redhat.java\jdt_ws --pipe=\\.\pipe\lsp-001d365bd97123b166bb3e6a33b2da83-sock
java_class_path (initial): c:\Users\abuba\.vscode\extensions\redhat.java-1.41.1-win32-x64\server\plugins\org.eclipse.equinox.launcher_1.7.0.v20250331-1702.jar
Launcher Type: SUN_STANDARD

[Global flags]
    uintx AdaptiveSizePolicyWeight                 = 90                                        {product} {command line}
     intx CICompilerCount                          = 3                                         {product} {ergonomic}
    uintx GCTimeRatio                              = 4                                         {product} {command line}
     bool HeapDumpOnOutOfMemoryError               = true                                   {manageable} {command line}
    ccstr HeapDumpPath                             = c:\Users\abuba\AppData\Roaming\Code\User\workspaceStorage\00a4f39a1ff25c0c8f0fd2a3140c35e3\redhat.java         {manageable} {command line}
   size_t InitialHeapSize                          = 104857600                                 {product} {command line}
   size_t MaxHeapSize                              = 1073741824                                {product} {command line}
   size_t MaxNewSize                               = 357564416                                 {product} {ergonomic}
   size_t MinHeapDeltaBytes                        = 524288                                    {product} {ergonomic}
   size_t MinHeapSize                              = 104857600                                 {product} {command line}
   size_t NewSize                                  = 34603008                                  {product} {ergonomic}
    uintx NonNMethodCodeHeapSize                   = 5832780                                {pd product} {ergonomic}
    uintx NonProfiledCodeHeapSize                  = 122912730                              {pd product} {ergonomic}
   size_t OldSize                                  = 70254592                                  {product} {ergonomic}
    uintx ProfiledCodeHeapSize                     = 122912730                              {pd product} {ergonomic}
    uintx ReservedCodeCacheSize                    = 251658240                              {pd product} {ergonomic}
     bool SegmentedCodeCache                       = true                                      {product} {ergonomic}
   size_t SoftMaxHeapSize                          = 1073741824                             {manageable} {ergonomic}
     bool UseCompressedOops                        = true                           {product lp64_product} {ergonomic}
     bool UseLargePagesIndividualAllocation        = false                                  {pd product} {ergonomic}
     bool UseParallelGC                            = true                                      {product} {command line}

Logging:
Log output configuration:
 #0: stdout all=off uptime,level,tags foldmultilines=false
 #1: stderr all=off uptime,level,tags foldmultilines=false

Environment Variables:
PATH=C:\Program Files\Common Files\Oracle\Java\javapath;C:\Users\abuba\Downloads\jdk-20_windows-x64_bin (1).zip\jdk-20.0.2\bin;C:\Users\abuba\Downloads\jdk-22_windows-x64_bin.zip\jdk-22.0.1\bin;F:\Microsoft VS Code\bin;C:\Windows\System32;C:\Program Files\dotnet\;C:\WINDOWS\system32;C:\WINDOWS;C:\WINDOWS\System32\Wbem;C:\WINDOWS\System32\WindowsPowerShell\v1.0\;C:\WINDOWS\System32\OpenSSH\;C:\Program Files\nodejs\;C:\Users\abuba\AppData\Roaming\npm;C:\Users\abuba\Downloads\apache-maven-3.9.9-bin\apache-maven-3.9.9\bin;C:\Users\abuba\AppData\Local\Programs\Python\Python313\Scripts\;C:\Users\abuba\AppData\Local\Programs\Python\Python313\;C:\Program Files\MySQL\MySQL Shell 8.0\bin\;C:\Users\abuba\AppData\Local\Microsoft\WindowsApps;C:\MinGW\bin;C:\Users\abuba\Downloads\jdk-22_windows-x64_bin.zip\jdk-22.0.1\bin;C:\Users\abuba\AppData\Local\Programs\Microsoft VS Code\bin;C:\Program Files\JetBrains\IntelliJ IDEA 2024.3.3\bin;;C:\Users\abuba\Downloads\cmake-4.0.0-rc4\cmake-4.0.0-rc4
USERNAME=abuba
OS=Windows_NT
PROCESSOR_IDENTIFIER=Intel64 Family 6 Model 140 Stepping 1, GenuineIntel
TMP=C:\Users\abuba\AppData\Local\Temp
TEMP=C:\Users\abuba\AppData\Local\Temp




Periodic native trim disabled

---------------  S Y S T E M  ---------------

OS:
 Windows 11 , 64 bit Build 26100 (10.0.26100.3323)
OS uptime: 0 days 2:09 hours

CPU: total 4 (initial active 4) (2 cores per cpu, 2 threads per core) family 6 model 140 stepping 1 microcode 0x9a, cx8, cmov, fxsr, ht, mmx, 3dnowpref, sse, sse2, sse3, ssse3, sse4.1, sse4.2, popcnt, lzcnt, tsc, tscinvbit, avx, avx2, aes, erms, clmul, bmi1, bmi2, adx, avx512f, avx512dq, avx512cd, avx512bw, avx512vl, sha, fma, vzeroupper, avx512_vpopcntdq, avx512_vpclmulqdq, avx512_vaes, avx512_vnni, clflush, clflushopt, clwb, avx512_vbmi2, avx512_vbmi, rdtscp, rdpid, fsrm, gfni, avx512_bitalg, f16c, pku, cet_ibt, cet_ss, avx512_ifma
Processor Information for the first 4 processors :
  Max Mhz: 2995, Current Mhz: 2995, Mhz Limit: 2995

Memory: 4k page, system-wide physical 7991M (893M free)
TotalPageFile size 11972M (AvailPageFile size 4M)
current process WorkingSet (physical memory assigned to process): 759M, peak: 759M
current process commit charge ("private bytes"): 657M, peak: 657M

vm_info: OpenJDK 64-Bit Server VM (21.0.6+7-LTS) for windows-amd64 JRE (21.0.6+7-LTS), built on 2025-01-21T00:00:00Z by "admin" with MS VC++ 17.7 (VS2022)

END.
