#
# There is insufficient memory for the Java Runtime Environment to continue.
# Native memory allocation (malloc) failed to allocate 1185296 bytes. Error detail: Chunk::new
# Possible reasons:
#   The system is out of physical RAM or swap space
#   This process is running with CompressedOops enabled, and the Java Heap may be blocking the growth of the native heap
# Possible solutions:
#   Reduce memory load on the system
#   Increase physical memory or swap space
#   Check if swap backing store is full
#   Decrease Java heap size (-Xmx/-Xms)
#   Decrease number of Java threads
#   Decrease Java thread stack sizes (-Xss)
#   Set larger code cache with -XX:ReservedCodeCacheSize=
#   JVM is running with Unscaled Compressed Oops mode in which the Java heap is
#     placed in the first 4GB address space. The Java Heap base address is the
#     maximum limit for the native heap growth. Please use -XX:HeapBaseMinAddress
#     to set the Java Heap base and to place the Java Heap above 4GB virtual address.
# This output file may be truncated or incomplete.
#
#  Out of Memory Error (arena.cpp:149), pid=14508, tid=2424
#
# JRE version: Java(TM) SE Runtime Environment (23.0.1+11) (build 23.0.1+11-39)
# Java VM: Java HotSpot(TM) 64-Bit Server VM (23.0.1+11-39, mixed mode, sharing, tiered, compressed oops, compressed class ptrs, g1 gc, windows-amd64)
# No core dump will be written. Minidumps are not enabled by default on client versions of Windows
#

---------------  S U M M A R Y ------------

Command Line: -Dclassworlds.conf=C:\Users\abuba\Downloads\apache-maven-3.9.9-bin\apache-maven-3.9.9\bin\m2.conf -Dmaven.home=C:\Users\abuba\Downloads\apache-maven-3.9.9-bin\apache-maven-3.9.9 -Dlibrary.jansi.path=C:\Users\abuba\Downloads\apache-maven-3.9.9-bin\apache-maven-3.9.9\lib\jansi-native -Dmaven.multiModuleProjectDirectory=F:\zeoTap\wrangler org.codehaus.plexus.classworlds.launcher.Launcher clean install

Host: 11th Gen Intel(R) Core(TM) i3-1115G4 @ 3.00GHz, 4 cores, 7G,  Windows 11 , 64 bit Build 26100 (10.0.26100.3323)
Time: Sun Apr 13 15:53:47 2025 India Standard Time elapsed time: 4.838776 seconds (0d 0h 0m 4s)

---------------  T H R E A D  ---------------

Current thread (0x00000187f66a61c0):  JavaThread "C2 CompilerThread0" daemon [_thread_in_native, id=2424, stack(0x0000007fdd500000,0x0000007fdd600000) (1024K)]


Current CompileTask:
C2:4838 6403   !   4       com.google.inject.spi.InjectionPoint::getInjectionPoints (491 bytes)

Stack: [0x0000007fdd500000,0x0000007fdd600000]
Native frames: (J=compiled Java code, j=interpreted, Vv=VM code, C=native code)
V  [jvm.dll+0x6e08b9]  (no source info available)
V  [jvm.dll+0x87dc83]  (no source info available)
V  [jvm.dll+0x88010e]  (no source info available)
V  [jvm.dll+0x8807e3]  (no source info available)
V  [jvm.dll+0x27aee6]  (no source info available)
V  [jvm.dll+0xbc06f]  (no source info available)
V  [jvm.dll+0xbc2cb]  (no source info available)
V  [jvm.dll+0x3b3a62]  (no source info available)
V  [jvm.dll+0x1dc19c]  (no source info available)
V  [jvm.dll+0x244be5]  (no source info available)
V  [jvm.dll+0x243dff]  (no source info available)
V  [jvm.dll+0x1c33a0]  (no source info available)
V  [jvm.dll+0x253cf1]  (no source info available)
V  [jvm.dll+0x251faa]  (no source info available)
V  [jvm.dll+0x3ee036]  (no source info available)
V  [jvm.dll+0x824f8b]  (no source info available)
V  [jvm.dll+0x6df065]  (no source info available)
C  [ucrtbase.dll+0x37b0]  (no source info available)
C  [KERNEL32.DLL+0x2e8d7]  (no source info available)
C  [ntdll.dll+0xbbf6c]  (no source info available)

Lock stack of current Java thread (top to bottom):


---------------  P R O C E S S  ---------------

Threads class SMR info:
_java_thread_list=0x00000187c7efc610, length=13, elements={
0x00000187d815a3f0, 0x00000187f667e6f0, 0x00000187f667f240, 0x00000187f6692bd0,
0x00000187f6694ac0, 0x00000187f669ead0, 0x00000187f669f620, 0x00000187f66a61c0,
0x00000187f66a6d60, 0x00000187c511f850, 0x00000187c5124ae0, 0x00000187c5d5e730,
0x00000187c648f710
}

Java Threads: ( => current thread )
  0x00000187d815a3f0 JavaThread "main"                              [_thread_in_vm, id=7920, stack(0x0000007fdc700000,0x0000007fdc800000) (1024K)]
  0x00000187f667e6f0 JavaThread "Reference Handler"          daemon [_thread_blocked, id=14036, stack(0x0000007fdcf00000,0x0000007fdd000000) (1024K)]
  0x00000187f667f240 JavaThread "Finalizer"                  daemon [_thread_blocked, id=14740, stack(0x0000007fdd000000,0x0000007fdd100000) (1024K)]
  0x00000187f6692bd0 JavaThread "Signal Dispatcher"          daemon [_thread_blocked, id=15048, stack(0x0000007fdd100000,0x0000007fdd200000) (1024K)]
  0x00000187f6694ac0 JavaThread "Attach Listener"            daemon [_thread_blocked, id=13612, stack(0x0000007fdd200000,0x0000007fdd300000) (1024K)]
  0x00000187f669ead0 JavaThread "Service Thread"             daemon [_thread_blocked, id=1516, stack(0x0000007fdd300000,0x0000007fdd400000) (1024K)]
  0x00000187f669f620 JavaThread "Monitor Deflation Thread"   daemon [_thread_blocked, id=15892, stack(0x0000007fdd400000,0x0000007fdd500000) (1024K)]
=>0x00000187f66a61c0 JavaThread "C2 CompilerThread0"         daemon [_thread_in_native, id=2424, stack(0x0000007fdd500000,0x0000007fdd600000) (1024K)]
  0x00000187f66a6d60 JavaThread "C1 CompilerThread0"         daemon [_thread_blocked, id=9364, stack(0x0000007fdd600000,0x0000007fdd700000) (1024K)]
  0x00000187c511f850 JavaThread "Notification Thread"        daemon [_thread_blocked, id=15984, stack(0x0000007fdd700000,0x0000007fdd800000) (1024K)]
  0x00000187c5124ae0 JavaThread "Common-Cleaner"             daemon [_thread_blocked, id=18508, stack(0x0000007fdd800000,0x0000007fdd900000) (1024K)]
  0x00000187c5d5e730 JavaThread "C2 CompilerThread1"         daemon [_thread_in_native, id=7668, stack(0x0000007fddc00000,0x0000007fddd00000) (1024K)]
  0x00000187c648f710 JavaThread "Thread-1"                   daemon [_thread_blocked, id=5132, stack(0x0000007fddd00000,0x0000007fdde00000) (1024K)]
Total: 13

Other Threads:
  0x00000187f66658b0 VMThread "VM Thread"                           [id=14060, stack(0x0000007fdce00000,0x0000007fdcf00000) (1024K)]
  0x00000187f664f630 WatcherThread "VM Periodic Task Thread"        [id=3436, stack(0x0000007fdcd00000,0x0000007fdce00000) (1024K)]
  0x00000187da3b1660 WorkerThread "GC Thread#0"                     [id=18068, stack(0x0000007fdc800000,0x0000007fdc900000) (1024K)]
  0x00000187c5c16b20 WorkerThread "GC Thread#1"                     [id=6276, stack(0x0000007fdd900000,0x0000007fdda00000) (1024K)]
  0x00000187c5c16ed0 WorkerThread "GC Thread#2"                     [id=5404, stack(0x0000007fdda00000,0x0000007fddb00000) (1024K)]
  0x00000187c5cefa30 WorkerThread "GC Thread#3"                     [id=12136, stack(0x0000007fddb00000,0x0000007fddc00000) (1024K)]
  0x00000187da3c6e00 ConcurrentGCThread "G1 Main Marker"            [id=3996, stack(0x0000007fdc900000,0x0000007fdca00000) (1024K)]
  0x00000187da3c7910 WorkerThread "G1 Conc#0"                       [id=8500, stack(0x0000007fdca00000,0x0000007fdcb00000) (1024K)]
  0x00000187f651b120 ConcurrentGCThread "G1 Refine#0"               [id=2672, stack(0x0000007fdcb00000,0x0000007fdcc00000) (1024K)]
  0x00000187f651d960 ConcurrentGCThread "G1 Service"                [id=11084, stack(0x0000007fdcc00000,0x0000007fdcd00000) (1024K)]
Total: 10

Threads with active compile tasks:
C2 CompilerThread0  4886 6403   !   4       com.google.inject.spi.InjectionPoint::getInjectionPoints (491 bytes)
C1 CompilerThread0  4886 6670       2       java.util.ImmutableCollections$List12::<init> (21 bytes)
C2 CompilerThread1  4886 6355       4       org.apache.maven.model.inheritance.DefaultInheritanceAssembler$InheritanceModelMerger::mergePluginContainer_Plugins (433 bytes)
Total: 3

VM state: not at safepoint (normal execution)

VM Mutex/Monitor currently owned by a thread: None

Heap address: 0x0000000083200000, size: 1998 MB, Compressed Oops mode: 32-bit

CDS archive(s) mapped at: [0x0000018780000000-0x0000018780d70000-0x0000018780d70000), size 14090240, SharedBaseAddress: 0x0000018780000000, ArchiveRelocationMode: 1.
Compressed class space mapped at: 0x0000018781000000-0x00000187c1000000, reserved size: 1073741824
Narrow klass base: 0x0000018780000000, Narrow klass shift: 0, Narrow klass range: 0x41000000

GC Precious Log:
 CardTable entry size: 512
 Card Set container configuration: InlinePtr #cards 5 size 8 Array Of Cards #cards 10 size 36 Howl #buckets 4 coarsen threshold 1843 Howl Bitmap #cards 512 size 80 coarsen threshold 460 Card regions per heap region 1 cards per card region 2048
 CPUs: 4 total, 4 available
 Memory: 7991M
 Large Page Support: Disabled
 NUMA Support: Disabled
 Compressed Oops: Enabled (32-bit)
 Heap Region Size: 1M
 Heap Min Capacity: 8M
 Heap Initial Capacity: 126M
 Heap Max Capacity: 1998M
 Pre-touch: Disabled
 Parallel Workers: 4
 Concurrent Workers: 1
 Concurrent Refinement Workers: 4
 Periodic GC: Disabled

Heap:
 garbage-first heap   total reserved 2045952K, committed 73728K, used 42845K [0x0000000083200000, 0x0000000100000000)
  region size 1024K, 26 young (26624K), 1 survivors (1024K)
 Metaspace       used 33382K, committed 33856K, reserved 1114112K
  class space    used 4048K, committed 4224K, reserved 1048576K

Heap Regions: E=young(eden), S=young(survivor), O=old, HS=humongous(starts), HC=humongous(continues), CS=collection set, F=free, TAMS=top-at-mark-start, PB=parsable bottom
|   0|0x0000000083200000, 0x0000000083300000, 0x0000000083300000|100%| O|  |TAMS 0x0000000083200000| PB 0x0000000083200000| Untracked |  0
|   1|0x0000000083300000, 0x0000000083400000, 0x0000000083400000|100%| O|  |TAMS 0x0000000083300000| PB 0x0000000083300000| Untracked |  0
|   2|0x0000000083400000, 0x0000000083500000, 0x0000000083500000|100%| O|  |TAMS 0x0000000083400000| PB 0x0000000083400000| Untracked |  0
|   3|0x0000000083500000, 0x0000000083600000, 0x0000000083600000|100%| O|  |TAMS 0x0000000083500000| PB 0x0000000083500000| Untracked |  0
|   4|0x0000000083600000, 0x0000000083700000, 0x0000000083700000|100%| O|  |TAMS 0x0000000083600000| PB 0x0000000083600000| Untracked |  0
|   5|0x0000000083700000, 0x0000000083800000, 0x0000000083800000|100%| O|  |TAMS 0x0000000083700000| PB 0x0000000083700000| Untracked |  0
|   6|0x0000000083800000, 0x00000000838e3da0, 0x0000000083900000| 89%| O|  |TAMS 0x0000000083800000| PB 0x0000000083800000| Untracked |  0
|   7|0x0000000083900000, 0x0000000083a00000, 0x0000000083a00000|100%| O|  |TAMS 0x0000000083900000| PB 0x0000000083900000| Untracked |  0
|   8|0x0000000083a00000, 0x0000000083b00000, 0x0000000083b00000|100%| O|  |TAMS 0x0000000083a00000| PB 0x0000000083a00000| Untracked |  0
|   9|0x0000000083b00000, 0x0000000083c00000, 0x0000000083c00000|100%| O|  |TAMS 0x0000000083b00000| PB 0x0000000083b00000| Untracked |  0
|  10|0x0000000083c00000, 0x0000000083d00000, 0x0000000083d00000|100%| O|  |TAMS 0x0000000083c00000| PB 0x0000000083c00000| Untracked |  0
|  11|0x0000000083d00000, 0x0000000083e00000, 0x0000000083e00000|100%| O|  |TAMS 0x0000000083d00000| PB 0x0000000083d00000| Untracked |  0
|  12|0x0000000083e00000, 0x0000000083f00000, 0x0000000083f00000|100%| O|  |TAMS 0x0000000083e00000| PB 0x0000000083e00000| Untracked |  0
|  13|0x0000000083f00000, 0x0000000084000000, 0x0000000084000000|100%| O|  |TAMS 0x0000000083f00000| PB 0x0000000083f00000| Untracked |  0
|  14|0x0000000084000000, 0x0000000084100000, 0x0000000084100000|100%| O|  |TAMS 0x0000000084000000| PB 0x0000000084000000| Untracked |  0
|  15|0x0000000084100000, 0x0000000084200000, 0x0000000084200000|100%| O|Cm|TAMS 0x0000000084100000| PB 0x0000000084100000| Complete |  0
|  16|0x0000000084200000, 0x0000000084200000, 0x0000000084300000|  0%| F|  |TAMS 0x0000000084200000| PB 0x0000000084200000| Untracked |  0
|  17|0x0000000084300000, 0x0000000084300000, 0x0000000084400000|  0%| F|  |TAMS 0x0000000084300000| PB 0x0000000084300000| Untracked |  0
|  18|0x0000000084400000, 0x0000000084400000, 0x0000000084500000|  0%| F|  |TAMS 0x0000000084400000| PB 0x0000000084400000| Untracked |  0
|  19|0x0000000084500000, 0x0000000084500000, 0x0000000084600000|  0%| F|  |TAMS 0x0000000084500000| PB 0x0000000084500000| Untracked |  0
|  20|0x0000000084600000, 0x0000000084600000, 0x0000000084700000|  0%| F|  |TAMS 0x0000000084600000| PB 0x0000000084600000| Untracked |  0
|  21|0x0000000084700000, 0x0000000084700000, 0x0000000084800000|  0%| F|  |TAMS 0x0000000084700000| PB 0x0000000084700000| Untracked |  0
|  22|0x0000000084800000, 0x0000000084800000, 0x0000000084900000|  0%| F|  |TAMS 0x0000000084800000| PB 0x0000000084800000| Untracked |  0
|  23|0x0000000084900000, 0x0000000084900000, 0x0000000084a00000|  0%| F|  |TAMS 0x0000000084900000| PB 0x0000000084900000| Untracked |  0
|  24|0x0000000084a00000, 0x0000000084a00000, 0x0000000084b00000|  0%| F|  |TAMS 0x0000000084a00000| PB 0x0000000084a00000| Untracked |  0
|  25|0x0000000084b00000, 0x0000000084c00000, 0x0000000084c00000|100%| O|  |TAMS 0x0000000084b00000| PB 0x0000000084b00000| Untracked |  0
|  26|0x0000000084c00000, 0x0000000084d00000, 0x0000000084d00000|100%| O|  |TAMS 0x0000000084c00000| PB 0x0000000084c00000| Untracked |  0
|  27|0x0000000084d00000, 0x0000000084d00000, 0x0000000084e00000|  0%| F|  |TAMS 0x0000000084d00000| PB 0x0000000084d00000| Untracked |  0
|  28|0x0000000084e00000, 0x0000000084e00000, 0x0000000084f00000|  0%| F|  |TAMS 0x0000000084e00000| PB 0x0000000084e00000| Untracked |  0
|  29|0x0000000084f00000, 0x0000000084f00000, 0x0000000085000000|  0%| F|  |TAMS 0x0000000084f00000| PB 0x0000000084f00000| Untracked |  0
|  30|0x0000000085000000, 0x0000000085000000, 0x0000000085100000|  0%| F|  |TAMS 0x0000000085000000| PB 0x0000000085000000| Untracked |  0
|  31|0x0000000085100000, 0x0000000085100000, 0x0000000085200000|  0%| F|  |TAMS 0x0000000085100000| PB 0x0000000085100000| Untracked |  0
|  32|0x0000000085200000, 0x0000000085200000, 0x0000000085300000|  0%| F|  |TAMS 0x0000000085200000| PB 0x0000000085200000| Untracked |  0
|  33|0x0000000085300000, 0x0000000085300000, 0x0000000085400000|  0%| F|  |TAMS 0x0000000085300000| PB 0x0000000085300000| Untracked |  0
|  34|0x0000000085400000, 0x0000000085400000, 0x0000000085500000|  0%| F|  |TAMS 0x0000000085400000| PB 0x0000000085400000| Untracked |  0
|  35|0x0000000085500000, 0x0000000085500000, 0x0000000085600000|  0%| F|  |TAMS 0x0000000085500000| PB 0x0000000085500000| Untracked |  0
|  36|0x0000000085600000, 0x0000000085600000, 0x0000000085700000|  0%| F|  |TAMS 0x0000000085600000| PB 0x0000000085600000| Untracked |  0
|  37|0x0000000085700000, 0x0000000085700000, 0x0000000085800000|  0%| F|  |TAMS 0x0000000085700000| PB 0x0000000085700000| Untracked |  0
|  38|0x0000000085800000, 0x0000000085800000, 0x0000000085900000|  0%| F|  |TAMS 0x0000000085800000| PB 0x0000000085800000| Untracked |  0
|  39|0x0000000085900000, 0x0000000085900000, 0x0000000085a00000|  0%| F|  |TAMS 0x0000000085900000| PB 0x0000000085900000| Untracked |  0
|  40|0x0000000085a00000, 0x0000000085a00000, 0x0000000085b00000|  0%| F|  |TAMS 0x0000000085a00000| PB 0x0000000085a00000| Untracked |  0
|  41|0x0000000085b00000, 0x0000000085b00000, 0x0000000085c00000|  0%| F|  |TAMS 0x0000000085b00000| PB 0x0000000085b00000| Untracked |  0
|  42|0x0000000085c00000, 0x0000000085c00000, 0x0000000085d00000|  0%| F|  |TAMS 0x0000000085c00000| PB 0x0000000085c00000| Untracked |  0
|  43|0x0000000085d00000, 0x0000000085d00000, 0x0000000085e00000|  0%| F|  |TAMS 0x0000000085d00000| PB 0x0000000085d00000| Untracked |  0
|  44|0x0000000085e00000, 0x0000000085e00000, 0x0000000085f00000|  0%| F|  |TAMS 0x0000000085e00000| PB 0x0000000085e00000| Untracked |  0
|  45|0x0000000085f00000, 0x0000000085f00000, 0x0000000086000000|  0%| F|  |TAMS 0x0000000085f00000| PB 0x0000000085f00000| Untracked |  0
|  46|0x0000000086000000, 0x0000000086063b08, 0x0000000086100000| 38%| E|  |TAMS 0x0000000086000000| PB 0x0000000086000000| Complete |  0
|  47|0x0000000086100000, 0x0000000086200000, 0x0000000086200000|100%| E|CS|TAMS 0x0000000086100000| PB 0x0000000086100000| Complete |  0
|  48|0x0000000086200000, 0x0000000086300000, 0x0000000086300000|100%| E|CS|TAMS 0x0000000086200000| PB 0x0000000086200000| Complete |  0
|  49|0x0000000086300000, 0x0000000086400000, 0x0000000086400000|100%| E|CS|TAMS 0x0000000086300000| PB 0x0000000086300000| Complete |  0
|  50|0x0000000086400000, 0x00000000864f3698, 0x0000000086500000| 95%| S|CS|TAMS 0x0000000086400000| PB 0x0000000086400000| Complete |  0
|  51|0x0000000086500000, 0x0000000086600000, 0x0000000086600000|100%| E|CS|TAMS 0x0000000086500000| PB 0x0000000086500000| Complete |  0
|  52|0x0000000086600000, 0x0000000086700000, 0x0000000086700000|100%| E|CS|TAMS 0x0000000086600000| PB 0x0000000086600000| Complete |  0
|  53|0x0000000086700000, 0x0000000086800000, 0x0000000086800000|100%| E|CS|TAMS 0x0000000086700000| PB 0x0000000086700000| Complete |  0
|  54|0x0000000086800000, 0x0000000086900000, 0x0000000086900000|100%| E|CS|TAMS 0x0000000086800000| PB 0x0000000086800000| Complete |  0
|  55|0x0000000086900000, 0x0000000086a00000, 0x0000000086a00000|100%| E|CS|TAMS 0x0000000086900000| PB 0x0000000086900000| Complete |  0
|  56|0x0000000086a00000, 0x0000000086b00000, 0x0000000086b00000|100%| E|CS|TAMS 0x0000000086a00000| PB 0x0000000086a00000| Complete |  0
|  57|0x0000000086b00000, 0x0000000086c00000, 0x0000000086c00000|100%| E|CS|TAMS 0x0000000086b00000| PB 0x0000000086b00000| Complete |  0
|  58|0x0000000086c00000, 0x0000000086d00000, 0x0000000086d00000|100%| E|CS|TAMS 0x0000000086c00000| PB 0x0000000086c00000| Complete |  0
|  59|0x0000000086d00000, 0x0000000086e00000, 0x0000000086e00000|100%| E|CS|TAMS 0x0000000086d00000| PB 0x0000000086d00000| Complete |  0
|  60|0x0000000086e00000, 0x0000000086f00000, 0x0000000086f00000|100%| E|CS|TAMS 0x0000000086e00000| PB 0x0000000086e00000| Complete |  0
|  61|0x0000000086f00000, 0x0000000087000000, 0x0000000087000000|100%| E|CS|TAMS 0x0000000086f00000| PB 0x0000000086f00000| Complete |  0
|  62|0x0000000087000000, 0x0000000087100000, 0x0000000087100000|100%| E|CS|TAMS 0x0000000087000000| PB 0x0000000087000000| Complete |  0
|  63|0x0000000087100000, 0x0000000087200000, 0x0000000087200000|100%| E|  |TAMS 0x0000000087100000| PB 0x0000000087100000| Complete |  0
|  64|0x0000000087200000, 0x0000000087300000, 0x0000000087300000|100%| E|CS|TAMS 0x0000000087200000| PB 0x0000000087200000| Complete |  0
|  87|0x0000000088900000, 0x0000000088a00000, 0x0000000088a00000|100%| E|CS|TAMS 0x0000000088900000| PB 0x0000000088900000| Complete |  0
|  88|0x0000000088a00000, 0x0000000088b00000, 0x0000000088b00000|100%| E|CS|TAMS 0x0000000088a00000| PB 0x0000000088a00000| Complete |  0
|  89|0x0000000088b00000, 0x0000000088c00000, 0x0000000088c00000|100%| E|CS|TAMS 0x0000000088b00000| PB 0x0000000088b00000| Complete |  0
|  90|0x0000000088c00000, 0x0000000088d00000, 0x0000000088d00000|100%| E|CS|TAMS 0x0000000088c00000| PB 0x0000000088c00000| Complete |  0
|  91|0x0000000088d00000, 0x0000000088e00000, 0x0000000088e00000|100%| E|CS|TAMS 0x0000000088d00000| PB 0x0000000088d00000| Complete |  0
|  92|0x0000000088e00000, 0x0000000088f00000, 0x0000000088f00000|100%| E|CS|TAMS 0x0000000088e00000| PB 0x0000000088e00000| Complete |  0
|  93|0x0000000088f00000, 0x0000000089000000, 0x0000000089000000|100%| E|CS|TAMS 0x0000000088f00000| PB 0x0000000088f00000| Complete |  0

Card table byte_map: [0x00000187f1e80000,0x00000187f2270000] _byte_map_base: 0x00000187f1a67000

Marking Bits: (CMBitMap*) 0x00000187da3b1d70
 Bits: [0x00000187f2270000, 0x00000187f41a8000)

Polling page: 0x00000187d8110000

Metaspace:

Usage:
  Non-class:     28.65 MB used.
      Class:      3.95 MB used.
       Both:     32.61 MB used.

Virtual space:
  Non-class space:       64.00 MB reserved,      28.94 MB ( 45%) committed,  1 nodes.
      Class space:        1.00 GB reserved,       4.12 MB ( <1%) committed,  1 nodes.
             Both:        1.06 GB reserved,      33.06 MB (  3%) committed. 

Chunk freelists:
   Non-Class:  2.86 MB
       Class:  11.69 MB
        Both:  14.55 MB

MaxMetaspaceSize: unlimited
CompressedClassSpaceSize: 1.00 GB
Initial GC threshold: 21.00 MB
Current GC threshold: 49.94 MB
CDS: on
 - commit_granule_bytes: 65536.
 - commit_granule_words: 8192.
 - virtual_space_node_default_size: 8388608.
 - enlarge_chunks_in_place: 1.
 - use_allocation_guard: 0.


Internal statistics:

num_allocs_failed_limit: 3.
num_arena_births: 298.
num_arena_deaths: 0.
num_vsnodes_births: 2.
num_vsnodes_deaths: 0.
num_space_committed: 529.
num_space_uncommitted: 0.
num_chunks_returned_to_freelist: 3.
num_chunks_taken_from_freelist: 1431.
num_chunk_merges: 3.
num_chunk_splits: 1070.
num_chunks_enlarged: 882.
num_inconsistent_stats: 0.

CodeHeap 'non-profiled nmethods': size=120064Kb used=2260Kb max_used=2301Kb free=117804Kb
 bounds [0x00000187ea550000, 0x00000187ea7c0000, 0x00000187f1a90000]
CodeHeap 'profiled nmethods': size=120000Kb used=9679Kb max_used=9679Kb free=110320Kb
 bounds [0x00000187e2a90000, 0x00000187e3420000, 0x00000187e9fc0000]
CodeHeap 'non-nmethods': size=5696Kb used=1635Kb max_used=1702Kb free=4060Kb
 bounds [0x00000187e9fc0000, 0x00000187ea230000, 0x00000187ea550000]
CodeCache: size=245760Kb, used=13574Kb, max_used=13682Kb, free=232184Kb
 total_blobs=6575, nmethods=5987, adapters=492, full_count=0
Compilation: enabled, stopped_count=0, restarted_count=0

Compilation events (20 events):
Event: 4.825 Thread 0x00000187f66a6d60 nmethod 6639 0x00000187e2ad2708 code [0x00000187e2ad2820, 0x00000187e2ad2928]
Event: 4.825 Thread 0x00000187f66a6d60 6640   !   2       org.stringtemplate.v4.compiler.STParser::expr (145 bytes)
Event: 4.826 Thread 0x00000187f66a6d60 nmethod 6640 0x00000187e2c43388 code [0x00000187e2c43560, 0x00000187e2c43ba8]
Event: 4.826 Thread 0x00000187f66a6d60 6642   !   2       org.stringtemplate.v4.compiler.STParser::mapExpr (1349 bytes)
Event: 4.830 Thread 0x00000187f66a6d60 nmethod 6642 0x00000187e2ac8288 code [0x00000187e2ac8ac0, 0x00000187e2acc800]
Event: 4.830 Thread 0x00000187f66a6d60 6643       2       org.stringtemplate.v4.compiler.GroupLexer::mID (382 bytes)
Event: 4.831 Thread 0x00000187f66a6d60 nmethod 6643 0x00000187e2c42208 code [0x00000187e2c424c0, 0x00000187e2c430b8]
Event: 4.831 Thread 0x00000187f66a6d60 6641       2       org.stringtemplate.v4.compiler.STParser$expr_return::getTree (5 bytes)
Event: 4.831 Thread 0x00000187f66a6d60 nmethod 6641 0x00000187e2ab4588 code [0x00000187e2ab46a0, 0x00000187e2ab47a8]
Event: 4.831 Thread 0x00000187f66a6d60 6645   !   2       org.stringtemplate.v4.compiler.STParser::exprTag (535 bytes)
Event: 4.833 Thread 0x00000187f66a6d60 nmethod 6645 0x00000187e2ab2908 code [0x00000187e2ab2cc0, 0x00000187e2ab4408]
Event: 4.833 Thread 0x00000187f66a6d60 6646       2       org.stringtemplate.v4.compiler.CompiledST::addArg (93 bytes)
Event: 4.833 Thread 0x00000187f66a6d60 nmethod 6646 0x00000187e2c1d408 code [0x00000187e2c1d5e0, 0x00000187e2c1dee0]
Event: 4.833 Thread 0x00000187f66a6d60 6647   !   2       java.util.Collections$SynchronizedMap::size (24 bytes)
Event: 4.833 Thread 0x00000187f66a6d60 nmethod 6647 0x00000187e2ab2488 code [0x00000187e2ab25c0, 0x00000187e2ab2888]
Event: 4.833 Thread 0x00000187f66a6d60 6644       1       org.antlr.runtime.tree.TreeParser::setTreeNodeStream (6 bytes)
Event: 4.833 Thread 0x00000187f66a6d60 nmethod 6644 0x00000187ea5dcd88 code [0x00000187ea5dcea0, 0x00000187ea5dcfb0]
Event: 4.834 Thread 0x00000187f66a6d60 6650   !   2       org.stringtemplate.v4.compiler.STParser::template (475 bytes)
Event: 4.835 Thread 0x00000187f66a6d60 nmethod 6650 0x00000187e2c1c588 code [0x00000187e2c1c7c0, 0x00000187e2c1d2f8]
Event: 4.835 Thread 0x00000187f66a6d60 6652   !   2       org.stringtemplate.v4.compiler.CodeGenerator::chunk (126 bytes)

GC Heap History (20 events):
Event: 0.511 GC heap before
{Heap before GC invocations=1 (full 0):
 garbage-first heap   total reserved 2045952K, committed 129024K, used 16554K [0x0000000083200000, 0x0000000100000000)
  region size 1024K, 15 young (15360K), 2 survivors (2048K)
 Metaspace       used 6193K, committed 6400K, reserved 1114112K
  class space    used 765K, committed 896K, reserved 1048576K
}
Event: 0.515 GC heap after
{Heap after GC invocations=2 (full 0):
 garbage-first heap   total reserved 2045952K, committed 129024K, used 4117K [0x0000000083200000, 0x0000000100000000)
  region size 1024K, 1 young (1024K), 1 survivors (1024K)
 Metaspace       used 6193K, committed 6400K, reserved 1114112K
  class space    used 765K, committed 896K, reserved 1048576K
}
Event: 1.181 GC heap before
{Heap before GC invocations=2 (full 0):
 garbage-first heap   total reserved 2045952K, committed 129024K, used 38933K [0x0000000083200000, 0x0000000100000000)
  region size 1024K, 36 young (36864K), 1 survivors (1024K)
 Metaspace       used 11887K, committed 12160K, reserved 1114112K
  class space    used 1490K, committed 1600K, reserved 1048576K
}
Event: 1.185 GC heap after
{Heap after GC invocations=3 (full 0):
 garbage-first heap   total reserved 2045952K, committed 129024K, used 6436K [0x0000000083200000, 0x0000000100000000)
  region size 1024K, 3 young (3072K), 3 survivors (3072K)
 Metaspace       used 11887K, committed 12160K, reserved 1114112K
  class space    used 1490K, committed 1600K, reserved 1048576K
}
Event: 1.974 GC heap before
{Heap before GC invocations=3 (full 0):
 garbage-first heap   total reserved 2045952K, committed 129024K, used 46372K [0x0000000083200000, 0x0000000100000000)
  region size 1024K, 42 young (43008K), 3 survivors (3072K)
 Metaspace       used 16823K, committed 17152K, reserved 1114112K
  class space    used 2073K, committed 2240K, reserved 1048576K
}
Event: 1.984 GC heap after
{Heap after GC invocations=4 (full 0):
 garbage-first heap   total reserved 2045952K, committed 129024K, used 10409K [0x0000000083200000, 0x0000000100000000)
  region size 1024K, 6 young (6144K), 6 survivors (6144K)
 Metaspace       used 16823K, committed 17152K, reserved 1114112K
  class space    used 2073K, committed 2240K, reserved 1048576K
}
Event: 2.569 GC heap before
{Heap before GC invocations=4 (full 0):
 garbage-first heap   total reserved 2045952K, committed 129024K, used 42153K [0x0000000083200000, 0x0000000100000000)
  region size 1024K, 38 young (38912K), 6 survivors (6144K)
 Metaspace       used 21248K, committed 21504K, reserved 1114112K
  class space    used 2594K, committed 2688K, reserved 1048576K
}
Event: 2.578 GC heap after
{Heap after GC invocations=5 (full 0):
 garbage-first heap   total reserved 2045952K, committed 129024K, used 13535K [0x0000000083200000, 0x0000000100000000)
  region size 1024K, 7 young (7168K), 7 survivors (7168K)
 Metaspace       used 21248K, committed 21504K, reserved 1114112K
  class space    used 2594K, committed 2688K, reserved 1048576K
}
Event: 3.202 GC heap before
{Heap before GC invocations=6 (full 0):
 garbage-first heap   total reserved 2045952K, committed 48128K, used 35039K [0x0000000083200000, 0x0000000100000000)
  region size 1024K, 28 young (28672K), 7 survivors (7168K)
 Metaspace       used 26828K, committed 27136K, reserved 1114112K
  class space    used 3261K, committed 3392K, reserved 1048576K
}
Event: 3.214 GC heap after
{Heap after GC invocations=7 (full 0):
 garbage-first heap   total reserved 2045952K, committed 48128K, used 15568K [0x0000000083200000, 0x0000000100000000)
  region size 1024K, 3 young (3072K), 3 survivors (3072K)
 Metaspace       used 26828K, committed 27136K, reserved 1114112K
  class space    used 3261K, committed 3392K, reserved 1048576K
}
Event: 3.498 GC heap before
{Heap before GC invocations=7 (full 0):
 garbage-first heap   total reserved 2045952K, committed 48128K, used 37072K [0x0000000083200000, 0x0000000100000000)
  region size 1024K, 24 young (24576K), 3 survivors (3072K)
 Metaspace       used 27345K, committed 27712K, reserved 1114112K
  class space    used 3295K, committed 3456K, reserved 1048576K
}
Event: 3.502 GC heap after
{Heap after GC invocations=8 (full 0):
 garbage-first heap   total reserved 2045952K, committed 58368K, used 16470K [0x0000000083200000, 0x0000000100000000)
  region size 1024K, 2 young (2048K), 2 survivors (2048K)
 Metaspace       used 27345K, committed 27712K, reserved 1114112K
  class space    used 3295K, committed 3456K, reserved 1048576K
}
Event: 3.882 GC heap before
{Heap before GC invocations=8 (full 0):
 garbage-first heap   total reserved 2045952K, committed 58368K, used 45142K [0x0000000083200000, 0x0000000100000000)
  region size 1024K, 30 young (30720K), 2 survivors (2048K)
 Metaspace       used 29256K, committed 29696K, reserved 1114112K
  class space    used 3553K, committed 3712K, reserved 1048576K
}
Event: 3.885 GC heap after
{Heap after GC invocations=9 (full 0):
 garbage-first heap   total reserved 2045952K, committed 58368K, used 18358K [0x0000000083200000, 0x0000000100000000)
  region size 1024K, 4 young (4096K), 4 survivors (4096K)
 Metaspace       used 29256K, committed 29696K, reserved 1114112K
  class space    used 3553K, committed 3712K, reserved 1048576K
}
Event: 3.961 GC heap before
{Heap before GC invocations=9 (full 0):
 garbage-first heap   total reserved 2045952K, committed 58368K, used 31670K [0x0000000083200000, 0x0000000100000000)
  region size 1024K, 9 young (9216K), 4 survivors (4096K)
 Metaspace       used 29930K, committed 30400K, reserved 1114112K
  class space    used 3642K, committed 3840K, reserved 1048576K
}
Event: 3.965 GC heap after
{Heap after GC invocations=10 (full 0):
 garbage-first heap   total reserved 2045952K, committed 58368K, used 28157K [0x0000000083200000, 0x0000000100000000)
  region size 1024K, 3 young (3072K), 3 survivors (3072K)
 Metaspace       used 29930K, committed 30400K, reserved 1114112K
  class space    used 3642K, committed 3840K, reserved 1048576K
}
Event: 3.983 GC heap before
{Heap before GC invocations=10 (full 0):
 garbage-first heap   total reserved 2045952K, committed 58368K, used 32253K [0x0000000083200000, 0x0000000100000000)
  region size 1024K, 5 young (5120K), 3 survivors (3072K)
 Metaspace       used 30153K, committed 30592K, reserved 1114112K
  class space    used 3679K, committed 3904K, reserved 1048576K
}
Event: 3.985 GC heap after
{Heap after GC invocations=11 (full 0):
 garbage-first heap   total reserved 2045952K, committed 58368K, used 31237K [0x0000000083200000, 0x0000000100000000)
  region size 1024K, 1 young (1024K), 1 survivors (1024K)
 Metaspace       used 30153K, committed 30592K, reserved 1114112K
  class space    used 3679K, committed 3904K, reserved 1048576K
}
Event: 4.466 GC heap before
{Heap before GC invocations=12 (full 0):
 garbage-first heap   total reserved 2045952K, committed 73728K, used 62981K [0x0000000083200000, 0x0000000100000000)
  region size 1024K, 21 young (21504K), 1 survivors (1024K)
 Metaspace       used 30492K, committed 30912K, reserved 1114112K
  class space    used 3697K, committed 3904K, reserved 1048576K
}
Event: 4.468 GC heap after
{Heap after GC invocations=13 (full 0):
 garbage-first heap   total reserved 2045952K, committed 73728K, used 19293K [0x0000000083200000, 0x0000000100000000)
  region size 1024K, 1 young (1024K), 1 survivors (1024K)
 Metaspace       used 30492K, committed 30912K, reserved 1114112K
  class space    used 3697K, committed 3904K, reserved 1048576K
}

Dll operation events (8 events):
Event: 0.006 Loaded shared library C:\Program Files\Java\jdk-23\bin\java.dll
Event: 0.028 Loaded shared library C:\Program Files\Java\jdk-23\bin\jsvml.dll
Event: 0.041 Loaded shared library C:\Program Files\Java\jdk-23\bin\net.dll
Event: 0.042 Loaded shared library C:\Program Files\Java\jdk-23\bin\nio.dll
Event: 0.044 Loaded shared library C:\Program Files\Java\jdk-23\bin\zip.dll
Event: 0.128 Loaded shared library C:\Program Files\Java\jdk-23\bin\jimage.dll
Event: 0.129 Loaded shared library C:\Users\abuba\Downloads\apache-maven-3.9.9-bin\apache-maven-3.9.9\lib\jansi-native\Windows\x86_64\jansi.dll
Event: 0.139 Loaded shared library C:\Program Files\Java\jdk-23\bin\verify.dll

Deoptimization events (20 events):
Event: 4.503 Thread 0x00000187d815a3f0 Uncommon trap: trap_request=0xffffffc6 fr.pc=0x00000187ea67c050 relative=0x00000000000005b0
Event: 4.503 Thread 0x00000187d815a3f0 Uncommon trap: reason=bimorphic_or_optimized_type_check action=maybe_recompile pc=0x00000187ea67c050 method=java.util.regex.Pattern$BmpCharPropertyGreedy.match(Ljava/util/regex/Matcher;ILjava/lang/CharSequence;)Z @ 26 c2
Event: 4.503 Thread 0x00000187d815a3f0 DEOPT PACKING pc=0x00000187ea67c050 sp=0x0000007fdc7fe360
Event: 4.503 Thread 0x00000187d815a3f0 DEOPT UNPACKING pc=0x00000187ea017982 sp=0x0000007fdc7fe318 mode 2
Event: 4.806 Thread 0x00000187d815a3f0 Uncommon trap: trap_request=0xffffffc6 fr.pc=0x00000187ea754300 relative=0x0000000000000480
Event: 4.806 Thread 0x00000187d815a3f0 Uncommon trap: reason=bimorphic_or_optimized_type_check action=maybe_recompile pc=0x00000187ea754300 method=java.util.regex.Pattern$Slice.match(Ljava/util/regex/Matcher;ILjava/lang/CharSequence;)Z @ 75 c2
Event: 4.806 Thread 0x00000187d815a3f0 DEOPT PACKING pc=0x00000187ea754300 sp=0x0000007fdc7fda60
Event: 4.806 Thread 0x00000187d815a3f0 DEOPT UNPACKING pc=0x00000187ea017982 sp=0x0000007fdc7fd9e0 mode 2
Event: 4.806 Thread 0x00000187d815a3f0 Uncommon trap: trap_request=0xffffffc6 fr.pc=0x00000187ea754300 relative=0x0000000000000480
Event: 4.806 Thread 0x00000187d815a3f0 Uncommon trap: reason=bimorphic_or_optimized_type_check action=maybe_recompile pc=0x00000187ea754300 method=java.util.regex.Pattern$Slice.match(Ljava/util/regex/Matcher;ILjava/lang/CharSequence;)Z @ 75 c2
Event: 4.806 Thread 0x00000187d815a3f0 DEOPT PACKING pc=0x00000187ea754300 sp=0x0000007fdc7fda60
Event: 4.806 Thread 0x00000187d815a3f0 DEOPT UNPACKING pc=0x00000187ea017982 sp=0x0000007fdc7fd9e0 mode 2
Event: 4.807 Thread 0x00000187d815a3f0 Uncommon trap: trap_request=0xffffffc6 fr.pc=0x00000187ea754300 relative=0x0000000000000480
Event: 4.807 Thread 0x00000187d815a3f0 Uncommon trap: reason=bimorphic_or_optimized_type_check action=maybe_recompile pc=0x00000187ea754300 method=java.util.regex.Pattern$Slice.match(Ljava/util/regex/Matcher;ILjava/lang/CharSequence;)Z @ 75 c2
Event: 4.807 Thread 0x00000187d815a3f0 DEOPT PACKING pc=0x00000187ea754300 sp=0x0000007fdc7fda60
Event: 4.807 Thread 0x00000187d815a3f0 DEOPT UNPACKING pc=0x00000187ea017982 sp=0x0000007fdc7fd9e0 mode 2
Event: 4.807 Thread 0x00000187d815a3f0 Uncommon trap: trap_request=0xffffffc6 fr.pc=0x00000187ea754300 relative=0x0000000000000480
Event: 4.807 Thread 0x00000187d815a3f0 Uncommon trap: reason=bimorphic_or_optimized_type_check action=maybe_recompile pc=0x00000187ea754300 method=java.util.regex.Pattern$Slice.match(Ljava/util/regex/Matcher;ILjava/lang/CharSequence;)Z @ 75 c2
Event: 4.807 Thread 0x00000187d815a3f0 DEOPT PACKING pc=0x00000187ea754300 sp=0x0000007fdc7fda60
Event: 4.807 Thread 0x00000187d815a3f0 DEOPT UNPACKING pc=0x00000187ea017982 sp=0x0000007fdc7fd9e0 mode 2

Classes loaded (20 events):
Event: 3.940 Loading class java/util/Vector$Itr
Event: 3.940 Loading class java/util/Vector$Itr done
Event: 3.952 Loading class java/util/Collections$UnmodifiableSortedMap
Event: 3.952 Loading class java/util/Collections$UnmodifiableSortedMap done
Event: 3.953 Loading class java/util/zip/Deflater
Event: 3.953 Loading class java/util/zip/Deflater done
Event: 3.954 Loading class java/util/zip/Deflater$DeflaterZStreamRef
Event: 3.954 Loading class java/util/zip/Deflater$DeflaterZStreamRef done
Event: 3.956 Loading class java/io/SequenceInputStream
Event: 3.957 Loading class java/io/SequenceInputStream done
Event: 3.967 Loading class java/util/Vector$1
Event: 3.967 Loading class java/util/Vector$1 done
Event: 3.982 Loading class java/util/concurrent/ThreadPoolExecutor$Worker
Event: 3.982 Loading class java/util/concurrent/ThreadPoolExecutor$Worker done
Event: 3.987 Loading class java/util/concurrent/ConcurrentLinkedQueue$Itr
Event: 3.987 Loading class java/util/concurrent/ConcurrentLinkedQueue$Itr done
Event: 4.024 Loading class java/util/concurrent/ConcurrentLinkedDeque$Itr
Event: 4.024 Loading class java/util/concurrent/ConcurrentLinkedDeque$AbstractItr
Event: 4.024 Loading class java/util/concurrent/ConcurrentLinkedDeque$AbstractItr done
Event: 4.024 Loading class java/util/concurrent/ConcurrentLinkedDeque$Itr done

Classes unloaded (0 events):
No events

Classes redefined (0 events):
No events

Internal exceptions (20 events):
Event: 3.068 Thread 0x00000187d815a3f0 Exception <a 'sun/nio/fs/WindowsException'{0x0000000084b71eb0}> (0x0000000084b71eb0) 
thrown [s\open\src\hotspot\share\prims\jni.cpp, line 520]
Event: 3.068 Thread 0x00000187d815a3f0 Exception <a 'sun/nio/fs/WindowsException'{0x0000000084b725b0}> (0x0000000084b725b0) 
thrown [s\open\src\hotspot\share\prims\jni.cpp, line 520]
Event: 3.068 Thread 0x00000187d815a3f0 Exception <a 'sun/nio/fs/WindowsException'{0x0000000084b72ca0}> (0x0000000084b72ca0) 
thrown [s\open\src\hotspot\share\prims\jni.cpp, line 520]
Event: 3.068 Thread 0x00000187d815a3f0 Exception <a 'sun/nio/fs/WindowsException'{0x0000000084b73378}> (0x0000000084b73378) 
thrown [s\open\src\hotspot\share\prims\jni.cpp, line 520]
Event: 3.068 Thread 0x00000187d815a3f0 Exception <a 'sun/nio/fs/WindowsException'{0x0000000084b73a48}> (0x0000000084b73a48) 
thrown [s\open\src\hotspot\share\prims\jni.cpp, line 520]
Event: 3.081 Thread 0x00000187d815a3f0 Exception <a 'sun/nio/fs/WindowsException'{0x0000000084b9dfa0}> (0x0000000084b9dfa0) 
thrown [s\open\src\hotspot\share\prims\jni.cpp, line 520]
Event: 3.116 Thread 0x00000187d815a3f0 Exception <a 'sun/nio/fs/WindowsException'{0x0000000084917c98}> (0x0000000084917c98) 
thrown [s\open\src\hotspot\share\prims\jni.cpp, line 520]
Event: 3.116 Thread 0x00000187d815a3f0 Exception <a 'sun/nio/fs/WindowsException'{0x00000000849182f8}> (0x00000000849182f8) 
thrown [s\open\src\hotspot\share\prims\jni.cpp, line 520]
Event: 3.121 Thread 0x00000187d815a3f0 Exception <a 'sun/nio/fs/WindowsException'{0x0000000084929bc8}> (0x0000000084929bc8) 
thrown [s\open\src\hotspot\share\prims\jni.cpp, line 520]
Event: 3.533 Thread 0x00000187c800d1f0 Exception <a 'java/lang/NoSuchMethodError'{0x0000000088c13ea0}: 'java.lang.Object java.lang.invoke.DirectMethodHandle$Holder.invokeStatic(java.lang.Object, long, java.lang.Object)'> (0x0000000088c13ea0) 
thrown [s\open\src\hotspot\share\interpreter\linkResolver.cpp, line 796]
Event: 3.534 Thread 0x00000187c800d1f0 Exception <a 'java/lang/NoSuchMethodError'{0x0000000088c17260}: 'java.lang.Object java.lang.invoke.DirectMethodHandle$Holder.invokeStaticInit(java.lang.Object, long, java.lang.Object)'> (0x0000000088c17260) 
thrown [s\open\src\hotspot\share\interpreter\linkResolver.cpp, line 796]
Event: 3.535 Thread 0x00000187c800d1f0 Exception <a 'java/lang/NoSuchMethodError'{0x0000000088c1c6e8}: 'java.lang.Object java.lang.invoke.DirectMethodHandle$Holder.newInvokeSpecial(java.lang.Object, long)'> (0x0000000088c1c6e8) 
thrown [s\open\src\hotspot\share\interpreter\linkResolver.cpp, line 796]
Event: 3.538 Thread 0x00000187c800d1f0 Exception <a 'java/lang/NoSuchMethodError'{0x0000000088c20f38}: 'long java.lang.invoke.DirectMethodHandle$Holder.invokeInterface(java.lang.Object, java.lang.Object)'> (0x0000000088c20f38) 
thrown [s\open\src\hotspot\share\interpreter\linkResolver.cpp, line 796]
Event: 3.538 Thread 0x00000187c800d1f0 Exception <a 'java/lang/NoSuchMethodError'{0x0000000088c24408}: 'long java.lang.invoke.DelegatingMethodHandle$Holder.reinvoke_L(java.lang.Object, java.lang.Object)'> (0x0000000088c24408) 
thrown [s\open\src\hotspot\share\interpreter\linkResolver.cpp, line 796]
Event: 3.983 Thread 0x00000187c6fb9110 Implicit null exception at 0x00000187ea6e1918 to 0x00000187ea6e19d8
Event: 3.985 Thread 0x00000187c6fb9780 Implicit null exception at 0x00000187ea6ca38c to 0x00000187ea6ca44c
Event: 4.047 Thread 0x00000187d815a3f0 Exception <a 'sun/nio/fs/WindowsException'{0x0000000088f68200}> (0x0000000088f68200) 
thrown [s\open\src\hotspot\share\prims\jni.cpp, line 520]
Event: 4.050 Thread 0x00000187d815a3f0 Exception <a 'sun/nio/fs/WindowsException'{0x0000000088f74438}> (0x0000000088f74438) 
thrown [s\open\src\hotspot\share\prims\jni.cpp, line 520]
Event: 4.123 Thread 0x00000187d815a3f0 Exception <a 'sun/nio/fs/WindowsException'{0x0000000088e112b8}> (0x0000000088e112b8) 
thrown [s\open\src\hotspot\share\prims\jni.cpp, line 520]
Event: 4.126 Thread 0x00000187d815a3f0 Exception <a 'sun/nio/fs/WindowsException'{0x0000000088e255d8}> (0x0000000088e255d8) 
thrown [s\open\src\hotspot\share\prims\jni.cpp, line 520]

VM Operations (20 events):
Event: 3.983 Executing VM operation: G1TryInitiateConcMark (G1 Humongous Allocation)
Event: 3.985 Executing VM operation: G1TryInitiateConcMark (G1 Humongous Allocation) done
Event: 3.992 Executing VM operation: HandshakeAllThreads (Deoptimize)
Event: 4.004 Executing VM operation: HandshakeAllThreads (Deoptimize) done
Event: 4.008 Executing VM operation: G1PauseRemark
Event: 4.013 Executing VM operation: G1PauseRemark done
Event: 4.014 Executing VM operation: HandshakeAllThreads (Deoptimize)
Event: 4.014 Executing VM operation: HandshakeAllThreads (Deoptimize) done
Event: 4.022 Executing VM operation: G1PauseCleanup
Event: 4.022 Executing VM operation: G1PauseCleanup done
Event: 4.466 Executing VM operation: G1CollectForAllocation (G1 Evacuation Pause)
Event: 4.468 Executing VM operation: G1CollectForAllocation (G1 Evacuation Pause) done
Event: 4.502 Executing VM operation: HandshakeAllThreads (Deoptimize)
Event: 4.502 Executing VM operation: HandshakeAllThreads (Deoptimize) done
Event: 4.587 Executing VM operation: HandshakeAllThreads (Deoptimize)
Event: 4.587 Executing VM operation: HandshakeAllThreads (Deoptimize) done
Event: 4.646 Executing VM operation: HandshakeAllThreads (Deoptimize)
Event: 4.646 Executing VM operation: HandshakeAllThreads (Deoptimize) done
Event: 4.647 Executing VM operation: HandshakeAllThreads (Deoptimize)
Event: 4.647 Executing VM operation: HandshakeAllThreads (Deoptimize) done

Memory protections (0 events):
No events

Nmethod flushes (20 events):
Event: 4.012 Thread 0x00000187f66658b0 flushing  nmethod 0x00000187e2e47788
Event: 4.012 Thread 0x00000187f66658b0 flushing  nmethod 0x00000187e2e56288
Event: 4.012 Thread 0x00000187f66658b0 flushing  nmethod 0x00000187e2e7a008
Event: 4.012 Thread 0x00000187f66658b0 flushing  nmethod 0x00000187e2ec5588
Event: 4.012 Thread 0x00000187f66658b0 flushing  nmethod 0x00000187e2ec7388
Event: 4.012 Thread 0x00000187f66658b0 flushing  nmethod 0x00000187e2ec8408
Event: 4.012 Thread 0x00000187f66658b0 flushing  nmethod 0x00000187e2ecb988
Event: 4.012 Thread 0x00000187f66658b0 flushing  nmethod 0x00000187e2ee1d88
Event: 4.012 Thread 0x00000187f66658b0 flushing  nmethod 0x00000187e2ef5c08
Event: 4.012 Thread 0x00000187f66658b0 flushing  nmethod 0x00000187e2ef6408
Event: 4.012 Thread 0x00000187f66658b0 flushing  nmethod 0x00000187e2ef7c88
Event: 4.012 Thread 0x00000187f66658b0 flushing  nmethod 0x00000187e2f2f288
Event: 4.012 Thread 0x00000187f66658b0 flushing  nmethod 0x00000187e2f32588
Event: 4.012 Thread 0x00000187f66658b0 flushing  nmethod 0x00000187e2f42e88
Event: 4.012 Thread 0x00000187f66658b0 flushing  nmethod 0x00000187e2f43d88
Event: 4.012 Thread 0x00000187f66658b0 flushing  nmethod 0x00000187e2f6ad88
Event: 4.012 Thread 0x00000187f66658b0 flushing  nmethod 0x00000187e2fa5088
Event: 4.012 Thread 0x00000187f66658b0 flushing  nmethod 0x00000187e2fd8a88
Event: 4.012 Thread 0x00000187f66658b0 flushing  nmethod 0x00000187e3037f88
Event: 4.012 Thread 0x00000187f66658b0 flushing  nmethod 0x00000187e3056b08

Events (20 events):
Event: 0.026 Thread 0x00000187d815a3f0 Thread added: 0x00000187f669ead0
Event: 0.026 Thread 0x00000187d815a3f0 Thread added: 0x00000187f669f620
Event: 0.027 Thread 0x00000187d815a3f0 Thread added: 0x00000187f66a61c0
Event: 0.027 Thread 0x00000187d815a3f0 Thread added: 0x00000187f66a6d60
Event: 0.038 Thread 0x00000187d815a3f0 Thread added: 0x00000187c511f850
Event: 0.039 Thread 0x00000187d815a3f0 Thread added: 0x00000187c5124ae0
Event: 0.126 Thread 0x00000187d815a3f0 Thread added: 0x00000187c52269e0
Event: 0.135 Thread 0x00000187c52269e0 Thread exited: 0x00000187c52269e0
Event: 0.414 Thread 0x00000187f66a61c0 Thread added: 0x00000187c5d5e730
Event: 1.400 Thread 0x00000187d815a3f0 Thread added: 0x00000187c648f710
Event: 3.521 Thread 0x00000187d815a3f0 Thread added: 0x00000187c800d1f0
Event: 3.539 Thread 0x00000187c800d1f0 Thread exited: 0x00000187c800d1f0
Event: 3.982 Thread 0x00000187d815a3f0 Thread added: 0x00000187c6fb9110
Event: 3.983 Thread 0x00000187d815a3f0 Thread added: 0x00000187c6fb9780
Event: 3.987 Thread 0x00000187d815a3f0 Thread added: 0x00000187c74dbc20
Event: 3.987 Thread 0x00000187d815a3f0 Thread added: 0x00000187c74dc940
Event: 4.025 Thread 0x00000187c74dbc20 Thread exited: 0x00000187c74dbc20
Event: 4.025 Thread 0x00000187c74dc940 Thread exited: 0x00000187c74dc940
Event: 4.025 Thread 0x00000187c6fb9780 Thread exited: 0x00000187c6fb9780
Event: 4.025 Thread 0x00000187c6fb9110 Thread exited: 0x00000187c6fb9110


Dynamic libraries:
0x00007ff684f00000 - 0x00007ff684f10000 	C:\Program Files\Java\jdk-23\bin\java.exe
0x00007ffb53a80000 - 0x00007ffb53ce3000 	C:\WINDOWS\SYSTEM32\ntdll.dll
0x00007ffb52660000 - 0x00007ffb52727000 	C:\WINDOWS\System32\KERNEL32.DLL
0x00007ffb51210000 - 0x00007ffb515d9000 	C:\WINDOWS\System32\KERNELBASE.dll
0x00007ffb515e0000 - 0x00007ffb5172c000 	C:\WINDOWS\System32\ucrtbase.dll
0x00007ffb4a940000 - 0x00007ffb4a95b000 	C:\Program Files\Java\jdk-23\bin\VCRUNTIME140.dll
0x00007ffb31a80000 - 0x00007ffb31a97000 	C:\Program Files\Java\jdk-23\bin\jli.dll
0x00007ffb533c0000 - 0x00007ffb5358a000 	C:\WINDOWS\System32\USER32.dll
0x00007ffb3af50000 - 0x00007ffb3b1e0000 	C:\WINDOWS\WinSxS\amd64_microsoft.windows.common-controls_6595b64144ccf1df_6.0.26100.3323_none_3e088096e3344490\COMCTL32.dll
0x00007ffb51140000 - 0x00007ffb51167000 	C:\WINDOWS\System32\win32u.dll
0x00007ffb531e0000 - 0x00007ffb53289000 	C:\WINDOWS\System32\msvcrt.dll
0x00007ffb53150000 - 0x00007ffb5317a000 	C:\WINDOWS\System32\GDI32.dll
0x00007ffb50dd0000 - 0x00007ffb50f01000 	C:\WINDOWS\System32\gdi32full.dll
0x00007ffb51090000 - 0x00007ffb51133000 	C:\WINDOWS\System32\msvcp_win.dll
0x00007ffb52470000 - 0x00007ffb5249f000 	C:\WINDOWS\System32\IMM32.DLL
0x00007ffb4a990000 - 0x00007ffb4a99c000 	C:\Program Files\Java\jdk-23\bin\vcruntime140_1.dll
0x00007ffb258f0000 - 0x00007ffb2597e000 	C:\Program Files\Java\jdk-23\bin\msvcp140.dll
0x00007ffae20e0000 - 0x00007ffae2e2f000 	C:\Program Files\Java\jdk-23\bin\server\jvm.dll
0x00007ffb527f0000 - 0x00007ffb528a2000 	C:\WINDOWS\System32\ADVAPI32.dll
0x00007ffb51b60000 - 0x00007ffb51c06000 	C:\WINDOWS\System32\sechost.dll
0x00007ffb52540000 - 0x00007ffb52656000 	C:\WINDOWS\System32\RPCRT4.dll
0x00007ffb530d0000 - 0x00007ffb53144000 	C:\WINDOWS\System32\WS2_32.dll
0x00007ffb50b10000 - 0x00007ffb50b5e000 	C:\WINDOWS\SYSTEM32\POWRPROF.dll
0x00007ffb47f00000 - 0x00007ffb47f36000 	C:\WINDOWS\SYSTEM32\WINMM.dll
0x00007ffb3eea0000 - 0x00007ffb3eeab000 	C:\WINDOWS\SYSTEM32\VERSION.dll
0x00007ffb50af0000 - 0x00007ffb50b04000 	C:\WINDOWS\SYSTEM32\UMPDC.dll
0x00007ffb4faa0000 - 0x00007ffb4faba000 	C:\WINDOWS\SYSTEM32\kernel.appcore.dll
0x00007ffb4a8f0000 - 0x00007ffb4a8fa000 	C:\Program Files\Java\jdk-23\bin\jimage.dll
0x00007ffb4df50000 - 0x00007ffb4e191000 	C:\WINDOWS\SYSTEM32\DBGHELP.DLL
0x00007ffb51c10000 - 0x00007ffb51f92000 	C:\WINDOWS\System32\combase.dll
0x00007ffb532e0000 - 0x00007ffb533b6000 	C:\WINDOWS\System32\OLEAUT32.dll
0x00007ffb2d2b0000 - 0x00007ffb2d2e9000 	C:\WINDOWS\SYSTEM32\dbgcore.DLL
0x00007ffb51170000 - 0x00007ffb51209000 	C:\WINDOWS\System32\bcryptPrimitives.dll
0x00007ffb4a870000 - 0x00007ffb4a88e000 	C:\Program Files\Java\jdk-23\bin\java.dll
0x00007ffb51fa0000 - 0x00007ffb52135000 	C:\WINDOWS\System32\ole32.dll
0x00007ffb529b0000 - 0x00007ffb530c5000 	C:\WINDOWS\System32\SHELL32.dll
0x00007ffb51730000 - 0x00007ffb51898000 	C:\WINDOWS\System32\wintypes.dll
0x00007ffb4e980000 - 0x00007ffb4f1c5000 	C:\WINDOWS\SYSTEM32\windows.storage.dll
0x00007ffb52160000 - 0x00007ffb5224b000 	C:\WINDOWS\System32\SHCORE.dll
0x00007ffb518a0000 - 0x00007ffb518fd000 	C:\WINDOWS\System32\shlwapi.dll
0x00007ffb50b90000 - 0x00007ffb50bbf000 	C:\WINDOWS\SYSTEM32\profapi.dll
0x00007ffb1c9b0000 - 0x00007ffb1ca87000 	C:\Program Files\Java\jdk-23\bin\jsvml.dll
0x00007ffb3ee90000 - 0x00007ffb3eea0000 	C:\Program Files\Java\jdk-23\bin\net.dll
0x00007ffb4ffc0000 - 0x00007ffb5002a000 	C:\WINDOWS\system32\mswsock.dll
0x00007ffb39640000 - 0x00007ffb39656000 	C:\Program Files\Java\jdk-23\bin\nio.dll
0x00007ffb38530000 - 0x00007ffb38547000 	C:\Program Files\Java\jdk-23\bin\zip.dll
0x00007ffb1cf30000 - 0x00007ffb1cf54000 	C:\Users\abuba\Downloads\apache-maven-3.9.9-bin\apache-maven-3.9.9\lib\jansi-native\Windows\x86_64\jansi.dll
0x00007ffb3b340000 - 0x00007ffb3b350000 	C:\Program Files\Java\jdk-23\bin\verify.dll

dbghelp: loaded successfully - version: 4.0.5 - missing functions: none
symbol engine: initialized successfully - sym options: 0x614 - pdb path: .;C:\Program Files\Java\jdk-23\bin;C:\WINDOWS\SYSTEM32;C:\WINDOWS\WinSxS\amd64_microsoft.windows.common-controls_6595b64144ccf1df_6.0.26100.3323_none_3e088096e3344490;C:\Program Files\Java\jdk-23\bin\server;C:\Users\abuba\Downloads\apache-maven-3.9.9-bin\apache-maven-3.9.9\lib\jansi-native\Windows\x86_64

VM Arguments:
jvm_args: -Dclassworlds.conf=C:\Users\abuba\Downloads\apache-maven-3.9.9-bin\apache-maven-3.9.9\bin\m2.conf -Dmaven.home=C:\Users\abuba\Downloads\apache-maven-3.9.9-bin\apache-maven-3.9.9 -Dlibrary.jansi.path=C:\Users\abuba\Downloads\apache-maven-3.9.9-bin\apache-maven-3.9.9\lib\jansi-native -Dmaven.multiModuleProjectDirectory=F:\zeoTap\wrangler 
java_command: org.codehaus.plexus.classworlds.launcher.Launcher clean install
java_class_path (initial): C:\Users\abuba\Downloads\apache-maven-3.9.9-bin\apache-maven-3.9.9\boot\plexus-classworlds-2.8.0.jar
Launcher Type: SUN_STANDARD

[Global flags]
     intx CICompilerCount                          = 3                                         {product} {ergonomic}
     uint ConcGCThreads                            = 1                                         {product} {ergonomic}
     uint G1ConcRefinementThreads                  = 4                                         {product} {ergonomic}
   size_t G1HeapRegionSize                         = 1048576                                   {product} {ergonomic}
   size_t InitialHeapSize                          = 132120576                                 {product} {ergonomic}
   size_t MarkStackSize                            = 4194304                                   {product} {ergonomic}
   size_t MarkStackSizeMax                         = 536870912                                 {product} {ergonomic}
   size_t MaxHeapSize                              = 2095054848                                {product} {ergonomic}
   size_t MaxNewSize                               = 1256194048                                {product} {ergonomic}
   size_t MinHeapDeltaBytes                        = 1048576                                   {product} {ergonomic}
   size_t MinHeapSize                              = 8388608                                   {product} {ergonomic}
    uintx NonNMethodCodeHeapSize                   = 5832704                                {pd product} {ergonomic}
    uintx NonProfiledCodeHeapSize                  = 122945536                              {pd product} {ergonomic}
    uintx ProfiledCodeHeapSize                     = 122880000                              {pd product} {ergonomic}
    uintx ReservedCodeCacheSize                    = 251658240                              {pd product} {ergonomic}
     bool SegmentedCodeCache                       = true                                      {product} {ergonomic}
   size_t SoftMaxHeapSize                          = 2095054848                             {manageable} {ergonomic}
     bool UseCompressedOops                        = true                           {product lp64_product} {ergonomic}
     bool UseG1GC                                  = true                                      {product} {ergonomic}
     bool UseLargePagesIndividualAllocation        = false                                  {pd product} {ergonomic}

Logging:
Log output configuration:
 #0: stdout all=warning uptime,level,tags foldmultilines=false
 #1: stderr all=off uptime,level,tags foldmultilines=false

Environment Variables:
PATH=C:\Program Files\Common Files\Oracle\Java\javapath;C:\Users\abuba\Downloads\jdk-20_windows-x64_bin (1).zip\jdk-20.0.2\bin;C:\Users\abuba\Downloads\jdk-22_windows-x64_bin.zip\jdk-22.0.1\bin;F:\Microsoft VS Code\bin;C:\Windows\System32;C:\Program Files\dotnet\;C:\WINDOWS\system32;C:\WINDOWS;C:\WINDOWS\System32\Wbem;C:\WINDOWS\System32\WindowsPowerShell\v1.0\;C:\WINDOWS\System32\OpenSSH\;C:\Program Files\nodejs\;C:\Users\abuba\AppData\Roaming\npm;C:\Users\abuba\Downloads\apache-maven-3.9.9-bin\apache-maven-3.9.9\bin;C:\Program Files\Git\cmd;C:\Users\abuba\AppData\Local\Programs\Python\Python313\Scripts\;C:\Users\abuba\AppData\Local\Programs\Python\Python313\;C:\Program Files\MySQL\MySQL Shell 8.0\bin\;C:\Users\abuba\AppData\Local\Microsoft\WindowsApps;C:\MinGW\bin;C:\Users\abuba\Downloads\jdk-22_windows-x64_bin.zip\jdk-22.0.1\bin;C:\Users\abuba\AppData\Local\Programs\Microsoft VS Code\bin;C:\Program Files\JetBrains\IntelliJ IDEA 2024.3.3\bin;;C:\Users\abuba\Downloads\cmake-4.0.0-rc4\cmake-4.0.0-rc4
USERNAME=abuba
LANG=en_US.UTF-8
OS=Windows_NT
PROCESSOR_IDENTIFIER=Intel64 Family 6 Model 140 Stepping 1, GenuineIntel
TMP=C:\Users\abuba\AppData\Local\Temp
TEMP=C:\Users\abuba\AppData\Local\Temp




Periodic native trim disabled

---------------  S Y S T E M  ---------------

OS:
 Windows 11 , 64 bit Build 26100 (10.0.26100.3323)
OS uptime: 0 days 3:58 hours

CPU: total 4 (initial active 4) (2 cores per cpu, 2 threads per core) family 6 model 140 stepping 1 microcode 0x9a, cx8, cmov, fxsr, ht, mmx, 3dnowpref, sse, sse2, sse3, ssse3, sse4.1, sse4.2, popcnt, lzcnt, tsc, tscinvbit, avx, avx2, aes, erms, clmul, bmi1, bmi2, adx, avx512f, avx512dq, avx512cd, avx512bw, avx512vl, sha, fma, vzeroupper, avx512_vpopcntdq, avx512_vpclmulqdq, avx512_vaes, avx512_vnni, clflush, clflushopt, clwb, avx512_vbmi2, avx512_vbmi, rdtscp, rdpid, fsrm, gfni, avx512_bitalg, f16c, pku, cet_ibt, cet_ss, avx512_ifma
Processor Information for the first 4 processors :
  Max Mhz: 2995, Current Mhz: 2995, Mhz Limit: 2995

Memory: 4k page, system-wide physical 7991M (998M free)
TotalPageFile size 11862M (AvailPageFile size 1M)
current process WorkingSet (physical memory assigned to process): 221M, peak: 221M
current process commit charge ("private bytes"): 241M, peak: 276M

vm_info: Java HotSpot(TM) 64-Bit Server VM (23.0.1+11-39) for windows-amd64 JRE (23.0.1+11-39), built on 2024-09-30T07:20:43Z with MS VC++ 17.6 (VS2022)

END.
