#
# There is insufficient memory for the Java Runtime Environment to continue.
# Native memory allocation (malloc) failed to allocate 721616 bytes. Error detail: Chunk::new
# Possible reasons:
#   The system is out of physical RAM or swap space
#   This process is running with CompressedOops enabled, and the Java Heap may be blocking the growth of the native heap
# Possible solutions:
#   Reduce memory load on the system
#   Increase physical memory or swap space
#   Check if swap backing store is full
#   Decrease Java heap size (-Xmx/-Xms)
#   Decrease number of Java threads
#   Decrease Java thread stack sizes (-Xss)
#   Set larger code cache with -XX:ReservedCodeCacheSize=
#   JVM is running with Unscaled Compressed Oops mode in which the Java heap is
#     placed in the first 4GB address space. The Java Heap base address is the
#     maximum limit for the native heap growth. Please use -XX:HeapBaseMinAddress
#     to set the Java Heap base and to place the Java Heap above 4GB virtual address.
# This output file may be truncated or incomplete.
#
#  Out of Memory Error (arena.cpp:149), pid=9564, tid=10012
#
# JRE version: Java(TM) SE Runtime Environment (23.0.1+11) (build 23.0.1+11-39)
# Java VM: Java HotSpot(TM) 64-Bit Server VM (23.0.1+11-39, mixed mode, sharing, tiered, compressed oops, compressed class ptrs, g1 gc, windows-amd64)
# No core dump will be written. Minidumps are not enabled by default on client versions of Windows
#

---------------  S U M M A R Y ------------

Command Line: -Xmx512m -Dclassworlds.conf=C:\Users\abuba\Downloads\apache-maven-3.9.9-bin\apache-maven-3.9.9\bin\m2.conf -Dmaven.home=C:\Users\abuba\Downloads\apache-maven-3.9.9-bin\apache-maven-3.9.9 -Dlibrary.jansi.path=C:\Users\abuba\Downloads\apache-maven-3.9.9-bin\apache-maven-3.9.9\lib\jansi-native -Dmaven.multiModuleProjectDirectory=F:\zeoTap\wrangler org.codehaus.plexus.classworlds.launcher.Launcher clean install

Host: 11th Gen Intel(R) Core(TM) i3-1115G4 @ 3.00GHz, 4 cores, 7G,  Windows 11 , 64 bit Build 26100 (10.0.26100.3323)
Time: Sun Apr 13 11:52:17 2025 India Standard Time elapsed time: 0.571518 seconds (0d 0h 0m 0s)

---------------  T H R E A D  ---------------

Current thread (0x000001e7dd6f2df0):  JavaThread "C2 CompilerThread1" daemon [_thread_in_native, id=10012, stack(0x00000052e1b00000,0x00000052e1c00000) (1024K)]


Current CompileTask:
C2:571 1177       4       sun.nio.cs.StreamDecoder::lockedRead (189 bytes)

Stack: [0x00000052e1b00000,0x00000052e1c00000]
Native frames: (J=compiled Java code, j=interpreted, Vv=VM code, C=native code)
V  [jvm.dll+0x6e08b9]  (no source info available)
V  [jvm.dll+0x87dc83]  (no source info available)
V  [jvm.dll+0x88010e]  (no source info available)
V  [jvm.dll+0x8807e3]  (no source info available)
V  [jvm.dll+0x27aee6]  (no source info available)
V  [jvm.dll+0xbc06f]  (no source info available)
V  [jvm.dll+0xbc2cb]  (no source info available)
V  [jvm.dll+0x3b3a9c]  (no source info available)
V  [jvm.dll+0x38a42b]  (no source info available)
V  [jvm.dll+0x38989a]  (no source info available)
V  [jvm.dll+0x244aa1]  (no source info available)
V  [jvm.dll+0x243dff]  (no source info available)
V  [jvm.dll+0x1c33a0]  (no source info available)
V  [jvm.dll+0x253cf1]  (no source info available)
V  [jvm.dll+0x251faa]  (no source info available)
V  [jvm.dll+0x3ee036]  (no source info available)
V  [jvm.dll+0x824f8b]  (no source info available)
V  [jvm.dll+0x6df065]  (no source info available)
C  [ucrtbase.dll+0x37b0]  (no source info available)
C  [KERNEL32.DLL+0x2e8d7]  (no source info available)
C  [ntdll.dll+0xbbf6c]  (no source info available)

Lock stack of current Java thread (top to bottom):


---------------  P R O C E S S  ---------------

Threads class SMR info:
_java_thread_list=0x000001e7dd73e120, length=12, elements={
0x000001e7f62a7120, 0x000001e7fb4d9fb0, 0x000001e7fb4dec20, 0x000001e7fb4e0410,
0x000001e7fb4e0f60, 0x000001e7fb4e1c60, 0x000001e7fb4eac50, 0x000001e7fb5227c0,
0x000001e7fb523510, 0x000001e79776d7b0, 0x000001e797776700, 0x000001e7dd6f2df0
}

Java Threads: ( => current thread )
  0x000001e7f62a7120 JavaThread "main"                              [_thread_in_native, id=14064, stack(0x00000052e0600000,0x00000052e0700000) (1024K)]
  0x000001e7fb4d9fb0 JavaThread "Reference Handler"          daemon [_thread_blocked, id=3068, stack(0x00000052e0e00000,0x00000052e0f00000) (1024K)]
  0x000001e7fb4dec20 JavaThread "Finalizer"                  daemon [_thread_blocked, id=7084, stack(0x00000052e0f00000,0x00000052e1000000) (1024K)]
  0x000001e7fb4e0410 JavaThread "Signal Dispatcher"          daemon [_thread_blocked, id=21352, stack(0x00000052e1000000,0x00000052e1100000) (1024K)]
  0x000001e7fb4e0f60 JavaThread "Attach Listener"            daemon [_thread_blocked, id=12684, stack(0x00000052e1100000,0x00000052e1200000) (1024K)]
  0x000001e7fb4e1c60 JavaThread "Service Thread"             daemon [_thread_blocked, id=3912, stack(0x00000052e1200000,0x00000052e1300000) (1024K)]
  0x000001e7fb4eac50 JavaThread "Monitor Deflation Thread"   daemon [_thread_blocked, id=14040, stack(0x00000052e1300000,0x00000052e1400000) (1024K)]
  0x000001e7fb5227c0 JavaThread "C2 CompilerThread0"         daemon [_thread_in_native, id=1868, stack(0x00000052e1400000,0x00000052e1500000) (1024K)]
  0x000001e7fb523510 JavaThread "C1 CompilerThread0"         daemon [_thread_blocked, id=11740, stack(0x00000052e1500000,0x00000052e1600000) (1024K)]
  0x000001e79776d7b0 JavaThread "Notification Thread"        daemon [_thread_blocked, id=10404, stack(0x00000052e1600000,0x00000052e1700000) (1024K)]
  0x000001e797776700 JavaThread "Common-Cleaner"             daemon [_thread_blocked, id=10284, stack(0x00000052e1700000,0x00000052e1800000) (1024K)]
=>0x000001e7dd6f2df0 JavaThread "C2 CompilerThread1"         daemon [_thread_in_native, id=10012, stack(0x00000052e1b00000,0x00000052e1c00000) (1024K)]
Total: 12

Other Threads:
  0x000001e7fb4c0680 VMThread "VM Thread"                           [id=12828, stack(0x00000052e0d00000,0x00000052e0e00000) (1024K)]
  0x000001e7fb4affd0 WatcherThread "VM Periodic Task Thread"        [id=14116, stack(0x00000052e0c00000,0x00000052e0d00000) (1024K)]
  0x000001e7f85a4ba0 WorkerThread "GC Thread#0"                     [id=11044, stack(0x00000052e0700000,0x00000052e0800000) (1024K)]
  0x000001e7dd710140 WorkerThread "GC Thread#1"                     [id=19328, stack(0x00000052e1800000,0x00000052e1900000) (1024K)]
  0x000001e7dd7ae1e0 WorkerThread "GC Thread#2"                     [id=18564, stack(0x00000052e1900000,0x00000052e1a00000) (1024K)]
  0x000001e7dd863aa0 WorkerThread "GC Thread#3"                     [id=13428, stack(0x00000052e1a00000,0x00000052e1b00000) (1024K)]
  0x000001e7f85aabf0 ConcurrentGCThread "G1 Main Marker"            [id=16024, stack(0x00000052e0800000,0x00000052e0900000) (1024K)]
  0x000001e7f85ab710 WorkerThread "G1 Conc#0"                       [id=7324, stack(0x00000052e0900000,0x00000052e0a00000) (1024K)]
  0x000001e7f86333a0 ConcurrentGCThread "G1 Refine#0"               [id=7652, stack(0x00000052e0a00000,0x00000052e0b00000) (1024K)]
  0x000001e7fb391290 ConcurrentGCThread "G1 Service"                [id=13240, stack(0x00000052e0b00000,0x00000052e0c00000) (1024K)]
Total: 10

Threads with active compile tasks:
C2 CompilerThread0  602 1176   !   4       sun.nio.cs.StreamDecoder::read (78 bytes)
C2 CompilerThread1  602 1177       4       sun.nio.cs.StreamDecoder::lockedRead (189 bytes)
Total: 2

VM state: not at safepoint (normal execution)

VM Mutex/Monitor currently owned by a thread: None

Heap address: 0x00000000e0000000, size: 512 MB, Compressed Oops mode: 32-bit

CDS archive(s) mapped at: [0x000001e798000000-0x000001e798d70000-0x000001e798d70000), size 14090240, SharedBaseAddress: 0x000001e798000000, ArchiveRelocationMode: 1.
Compressed class space mapped at: 0x000001e799000000-0x000001e7d9000000, reserved size: 1073741824
Narrow klass base: 0x000001e798000000, Narrow klass shift: 0, Narrow klass range: 0x41000000

GC Precious Log:
 CardTable entry size: 512
 Card Set container configuration: InlinePtr #cards 5 size 8 Array Of Cards #cards 10 size 36 Howl #buckets 4 coarsen threshold 1843 Howl Bitmap #cards 512 size 80 coarsen threshold 460 Card regions per heap region 1 cards per card region 2048
 CPUs: 4 total, 4 available
 Memory: 7991M
 Large Page Support: Disabled
 NUMA Support: Disabled
 Compressed Oops: Enabled (32-bit)
 Heap Region Size: 1M
 Heap Min Capacity: 8M
 Heap Initial Capacity: 126M
 Heap Max Capacity: 512M
 Pre-touch: Disabled
 Parallel Workers: 4
 Concurrent Workers: 1
 Concurrent Refinement Workers: 4
 Periodic GC: Disabled

Heap:
 garbage-first heap   total reserved 524288K, committed 129024K, used 14506K [0x00000000e0000000, 0x0000000100000000)
  region size 1024K, 14 young (14336K), 2 survivors (2048K)
 Metaspace       used 6004K, committed 6208K, reserved 1114112K
  class space    used 742K, committed 832K, reserved 1048576K

Heap Regions: E=young(eden), S=young(survivor), O=old, HS=humongous(starts), HC=humongous(continues), CS=collection set, F=free, TAMS=top-at-mark-start, PB=parsable bottom
|   0|0x00000000e0000000, 0x00000000e0100000, 0x00000000e0100000|100%| O|  |TAMS 0x00000000e0000000| PB 0x00000000e0000000| Untracked |  0
|   1|0x00000000e0100000, 0x00000000e012aa80, 0x00000000e0200000| 16%| O|  |TAMS 0x00000000e0100000| PB 0x00000000e0100000| Untracked |  0
|   2|0x00000000e0200000, 0x00000000e0200000, 0x00000000e0300000|  0%| F|  |TAMS 0x00000000e0200000| PB 0x00000000e0200000| Untracked |  0
|   3|0x00000000e0300000, 0x00000000e0300000, 0x00000000e0400000|  0%| F|  |TAMS 0x00000000e0300000| PB 0x00000000e0300000| Untracked |  0
|   4|0x00000000e0400000, 0x00000000e0400000, 0x00000000e0500000|  0%| F|  |TAMS 0x00000000e0400000| PB 0x00000000e0400000| Untracked |  0
|   5|0x00000000e0500000, 0x00000000e0500000, 0x00000000e0600000|  0%| F|  |TAMS 0x00000000e0500000| PB 0x00000000e0500000| Untracked |  0
|   6|0x00000000e0600000, 0x00000000e0600000, 0x00000000e0700000|  0%| F|  |TAMS 0x00000000e0600000| PB 0x00000000e0600000| Untracked |  0
|   7|0x00000000e0700000, 0x00000000e0700000, 0x00000000e0800000|  0%| F|  |TAMS 0x00000000e0700000| PB 0x00000000e0700000| Untracked |  0
|   8|0x00000000e0800000, 0x00000000e0800000, 0x00000000e0900000|  0%| F|  |TAMS 0x00000000e0800000| PB 0x00000000e0800000| Untracked |  0
|   9|0x00000000e0900000, 0x00000000e0900000, 0x00000000e0a00000|  0%| F|  |TAMS 0x00000000e0900000| PB 0x00000000e0900000| Untracked |  0
|  10|0x00000000e0a00000, 0x00000000e0a00000, 0x00000000e0b00000|  0%| F|  |TAMS 0x00000000e0a00000| PB 0x00000000e0a00000| Untracked |  0
|  11|0x00000000e0b00000, 0x00000000e0b00000, 0x00000000e0c00000|  0%| F|  |TAMS 0x00000000e0b00000| PB 0x00000000e0b00000| Untracked |  0
|  12|0x00000000e0c00000, 0x00000000e0c00000, 0x00000000e0d00000|  0%| F|  |TAMS 0x00000000e0c00000| PB 0x00000000e0c00000| Untracked |  0
|  13|0x00000000e0d00000, 0x00000000e0d00000, 0x00000000e0e00000|  0%| F|  |TAMS 0x00000000e0d00000| PB 0x00000000e0d00000| Untracked |  0
|  14|0x00000000e0e00000, 0x00000000e0e00000, 0x00000000e0f00000|  0%| F|  |TAMS 0x00000000e0e00000| PB 0x00000000e0e00000| Untracked |  0
|  15|0x00000000e0f00000, 0x00000000e0f00000, 0x00000000e1000000|  0%| F|  |TAMS 0x00000000e0f00000| PB 0x00000000e0f00000| Untracked |  0
|  16|0x00000000e1000000, 0x00000000e1000000, 0x00000000e1100000|  0%| F|  |TAMS 0x00000000e1000000| PB 0x00000000e1000000| Untracked |  0
|  17|0x00000000e1100000, 0x00000000e1100000, 0x00000000e1200000|  0%| F|  |TAMS 0x00000000e1100000| PB 0x00000000e1100000| Untracked |  0
|  18|0x00000000e1200000, 0x00000000e1200000, 0x00000000e1300000|  0%| F|  |TAMS 0x00000000e1200000| PB 0x00000000e1200000| Untracked |  0
|  19|0x00000000e1300000, 0x00000000e1300000, 0x00000000e1400000|  0%| F|  |TAMS 0x00000000e1300000| PB 0x00000000e1300000| Untracked |  0
|  20|0x00000000e1400000, 0x00000000e1400000, 0x00000000e1500000|  0%| F|  |TAMS 0x00000000e1400000| PB 0x00000000e1400000| Untracked |  0
|  21|0x00000000e1500000, 0x00000000e1500000, 0x00000000e1600000|  0%| F|  |TAMS 0x00000000e1500000| PB 0x00000000e1500000| Untracked |  0
|  22|0x00000000e1600000, 0x00000000e1600000, 0x00000000e1700000|  0%| F|  |TAMS 0x00000000e1600000| PB 0x00000000e1600000| Untracked |  0
|  23|0x00000000e1700000, 0x00000000e1700000, 0x00000000e1800000|  0%| F|  |TAMS 0x00000000e1700000| PB 0x00000000e1700000| Untracked |  0
|  24|0x00000000e1800000, 0x00000000e1800000, 0x00000000e1900000|  0%| F|  |TAMS 0x00000000e1800000| PB 0x00000000e1800000| Untracked |  0
|  25|0x00000000e1900000, 0x00000000e1900000, 0x00000000e1a00000|  0%| F|  |TAMS 0x00000000e1900000| PB 0x00000000e1900000| Untracked |  0
|  26|0x00000000e1a00000, 0x00000000e1a00000, 0x00000000e1b00000|  0%| F|  |TAMS 0x00000000e1a00000| PB 0x00000000e1a00000| Untracked |  0
|  27|0x00000000e1b00000, 0x00000000e1b00000, 0x00000000e1c00000|  0%| F|  |TAMS 0x00000000e1b00000| PB 0x00000000e1b00000| Untracked |  0
|  28|0x00000000e1c00000, 0x00000000e1c00000, 0x00000000e1d00000|  0%| F|  |TAMS 0x00000000e1c00000| PB 0x00000000e1c00000| Untracked |  0
|  29|0x00000000e1d00000, 0x00000000e1d00000, 0x00000000e1e00000|  0%| F|  |TAMS 0x00000000e1d00000| PB 0x00000000e1d00000| Untracked |  0
|  30|0x00000000e1e00000, 0x00000000e1e00000, 0x00000000e1f00000|  0%| F|  |TAMS 0x00000000e1e00000| PB 0x00000000e1e00000| Untracked |  0
|  31|0x00000000e1f00000, 0x00000000e1f00000, 0x00000000e2000000|  0%| F|  |TAMS 0x00000000e1f00000| PB 0x00000000e1f00000| Untracked |  0
|  32|0x00000000e2000000, 0x00000000e2000000, 0x00000000e2100000|  0%| F|  |TAMS 0x00000000e2000000| PB 0x00000000e2000000| Untracked |  0
|  33|0x00000000e2100000, 0x00000000e2100000, 0x00000000e2200000|  0%| F|  |TAMS 0x00000000e2100000| PB 0x00000000e2100000| Untracked |  0
|  34|0x00000000e2200000, 0x00000000e2200000, 0x00000000e2300000|  0%| F|  |TAMS 0x00000000e2200000| PB 0x00000000e2200000| Untracked |  0
|  35|0x00000000e2300000, 0x00000000e2300000, 0x00000000e2400000|  0%| F|  |TAMS 0x00000000e2300000| PB 0x00000000e2300000| Untracked |  0
|  36|0x00000000e2400000, 0x00000000e2400000, 0x00000000e2500000|  0%| F|  |TAMS 0x00000000e2400000| PB 0x00000000e2400000| Untracked |  0
|  37|0x00000000e2500000, 0x00000000e2500000, 0x00000000e2600000|  0%| F|  |TAMS 0x00000000e2500000| PB 0x00000000e2500000| Untracked |  0
|  38|0x00000000e2600000, 0x00000000e2600000, 0x00000000e2700000|  0%| F|  |TAMS 0x00000000e2600000| PB 0x00000000e2600000| Untracked |  0
|  39|0x00000000e2700000, 0x00000000e2700000, 0x00000000e2800000|  0%| F|  |TAMS 0x00000000e2700000| PB 0x00000000e2700000| Untracked |  0
|  40|0x00000000e2800000, 0x00000000e2800000, 0x00000000e2900000|  0%| F|  |TAMS 0x00000000e2800000| PB 0x00000000e2800000| Untracked |  0
|  41|0x00000000e2900000, 0x00000000e2900000, 0x00000000e2a00000|  0%| F|  |TAMS 0x00000000e2900000| PB 0x00000000e2900000| Untracked |  0
|  42|0x00000000e2a00000, 0x00000000e2a00000, 0x00000000e2b00000|  0%| F|  |TAMS 0x00000000e2a00000| PB 0x00000000e2a00000| Untracked |  0
|  43|0x00000000e2b00000, 0x00000000e2b00000, 0x00000000e2c00000|  0%| F|  |TAMS 0x00000000e2b00000| PB 0x00000000e2b00000| Untracked |  0
|  44|0x00000000e2c00000, 0x00000000e2c00000, 0x00000000e2d00000|  0%| F|  |TAMS 0x00000000e2c00000| PB 0x00000000e2c00000| Untracked |  0
|  45|0x00000000e2d00000, 0x00000000e2d00000, 0x00000000e2e00000|  0%| F|  |TAMS 0x00000000e2d00000| PB 0x00000000e2d00000| Untracked |  0
|  46|0x00000000e2e00000, 0x00000000e2e00000, 0x00000000e2f00000|  0%| F|  |TAMS 0x00000000e2e00000| PB 0x00000000e2e00000| Untracked |  0
|  47|0x00000000e2f00000, 0x00000000e2f00000, 0x00000000e3000000|  0%| F|  |TAMS 0x00000000e2f00000| PB 0x00000000e2f00000| Untracked |  0
|  48|0x00000000e3000000, 0x00000000e3000000, 0x00000000e3100000|  0%| F|  |TAMS 0x00000000e3000000| PB 0x00000000e3000000| Untracked |  0
|  49|0x00000000e3100000, 0x00000000e3100000, 0x00000000e3200000|  0%| F|  |TAMS 0x00000000e3100000| PB 0x00000000e3100000| Untracked |  0
|  50|0x00000000e3200000, 0x00000000e3200000, 0x00000000e3300000|  0%| F|  |TAMS 0x00000000e3200000| PB 0x00000000e3200000| Untracked |  0
|  51|0x00000000e3300000, 0x00000000e3300000, 0x00000000e3400000|  0%| F|  |TAMS 0x00000000e3300000| PB 0x00000000e3300000| Untracked |  0
|  52|0x00000000e3400000, 0x00000000e3400000, 0x00000000e3500000|  0%| F|  |TAMS 0x00000000e3400000| PB 0x00000000e3400000| Untracked |  0
|  53|0x00000000e3500000, 0x00000000e3500000, 0x00000000e3600000|  0%| F|  |TAMS 0x00000000e3500000| PB 0x00000000e3500000| Untracked |  0
|  54|0x00000000e3600000, 0x00000000e3600000, 0x00000000e3700000|  0%| F|  |TAMS 0x00000000e3600000| PB 0x00000000e3600000| Untracked |  0
|  55|0x00000000e3700000, 0x00000000e3700000, 0x00000000e3800000|  0%| F|  |TAMS 0x00000000e3700000| PB 0x00000000e3700000| Untracked |  0
|  56|0x00000000e3800000, 0x00000000e3800000, 0x00000000e3900000|  0%| F|  |TAMS 0x00000000e3800000| PB 0x00000000e3800000| Untracked |  0
|  57|0x00000000e3900000, 0x00000000e3900000, 0x00000000e3a00000|  0%| F|  |TAMS 0x00000000e3900000| PB 0x00000000e3900000| Untracked |  0
|  58|0x00000000e3a00000, 0x00000000e3a00000, 0x00000000e3b00000|  0%| F|  |TAMS 0x00000000e3a00000| PB 0x00000000e3a00000| Untracked |  0
|  59|0x00000000e3b00000, 0x00000000e3b00000, 0x00000000e3c00000|  0%| F|  |TAMS 0x00000000e3b00000| PB 0x00000000e3b00000| Untracked |  0
|  60|0x00000000e3c00000, 0x00000000e3c00000, 0x00000000e3d00000|  0%| F|  |TAMS 0x00000000e3c00000| PB 0x00000000e3c00000| Untracked |  0
|  61|0x00000000e3d00000, 0x00000000e3d00000, 0x00000000e3e00000|  0%| F|  |TAMS 0x00000000e3d00000| PB 0x00000000e3d00000| Untracked |  0
|  62|0x00000000e3e00000, 0x00000000e3e00000, 0x00000000e3f00000|  0%| F|  |TAMS 0x00000000e3e00000| PB 0x00000000e3e00000| Untracked |  0
|  63|0x00000000e3f00000, 0x00000000e3f00000, 0x00000000e4000000|  0%| F|  |TAMS 0x00000000e3f00000| PB 0x00000000e3f00000| Untracked |  0
|  64|0x00000000e4000000, 0x00000000e4000000, 0x00000000e4100000|  0%| F|  |TAMS 0x00000000e4000000| PB 0x00000000e4000000| Untracked |  0
|  65|0x00000000e4100000, 0x00000000e4100000, 0x00000000e4200000|  0%| F|  |TAMS 0x00000000e4100000| PB 0x00000000e4100000| Untracked |  0
|  66|0x00000000e4200000, 0x00000000e4200000, 0x00000000e4300000|  0%| F|  |TAMS 0x00000000e4200000| PB 0x00000000e4200000| Untracked |  0
|  67|0x00000000e4300000, 0x00000000e4300000, 0x00000000e4400000|  0%| F|  |TAMS 0x00000000e4300000| PB 0x00000000e4300000| Untracked |  0
|  68|0x00000000e4400000, 0x00000000e4400000, 0x00000000e4500000|  0%| F|  |TAMS 0x00000000e4400000| PB 0x00000000e4400000| Untracked |  0
|  69|0x00000000e4500000, 0x00000000e4500000, 0x00000000e4600000|  0%| F|  |TAMS 0x00000000e4500000| PB 0x00000000e4500000| Untracked |  0
|  70|0x00000000e4600000, 0x00000000e4600000, 0x00000000e4700000|  0%| F|  |TAMS 0x00000000e4600000| PB 0x00000000e4600000| Untracked |  0
|  71|0x00000000e4700000, 0x00000000e4700000, 0x00000000e4800000|  0%| F|  |TAMS 0x00000000e4700000| PB 0x00000000e4700000| Untracked |  0
|  72|0x00000000e4800000, 0x00000000e4800000, 0x00000000e4900000|  0%| F|  |TAMS 0x00000000e4800000| PB 0x00000000e4800000| Untracked |  0
|  73|0x00000000e4900000, 0x00000000e4900000, 0x00000000e4a00000|  0%| F|  |TAMS 0x00000000e4900000| PB 0x00000000e4900000| Untracked |  0
|  74|0x00000000e4a00000, 0x00000000e4a00000, 0x00000000e4b00000|  0%| F|  |TAMS 0x00000000e4a00000| PB 0x00000000e4a00000| Untracked |  0
|  75|0x00000000e4b00000, 0x00000000e4b00000, 0x00000000e4c00000|  0%| F|  |TAMS 0x00000000e4b00000| PB 0x00000000e4b00000| Untracked |  0
|  76|0x00000000e4c00000, 0x00000000e4c00000, 0x00000000e4d00000|  0%| F|  |TAMS 0x00000000e4c00000| PB 0x00000000e4c00000| Untracked |  0
|  77|0x00000000e4d00000, 0x00000000e4d00000, 0x00000000e4e00000|  0%| F|  |TAMS 0x00000000e4d00000| PB 0x00000000e4d00000| Untracked |  0
|  78|0x00000000e4e00000, 0x00000000e4e00000, 0x00000000e4f00000|  0%| F|  |TAMS 0x00000000e4e00000| PB 0x00000000e4e00000| Untracked |  0
|  79|0x00000000e4f00000, 0x00000000e4f00000, 0x00000000e5000000|  0%| F|  |TAMS 0x00000000e4f00000| PB 0x00000000e4f00000| Untracked |  0
|  80|0x00000000e5000000, 0x00000000e5000000, 0x00000000e5100000|  0%| F|  |TAMS 0x00000000e5000000| PB 0x00000000e5000000| Untracked |  0
|  81|0x00000000e5100000, 0x00000000e5100000, 0x00000000e5200000|  0%| F|  |TAMS 0x00000000e5100000| PB 0x00000000e5100000| Untracked |  0
|  82|0x00000000e5200000, 0x00000000e5200000, 0x00000000e5300000|  0%| F|  |TAMS 0x00000000e5200000| PB 0x00000000e5200000| Untracked |  0
|  83|0x00000000e5300000, 0x00000000e5300000, 0x00000000e5400000|  0%| F|  |TAMS 0x00000000e5300000| PB 0x00000000e5300000| Untracked |  0
|  84|0x00000000e5400000, 0x00000000e5400000, 0x00000000e5500000|  0%| F|  |TAMS 0x00000000e5400000| PB 0x00000000e5400000| Untracked |  0
|  85|0x00000000e5500000, 0x00000000e5500000, 0x00000000e5600000|  0%| F|  |TAMS 0x00000000e5500000| PB 0x00000000e5500000| Untracked |  0
|  86|0x00000000e5600000, 0x00000000e5600000, 0x00000000e5700000|  0%| F|  |TAMS 0x00000000e5600000| PB 0x00000000e5600000| Untracked |  0
|  87|0x00000000e5700000, 0x00000000e5700000, 0x00000000e5800000|  0%| F|  |TAMS 0x00000000e5700000| PB 0x00000000e5700000| Untracked |  0
|  88|0x00000000e5800000, 0x00000000e5800000, 0x00000000e5900000|  0%| F|  |TAMS 0x00000000e5800000| PB 0x00000000e5800000| Untracked |  0
|  89|0x00000000e5900000, 0x00000000e5900000, 0x00000000e5a00000|  0%| F|  |TAMS 0x00000000e5900000| PB 0x00000000e5900000| Untracked |  0
|  90|0x00000000e5a00000, 0x00000000e5a00000, 0x00000000e5b00000|  0%| F|  |TAMS 0x00000000e5a00000| PB 0x00000000e5a00000| Untracked |  0
|  91|0x00000000e5b00000, 0x00000000e5b00000, 0x00000000e5c00000|  0%| F|  |TAMS 0x00000000e5b00000| PB 0x00000000e5b00000| Untracked |  0
|  92|0x00000000e5c00000, 0x00000000e5c00000, 0x00000000e5d00000|  0%| F|  |TAMS 0x00000000e5c00000| PB 0x00000000e5c00000| Untracked |  0
|  93|0x00000000e5d00000, 0x00000000e5d00000, 0x00000000e5e00000|  0%| F|  |TAMS 0x00000000e5d00000| PB 0x00000000e5d00000| Untracked |  0
|  94|0x00000000e5e00000, 0x00000000e5e00000, 0x00000000e5f00000|  0%| F|  |TAMS 0x00000000e5e00000| PB 0x00000000e5e00000| Untracked |  0
|  95|0x00000000e5f00000, 0x00000000e5f00000, 0x00000000e6000000|  0%| F|  |TAMS 0x00000000e5f00000| PB 0x00000000e5f00000| Untracked |  0
|  96|0x00000000e6000000, 0x00000000e6000000, 0x00000000e6100000|  0%| F|  |TAMS 0x00000000e6000000| PB 0x00000000e6000000| Untracked |  0
|  97|0x00000000e6100000, 0x00000000e6100000, 0x00000000e6200000|  0%| F|  |TAMS 0x00000000e6100000| PB 0x00000000e6100000| Untracked |  0
|  98|0x00000000e6200000, 0x00000000e6200000, 0x00000000e6300000|  0%| F|  |TAMS 0x00000000e6200000| PB 0x00000000e6200000| Untracked |  0
|  99|0x00000000e6300000, 0x00000000e6300000, 0x00000000e6400000|  0%| F|  |TAMS 0x00000000e6300000| PB 0x00000000e6300000| Untracked |  0
| 100|0x00000000e6400000, 0x00000000e6400000, 0x00000000e6500000|  0%| F|  |TAMS 0x00000000e6400000| PB 0x00000000e6400000| Untracked |  0
| 101|0x00000000e6500000, 0x00000000e6500000, 0x00000000e6600000|  0%| F|  |TAMS 0x00000000e6500000| PB 0x00000000e6500000| Untracked |  0
| 102|0x00000000e6600000, 0x00000000e6600000, 0x00000000e6700000|  0%| F|  |TAMS 0x00000000e6600000| PB 0x00000000e6600000| Untracked |  0
| 103|0x00000000e6700000, 0x00000000e6700000, 0x00000000e6800000|  0%| F|  |TAMS 0x00000000e6700000| PB 0x00000000e6700000| Untracked |  0
| 104|0x00000000e6800000, 0x00000000e6800000, 0x00000000e6900000|  0%| F|  |TAMS 0x00000000e6800000| PB 0x00000000e6800000| Untracked |  0
| 105|0x00000000e6900000, 0x00000000e6900000, 0x00000000e6a00000|  0%| F|  |TAMS 0x00000000e6900000| PB 0x00000000e6900000| Untracked |  0
| 106|0x00000000e6a00000, 0x00000000e6a00000, 0x00000000e6b00000|  0%| F|  |TAMS 0x00000000e6a00000| PB 0x00000000e6a00000| Untracked |  0
| 107|0x00000000e6b00000, 0x00000000e6b00000, 0x00000000e6c00000|  0%| F|  |TAMS 0x00000000e6b00000| PB 0x00000000e6b00000| Untracked |  0
| 108|0x00000000e6c00000, 0x00000000e6c00000, 0x00000000e6d00000|  0%| F|  |TAMS 0x00000000e6c00000| PB 0x00000000e6c00000| Untracked |  0
| 109|0x00000000e6d00000, 0x00000000e6d00000, 0x00000000e6e00000|  0%| F|  |TAMS 0x00000000e6d00000| PB 0x00000000e6d00000| Untracked |  0
| 110|0x00000000e6e00000, 0x00000000e6f00000, 0x00000000e6f00000|100%| S|CS|TAMS 0x00000000e6e00000| PB 0x00000000e6e00000| Complete |  0
| 111|0x00000000e6f00000, 0x00000000e7000000, 0x00000000e7000000|100%| S|CS|TAMS 0x00000000e6f00000| PB 0x00000000e6f00000| Complete |  0
| 112|0x00000000e7000000, 0x00000000e7000000, 0x00000000e7100000|  0%| F|  |TAMS 0x00000000e7000000| PB 0x00000000e7000000| Untracked |  0
| 113|0x00000000e7100000, 0x00000000e7100000, 0x00000000e7200000|  0%| F|  |TAMS 0x00000000e7100000| PB 0x00000000e7100000| Untracked |  0
| 114|0x00000000e7200000, 0x00000000e7275eb8, 0x00000000e7300000| 46%| E|  |TAMS 0x00000000e7200000| PB 0x00000000e7200000| Complete |  0
| 115|0x00000000e7300000, 0x00000000e7400000, 0x00000000e7400000|100%| E|CS|TAMS 0x00000000e7300000| PB 0x00000000e7300000| Complete |  0
| 116|0x00000000e7400000, 0x00000000e7500000, 0x00000000e7500000|100%| E|CS|TAMS 0x00000000e7400000| PB 0x00000000e7400000| Complete |  0
| 117|0x00000000e7500000, 0x00000000e7600000, 0x00000000e7600000|100%| E|CS|TAMS 0x00000000e7500000| PB 0x00000000e7500000| Complete |  0
| 118|0x00000000e7600000, 0x00000000e7700000, 0x00000000e7700000|100%| E|CS|TAMS 0x00000000e7600000| PB 0x00000000e7600000| Complete |  0
| 119|0x00000000e7700000, 0x00000000e7800000, 0x00000000e7800000|100%| E|CS|TAMS 0x00000000e7700000| PB 0x00000000e7700000| Complete |  0
| 120|0x00000000e7800000, 0x00000000e7900000, 0x00000000e7900000|100%| E|CS|TAMS 0x00000000e7800000| PB 0x00000000e7800000| Complete |  0
| 121|0x00000000e7900000, 0x00000000e7a00000, 0x00000000e7a00000|100%| E|CS|TAMS 0x00000000e7900000| PB 0x00000000e7900000| Complete |  0
| 122|0x00000000e7a00000, 0x00000000e7b00000, 0x00000000e7b00000|100%| E|CS|TAMS 0x00000000e7a00000| PB 0x00000000e7a00000| Complete |  0
| 123|0x00000000e7b00000, 0x00000000e7c00000, 0x00000000e7c00000|100%| E|CS|TAMS 0x00000000e7b00000| PB 0x00000000e7b00000| Complete |  0
| 124|0x00000000e7c00000, 0x00000000e7d00000, 0x00000000e7d00000|100%| E|CS|TAMS 0x00000000e7c00000| PB 0x00000000e7c00000| Complete |  0
| 125|0x00000000e7d00000, 0x00000000e7e00000, 0x00000000e7e00000|100%| E|CS|TAMS 0x00000000e7d00000| PB 0x00000000e7d00000| Complete |  0

Card table byte_map: [0x000001e7f8640000,0x000001e7f8740000] _byte_map_base: 0x000001e7f7f40000

Marking Bits: (CMBitMap*) 0x000001e7f85a52b0
 Bits: [0x000001e7f8740000, 0x000001e7f8f40000)

Polling page: 0x000001e7f6230000

Metaspace:

Usage:
  Non-class:      5.15 MB used.
      Class:    745.72 KB used.
       Both:      5.88 MB used.

Virtual space:
  Non-class space:       64.00 MB reserved,       5.25 MB (  8%) committed,  1 nodes.
      Class space:        1.00 GB reserved,     832.00 KB ( <1%) committed,  1 nodes.
             Both:        1.06 GB reserved,       6.06 MB ( <1%) committed. 

Chunk freelists:
   Non-Class:  9.16 MB
       Class:  15.00 MB
        Both:  24.16 MB

MaxMetaspaceSize: unlimited
CompressedClassSpaceSize: 1.00 GB
Initial GC threshold: 21.00 MB
Current GC threshold: 21.00 MB
CDS: on
 - commit_granule_bytes: 65536.
 - commit_granule_words: 8192.
 - virtual_space_node_default_size: 8388608.
 - enlarge_chunks_in_place: 1.
 - use_allocation_guard: 0.


Internal statistics:

num_allocs_failed_limit: 0.
num_arena_births: 66.
num_arena_deaths: 0.
num_vsnodes_births: 2.
num_vsnodes_deaths: 0.
num_space_committed: 97.
num_space_uncommitted: 0.
num_chunks_returned_to_freelist: 0.
num_chunks_taken_from_freelist: 237.
num_chunk_merges: 0.
num_chunk_splits: 148.
num_chunks_enlarged: 117.
num_inconsistent_stats: 0.

CodeHeap 'non-profiled nmethods': size=120064Kb used=342Kb max_used=342Kb free=119722Kb
 bounds [0x000001e790130000, 0x000001e7903a0000, 0x000001e797670000]
CodeHeap 'profiled nmethods': size=120000Kb used=1724Kb max_used=1724Kb free=118276Kb
 bounds [0x000001e788670000, 0x000001e7888e0000, 0x000001e78fba0000]
CodeHeap 'non-nmethods': size=5696Kb used=1481Kb max_used=1499Kb free=4214Kb
 bounds [0x000001e78fba0000, 0x000001e78fe10000, 0x000001e790130000]
CodeCache: size=245760Kb, used=3547Kb, max_used=3565Kb, free=242212Kb
 total_blobs=1689, nmethods=1207, adapters=388, full_count=0
Compilation: enabled, stopped_count=0, restarted_count=0

Compilation events (20 events):
Event: 0.554 Thread 0x000001e7fb523510 1200       3       org.codehaus.plexus.util.xml.pull.MXParser::parseStartTag (1190 bytes)
Event: 0.558 Thread 0x000001e7fb523510 nmethod 1200 0x000001e788811508 code [0x000001e788811ea0, 0x000001e788817880]
Event: 0.558 Thread 0x000001e7fb523510 1201       3       org.codehaus.plexus.util.xml.pull.MXParser::isWhitespace (114 bytes)
Event: 0.558 Thread 0x000001e7fb523510 nmethod 1201 0x000001e788817988 code [0x000001e788817b20, 0x000001e7888182c0]
Event: 0.558 Thread 0x000001e7fb523510 1202       3       org.codehaus.plexus.util.xml.pull.MXParser::nextTag (82 bytes)
Event: 0.559 Thread 0x000001e7fb523510 nmethod 1202 0x000001e788818308 code [0x000001e788818520, 0x000001e788818ed0]
Event: 0.559 Thread 0x000001e7fb523510 1203       3       org.codehaus.plexus.util.xml.pull.MXParser::newString (11 bytes)
Event: 0.559 Thread 0x000001e7fb523510 nmethod 1203 0x000001e788818f88 code [0x000001e7888190a0, 0x000001e788819248]
Event: 0.562 Thread 0x000001e7fb523510 1205       3       org.eclipse.sisu.plexus.PlexusXmlScanner::TEXT (10 bytes)
Event: 0.562 Thread 0x000001e7fb523510 nmethod 1205 0x000001e788819288 code [0x000001e788819400, 0x000001e788819788]
Event: 0.562 Thread 0x000001e7fb523510 1207       3       java.lang.ClassLoader::getNamedPackage (73 bytes)
Event: 0.563 Thread 0x000001e7fb523510 nmethod 1207 0x000001e788819808 code [0x000001e788819960, 0x000001e788819e68]
Event: 0.563 Thread 0x000001e7fb523510 1206       3       org.codehaus.plexus.util.xml.pull.MXParser::nextText (103 bytes)
Event: 0.563 Thread 0x000001e7fb523510 nmethod 1206 0x000001e788819f08 code [0x000001e78881a160, 0x000001e78881ad20]
Event: 0.563 Thread 0x000001e7fb523510 1208       3       java.lang.ThreadLocal::getMap (5 bytes)
Event: 0.563 Thread 0x000001e7fb523510 nmethod 1208 0x000001e78881ad88 code [0x000001e78881aea0, 0x000001e78881afb8]
Event: 0.564 Thread 0x000001e7fb523510 1209       3       java.lang.StringBuilder::charAt (6 bytes)
Event: 0.564 Thread 0x000001e7fb523510 nmethod 1209 0x000001e78881b088 code [0x000001e78881b1a0, 0x000001e78881b2e0]
Event: 0.564 Thread 0x000001e7fb523510 1210       3       java.lang.AbstractStringBuilder::charAt (36 bytes)
Event: 0.564 Thread 0x000001e7fb523510 nmethod 1210 0x000001e78881b388 code [0x000001e78881b4c0, 0x000001e78881b7d8]

GC Heap History (2 events):
Event: 0.421 GC heap before
{Heap before GC invocations=0 (full 0):
 garbage-first heap   total reserved 524288K, committed 129024K, used 14336K [0x00000000e0000000, 0x0000000100000000)
  region size 1024K, 14 young (14336K), 0 survivors (0K)
 Metaspace       used 4063K, committed 4224K, reserved 1114112K
  class space    used 444K, committed 512K, reserved 1048576K
}
Event: 0.425 GC heap after
{Heap after GC invocations=1 (full 0):
 garbage-first heap   total reserved 524288K, committed 129024K, used 3242K [0x00000000e0000000, 0x0000000100000000)
  region size 1024K, 2 young (2048K), 2 survivors (2048K)
 Metaspace       used 4063K, committed 4224K, reserved 1114112K
  class space    used 444K, committed 512K, reserved 1048576K
}

Dll operation events (8 events):
Event: 0.006 Loaded shared library C:\Program Files\Java\jdk-23\bin\java.dll
Event: 0.040 Loaded shared library C:\Program Files\Java\jdk-23\bin\jsvml.dll
Event: 0.054 Loaded shared library C:\Program Files\Java\jdk-23\bin\net.dll
Event: 0.056 Loaded shared library C:\Program Files\Java\jdk-23\bin\nio.dll
Event: 0.059 Loaded shared library C:\Program Files\Java\jdk-23\bin\zip.dll
Event: 0.189 Loaded shared library C:\Program Files\Java\jdk-23\bin\jimage.dll
Event: 0.191 Loaded shared library C:\Users\abuba\Downloads\apache-maven-3.9.9-bin\apache-maven-3.9.9\lib\jansi-native\Windows\x86_64\jansi.dll
Event: 0.204 Loaded shared library C:\Program Files\Java\jdk-23\bin\verify.dll

Deoptimization events (20 events):
Event: 0.502 Thread 0x000001e7f62a7120 Uncommon trap: trap_request=0xffffffde fr.pc=0x000001e79017c4a8 relative=0x0000000000000108
Event: 0.502 Thread 0x000001e7f62a7120 Uncommon trap: reason=class_check action=maybe_recompile pc=0x000001e79017c4a8 method=jdk.internal.misc.Unsafe.allocateUninitializedArray(Ljava/lang/Class;I)Ljava/lang/Object; @ 51 c2
Event: 0.502 Thread 0x000001e7f62a7120 DEOPT PACKING pc=0x000001e79017c4a8 sp=0x00000052e06fce70
Event: 0.502 Thread 0x000001e7f62a7120 DEOPT UNPACKING pc=0x000001e78fbf7982 sp=0x00000052e06fcde8 mode 2
Event: 0.502 Thread 0x000001e7f62a7120 Uncommon trap: trap_request=0xffffffde fr.pc=0x000001e79017c4a8 relative=0x0000000000000108
Event: 0.502 Thread 0x000001e7f62a7120 Uncommon trap: reason=class_check action=maybe_recompile pc=0x000001e79017c4a8 method=jdk.internal.misc.Unsafe.allocateUninitializedArray(Ljava/lang/Class;I)Ljava/lang/Object; @ 51 c2
Event: 0.502 Thread 0x000001e7f62a7120 DEOPT PACKING pc=0x000001e79017c4a8 sp=0x00000052e06fccd0
Event: 0.502 Thread 0x000001e7f62a7120 DEOPT UNPACKING pc=0x000001e78fbf7982 sp=0x00000052e06fcc48 mode 2
Event: 0.533 Thread 0x000001e7f62a7120 Uncommon trap: trap_request=0xffffff6e fr.pc=0x000001e79015e250 relative=0x0000000000000430
Event: 0.533 Thread 0x000001e7f62a7120 Uncommon trap: reason=loop_limit_check action=maybe_recompile pc=0x000001e79015e250 method=java.lang.StringLatin1.indexOf([BI[BII)I @ 37 c2
Event: 0.533 Thread 0x000001e7f62a7120 DEOPT PACKING pc=0x000001e79015e250 sp=0x00000052e06fddf0
Event: 0.533 Thread 0x000001e7f62a7120 DEOPT UNPACKING pc=0x000001e78fbf7982 sp=0x00000052e06fdd50 mode 2
Event: 0.534 Thread 0x000001e7f62a7120 Uncommon trap: trap_request=0xffffff76 fr.pc=0x000001e790160ffc relative=0x000000000000031c
Event: 0.534 Thread 0x000001e7f62a7120 Uncommon trap: reason=predicate action=maybe_recompile pc=0x000001e790160ffc method=java.util.regex.Pattern$BmpCharPropertyGreedy.match(Ljava/util/regex/Matcher;ILjava/lang/CharSequence;)Z @ 12 c2
Event: 0.534 Thread 0x000001e7f62a7120 DEOPT PACKING pc=0x000001e790160ffc sp=0x00000052e06fdec0
Event: 0.534 Thread 0x000001e7f62a7120 DEOPT UNPACKING pc=0x000001e78fbf7982 sp=0x00000052e06fde78 mode 2
Event: 0.534 Thread 0x000001e7f62a7120 Uncommon trap: trap_request=0xffffff45 fr.pc=0x000001e79015adb0 relative=0x00000000000000b0
Event: 0.534 Thread 0x000001e7f62a7120 Uncommon trap: reason=unstable_if action=reinterpret pc=0x000001e79015adb0 method=org.codehaus.plexus.util.xml.pull.MXParser.more()C @ 8 c2
Event: 0.534 Thread 0x000001e7f62a7120 DEOPT PACKING pc=0x000001e79015adb0 sp=0x00000052e06fe280
Event: 0.534 Thread 0x000001e7f62a7120 DEOPT UNPACKING pc=0x000001e78fbf7982 sp=0x00000052e06fe210 mode 2

Classes loaded (20 events):
Event: 0.511 Loading class java/util/concurrent/CancellationException
Event: 0.512 Loading class java/util/concurrent/CancellationException done
Event: 0.512 Loading class java/security/PrivilegedActionException
Event: 0.512 Loading class java/security/PrivilegedActionException done
Event: 0.512 Loading class sun/misc/Unsafe
Event: 0.512 Loading class sun/misc/Unsafe done
Event: 0.513 Loading class sun/misc/Unsafe$MemoryAccessOption
Event: 0.513 Loading class sun/misc/Unsafe$MemoryAccessOption done
Event: 0.513 Loading class java/lang/invoke/DirectMethodHandle$StaticAccessor
Event: 0.513 Loading class java/lang/invoke/DirectMethodHandle$StaticAccessor done
Event: 0.517 Loading class java/lang/reflect/ParameterizedType
Event: 0.517 Loading class java/lang/reflect/ParameterizedType done
Event: 0.519 Loading class java/lang/reflect/WildcardType
Event: 0.519 Loading class java/lang/reflect/WildcardType done
Event: 0.521 Loading class sun/reflect/generics/tree/TypeVariableSignature
Event: 0.521 Loading class sun/reflect/generics/tree/TypeVariableSignature done
Event: 0.531 Loading class java/lang/annotation/IncompleteAnnotationException
Event: 0.531 Loading class java/lang/annotation/IncompleteAnnotationException done
Event: 0.569 Loading class java/lang/foreign/MemorySegment
Event: 0.569 Loading class java/lang/foreign/MemorySegment done

Classes unloaded (0 events):
No events

Classes redefined (0 events):
No events

Internal exceptions (20 events):
Event: 0.196 Thread 0x000001e7f62a7120 Exception <a 'java/lang/NullPointerException'{0x00000000e7807040}> (0x00000000e7807040) 
thrown [s\open\src\hotspot\share\interpreter\linkResolver.cpp, line 1389]
Event: 0.196 Thread 0x000001e7f62a7120 Exception <a 'java/lang/NullPointerException'{0x00000000e7807320}> (0x00000000e7807320) 
thrown [s\open\src\hotspot\share\interpreter\linkResolver.cpp, line 1389]
Event: 0.197 Thread 0x000001e7f62a7120 Exception <a 'java/lang/NullPointerException'{0x00000000e780d150}> (0x00000000e780d150) 
thrown [s\open\src\hotspot\share\interpreter\linkResolver.cpp, line 1389]
Event: 0.198 Thread 0x000001e7f62a7120 Exception <a 'java/lang/NullPointerException'{0x00000000e7820618}> (0x00000000e7820618) 
thrown [s\open\src\hotspot\share\interpreter\linkResolver.cpp, line 1389]
Event: 0.198 Thread 0x000001e7f62a7120 Exception <a 'java/lang/NullPointerException'{0x00000000e78208f8}> (0x00000000e78208f8) 
thrown [s\open\src\hotspot\share\interpreter\linkResolver.cpp, line 1389]
Event: 0.198 Thread 0x000001e7f62a7120 Exception <a 'java/lang/NullPointerException'{0x00000000e7820bd8}> (0x00000000e7820bd8) 
thrown [s\open\src\hotspot\share\interpreter\linkResolver.cpp, line 1389]
Event: 0.198 Thread 0x000001e7f62a7120 Exception <a 'java/lang/NullPointerException'{0x00000000e7820eb8}> (0x00000000e7820eb8) 
thrown [s\open\src\hotspot\share\interpreter\linkResolver.cpp, line 1389]
Event: 0.203 Thread 0x000001e7f62a7120 Exception <a 'sun/nio/fs/WindowsException'{0x00000000e784b070}> (0x00000000e784b070) 
thrown [s\open\src\hotspot\share\prims\jni.cpp, line 520]
Event: 0.203 Thread 0x000001e7f62a7120 Exception <a 'sun/nio/fs/WindowsException'{0x00000000e784b6a8}> (0x00000000e784b6a8) 
thrown [s\open\src\hotspot\share\prims\jni.cpp, line 520]
Event: 0.203 Thread 0x000001e7f62a7120 Exception <a 'sun/nio/fs/WindowsException'{0x00000000e784bb68}> (0x00000000e784bb68) 
thrown [s\open\src\hotspot\share\prims\jni.cpp, line 520]
Event: 0.211 Thread 0x000001e7f62a7120 Exception <a 'java/lang/NoSuchMethodError'{0x00000000e7899210}: 'void java.lang.invoke.DirectMethodHandle$Holder.invokeStatic(java.lang.Object, java.lang.Object)'> (0x00000000e7899210) 
thrown [s\open\src\hotspot\share\interpreter\linkResolver.cpp, line 796]
Event: 0.211 Thread 0x000001e7f62a7120 Exception <a 'java/lang/NoSuchMethodError'{0x00000000e789c628}: 'void java.lang.invoke.DirectMethodHandle$Holder.invokeStaticInit(java.lang.Object, java.lang.Object)'> (0x00000000e789c628) 
thrown [s\open\src\hotspot\share\interpreter\linkResolver.cpp, line 796]
Event: 0.267 Thread 0x000001e7f62a7120 Exception <a 'java/lang/NoSuchMethodError'{0x00000000e76437a8}: 'java.lang.Object java.lang.invoke.DirectMethodHandle$Holder.invokeSpecialIFC(java.lang.Object, java.lang.Object, java.lang.Object, java.lang.Object)'> (0x00000000e76437a8) 
thrown [s\open\src\hotspot\share\interpreter\linkResolver.cpp, line 796]
Event: 0.403 Thread 0x000001e7f62a7120 Exception <a 'java/lang/NoSuchMethodError'{0x00000000e71f0420}: 'void java.lang.invoke.DirectMethodHandle$Holder.invokeSpecial(java.lang.Object, java.lang.Object, java.lang.Object)'> (0x00000000e71f0420) 
thrown [s\open\src\hotspot\share\interpreter\linkResolver.cpp, line 796]
Event: 0.433 Thread 0x000001e7f62a7120 Exception <a 'java/lang/NoSuchMethodError'{0x00000000e7d3f4e8}: 'java.lang.Object java.lang.invoke.DirectMethodHandle$Holder.invokeInterface(java.lang.Object, java.lang.Object)'> (0x00000000e7d3f4e8) 
thrown [s\open\src\hotspot\share\interpreter\linkResolver.cpp, line 796]
Event: 0.446 Thread 0x000001e7f62a7120 Exception <a 'java/lang/NoSuchMethodError'{0x00000000e7c187e0}: 'int java.lang.invoke.DirectMethodHandle$Holder.invokeStatic(java.lang.Object, java.lang.Object, java.lang.Object, java.lang.Object)'> (0x00000000e7c187e0) 
thrown [s\open\src\hotspot\share\interpreter\linkResolver.cpp, line 796]
Event: 0.447 Thread 0x000001e7f62a7120 Exception <a 'java/lang/NoSuchMethodError'{0x00000000e7c27248}: 'int java.lang.invoke.DirectMethodHandle$Holder.invokeSpecialIFC(java.lang.Object, java.lang.Object, java.lang.Object, java.lang.Object, java.lang.Object)'> (0x00000000e7c27248) 
thrown [s\open\src\hotspot\share\interpreter\linkResolver.cpp, line 796]
Event: 0.488 Thread 0x000001e7f62a7120 Exception <a 'java/lang/NoSuchMethodError'{0x00000000e7bbecd8}: 'void java.lang.invoke.DirectMethodHandle$Holder.invokeStatic(java.lang.Object, int, java.lang.Object)'> (0x00000000e7bbecd8) 
thrown [s\open\src\hotspot\share\interpreter\linkResolver.cpp, line 796]
Event: 0.526 Thread 0x000001e7f62a7120 Exception <a 'java/lang/NoSuchMethodError'{0x00000000e792cce8}: 'int java.lang.invoke.DirectMethodHandle$Holder.invokeStaticInit(java.lang.Object, java.lang.Object)'> (0x00000000e792cce8) 
thrown [s\open\src\hotspot\share\interpreter\linkResolver.cpp, line 796]
Event: 0.531 Thread 0x000001e7f62a7120 Exception <a 'java/lang/NoClassDefFoundError'{0x00000000e7962b30}: javax/enterprise/inject/Typed> (0x00000000e7962b30) 
thrown [s\open\src\hotspot\share\classfile\systemDictionary.cpp, line 302]

VM Operations (8 events):
Event: 0.060 Executing VM operation: HandshakeAllThreads (Deoptimize)
Event: 0.060 Executing VM operation: HandshakeAllThreads (Deoptimize) done
Event: 0.184 Executing VM operation: HandshakeAllThreads (Deoptimize)
Event: 0.184 Executing VM operation: HandshakeAllThreads (Deoptimize) done
Event: 0.193 Executing VM operation: HandshakeAllThreads (Deoptimize)
Event: 0.193 Executing VM operation: HandshakeAllThreads (Deoptimize) done
Event: 0.421 Executing VM operation: G1CollectForAllocation (G1 Evacuation Pause)
Event: 0.425 Executing VM operation: G1CollectForAllocation (G1 Evacuation Pause) done

Memory protections (0 events):
No events

Nmethod flushes (0 events):
No events

Events (14 events):
Event: 0.027 Thread 0x000001e7f62a7120 Thread added: 0x000001e7f62a7120
Event: 0.038 Thread 0x000001e7f62a7120 Thread added: 0x000001e7fb4d9fb0
Event: 0.038 Thread 0x000001e7f62a7120 Thread added: 0x000001e7fb4dec20
Event: 0.038 Thread 0x000001e7f62a7120 Thread added: 0x000001e7fb4e0410
Event: 0.038 Thread 0x000001e7f62a7120 Thread added: 0x000001e7fb4e0f60
Event: 0.038 Thread 0x000001e7f62a7120 Thread added: 0x000001e7fb4e1c60
Event: 0.038 Thread 0x000001e7f62a7120 Thread added: 0x000001e7fb4eac50
Event: 0.038 Thread 0x000001e7f62a7120 Thread added: 0x000001e7fb5227c0
Event: 0.038 Thread 0x000001e7f62a7120 Thread added: 0x000001e7fb523510
Event: 0.050 Thread 0x000001e7f62a7120 Thread added: 0x000001e79776d7b0
Event: 0.052 Thread 0x000001e7f62a7120 Thread added: 0x000001e797776700
Event: 0.187 Thread 0x000001e7f62a7120 Thread added: 0x000001e797a298a0
Event: 0.196 Thread 0x000001e797a298a0 Thread exited: 0x000001e797a298a0
Event: 0.541 Thread 0x000001e7fb5227c0 Thread added: 0x000001e7dd6f2df0


Dynamic libraries:
0x00007ff7ebcf0000 - 0x00007ff7ebd00000 	C:\Program Files\Java\jdk-23\bin\java.exe
0x00007ffe07c40000 - 0x00007ffe07ea3000 	C:\WINDOWS\SYSTEM32\ntdll.dll
0x00007ffe05e40000 - 0x00007ffe05f07000 	C:\WINDOWS\System32\KERNEL32.DLL
0x00007ffe05260000 - 0x00007ffe05629000 	C:\WINDOWS\System32\KERNELBASE.dll
0x00007ffe050e0000 - 0x00007ffe0522c000 	C:\WINDOWS\System32\ucrtbase.dll
0x00007ffd73d90000 - 0x00007ffd73dab000 	C:\Program Files\Java\jdk-23\bin\VCRUNTIME140.dll
0x00007ffdfbf60000 - 0x00007ffdfbf77000 	C:\Program Files\Java\jdk-23\bin\jli.dll
0x00007ffe06990000 - 0x00007ffe06b5a000 	C:\WINDOWS\System32\USER32.dll
0x00007ffe05230000 - 0x00007ffe05257000 	C:\WINDOWS\System32\win32u.dll
0x00007ffdea9f0000 - 0x00007ffdeac80000 	C:\WINDOWS\WinSxS\amd64_microsoft.windows.common-controls_6595b64144ccf1df_6.0.26100.3323_none_3e088096e3344490\COMCTL32.dll
0x00007ffe07320000 - 0x00007ffe0734a000 	C:\WINDOWS\System32\GDI32.dll
0x00007ffe05ce0000 - 0x00007ffe05d89000 	C:\WINDOWS\System32\msvcrt.dll
0x00007ffe05630000 - 0x00007ffe05761000 	C:\WINDOWS\System32\gdi32full.dll
0x00007ffe04e40000 - 0x00007ffe04ee3000 	C:\WINDOWS\System32\msvcp_win.dll
0x00007ffe066e0000 - 0x00007ffe0670f000 	C:\WINDOWS\System32\IMM32.DLL
0x00007ffdcb020000 - 0x00007ffdcb02c000 	C:\Program Files\Java\jdk-23\bin\vcruntime140_1.dll
0x00007ffd71f40000 - 0x00007ffd71fce000 	C:\Program Files\Java\jdk-23\bin\msvcp140.dll
0x00007ffd6e6e0000 - 0x00007ffd6f42f000 	C:\Program Files\Java\jdk-23\bin\server\jvm.dll
0x00007ffe06720000 - 0x00007ffe067d2000 	C:\WINDOWS\System32\ADVAPI32.dll
0x00007ffe05d90000 - 0x00007ffe05e36000 	C:\WINDOWS\System32\sechost.dll
0x00007ffe073d0000 - 0x00007ffe074e6000 	C:\WINDOWS\System32\RPCRT4.dll
0x00007ffe07b80000 - 0x00007ffe07bf4000 	C:\WINDOWS\System32\WS2_32.dll
0x00007ffe04cd0000 - 0x00007ffe04d1e000 	C:\WINDOWS\SYSTEM32\POWRPROF.dll
0x00007ffdfc110000 - 0x00007ffdfc146000 	C:\WINDOWS\SYSTEM32\WINMM.dll
0x00007ffdf2f90000 - 0x00007ffdf2f9b000 	C:\WINDOWS\SYSTEM32\VERSION.dll
0x00007ffe04cb0000 - 0x00007ffe04cc4000 	C:\WINDOWS\SYSTEM32\UMPDC.dll
0x00007ffe03c60000 - 0x00007ffe03c7a000 	C:\WINDOWS\SYSTEM32\kernel.appcore.dll
0x00007ffdcaef0000 - 0x00007ffdcaefa000 	C:\Program Files\Java\jdk-23\bin\jimage.dll
0x00007ffe025e0000 - 0x00007ffe02821000 	C:\WINDOWS\SYSTEM32\DBGHELP.DLL
0x00007ffe06e30000 - 0x00007ffe071b2000 	C:\WINDOWS\System32\combase.dll
0x00007ffe079f0000 - 0x00007ffe07ac6000 	C:\WINDOWS\System32\OLEAUT32.dll
0x00007ffde70f0000 - 0x00007ffde7129000 	C:\WINDOWS\SYSTEM32\dbgcore.DLL
0x00007ffe05040000 - 0x00007ffe050d9000 	C:\WINDOWS\System32\bcryptPrimitives.dll
0x00007ffd72e60000 - 0x00007ffd72e7e000 	C:\Program Files\Java\jdk-23\bin\java.dll
0x00007ffe067e0000 - 0x00007ffe06975000 	C:\WINDOWS\System32\ole32.dll
0x00007ffe05fc0000 - 0x00007ffe066d5000 	C:\WINDOWS\System32\SHELL32.dll
0x00007ffe058f0000 - 0x00007ffe05a58000 	C:\WINDOWS\System32\wintypes.dll
0x00007ffe02b40000 - 0x00007ffe03385000 	C:\WINDOWS\SYSTEM32\windows.storage.dll
0x00007ffe06b60000 - 0x00007ffe06c4b000 	C:\WINDOWS\System32\SHCORE.dll
0x00007ffe07350000 - 0x00007ffe073ad000 	C:\WINDOWS\System32\shlwapi.dll
0x00007ffe04d50000 - 0x00007ffe04d7f000 	C:\WINDOWS\SYSTEM32\profapi.dll
0x00007ffd72cc0000 - 0x00007ffd72d97000 	C:\Program Files\Java\jdk-23\bin\jsvml.dll
0x00007ffdc9010000 - 0x00007ffdc9020000 	C:\Program Files\Java\jdk-23\bin\net.dll
0x00007ffe04180000 - 0x00007ffe041ea000 	C:\WINDOWS\system32\mswsock.dll
0x00007ffd72e40000 - 0x00007ffd72e56000 	C:\Program Files\Java\jdk-23\bin\nio.dll
0x00007ffd72e20000 - 0x00007ffd72e37000 	C:\Program Files\Java\jdk-23\bin\zip.dll
0x00007ffdf4770000 - 0x00007ffdf4794000 	C:\Users\abuba\Downloads\apache-maven-3.9.9-bin\apache-maven-3.9.9\lib\jansi-native\Windows\x86_64\jansi.dll
0x00007ffdc5a10000 - 0x00007ffdc5a20000 	C:\Program Files\Java\jdk-23\bin\verify.dll

dbghelp: loaded successfully - version: 4.0.5 - missing functions: none
symbol engine: initialized successfully - sym options: 0x614 - pdb path: .;C:\Program Files\Java\jdk-23\bin;C:\WINDOWS\SYSTEM32;C:\WINDOWS\WinSxS\amd64_microsoft.windows.common-controls_6595b64144ccf1df_6.0.26100.3323_none_3e088096e3344490;C:\Program Files\Java\jdk-23\bin\server;C:\Users\abuba\Downloads\apache-maven-3.9.9-bin\apache-maven-3.9.9\lib\jansi-native\Windows\x86_64

VM Arguments:
jvm_args: -Xmx512m -Dclassworlds.conf=C:\Users\abuba\Downloads\apache-maven-3.9.9-bin\apache-maven-3.9.9\bin\m2.conf -Dmaven.home=C:\Users\abuba\Downloads\apache-maven-3.9.9-bin\apache-maven-3.9.9 -Dlibrary.jansi.path=C:\Users\abuba\Downloads\apache-maven-3.9.9-bin\apache-maven-3.9.9\lib\jansi-native -Dmaven.multiModuleProjectDirectory=F:\zeoTap\wrangler 
java_command: org.codehaus.plexus.classworlds.launcher.Launcher clean install
java_class_path (initial): C:\Users\abuba\Downloads\apache-maven-3.9.9-bin\apache-maven-3.9.9\boot\plexus-classworlds-2.8.0.jar
Launcher Type: SUN_STANDARD

[Global flags]
     intx CICompilerCount                          = 3                                         {product} {ergonomic}
     uint ConcGCThreads                            = 1                                         {product} {ergonomic}
     uint G1ConcRefinementThreads                  = 4                                         {product} {ergonomic}
   size_t G1HeapRegionSize                         = 1048576                                   {product} {ergonomic}
   size_t InitialHeapSize                          = 132120576                                 {product} {ergonomic}
   size_t MarkStackSize                            = 4194304                                   {product} {ergonomic}
   size_t MarkStackSizeMax                         = 536870912                                 {product} {ergonomic}
   size_t MaxHeapSize                              = 536870912                                 {product} {command line}
   size_t MaxNewSize                               = 321912832                                 {product} {ergonomic}
   size_t MinHeapDeltaBytes                        = 1048576                                   {product} {ergonomic}
   size_t MinHeapSize                              = 8388608                                   {product} {ergonomic}
    uintx NonNMethodCodeHeapSize                   = 5832704                                {pd product} {ergonomic}
    uintx NonProfiledCodeHeapSize                  = 122945536                              {pd product} {ergonomic}
    uintx ProfiledCodeHeapSize                     = 122880000                              {pd product} {ergonomic}
    uintx ReservedCodeCacheSize                    = 251658240                              {pd product} {ergonomic}
     bool SegmentedCodeCache                       = true                                      {product} {ergonomic}
   size_t SoftMaxHeapSize                          = 536870912                              {manageable} {ergonomic}
     bool UseCompressedOops                        = true                           {product lp64_product} {ergonomic}
     bool UseG1GC                                  = true                                      {product} {ergonomic}
     bool UseLargePagesIndividualAllocation        = false                                  {pd product} {ergonomic}

Logging:
Log output configuration:
 #0: stdout all=warning uptime,level,tags foldmultilines=false
 #1: stderr all=off uptime,level,tags foldmultilines=false

Environment Variables:
PATH=C:\Program Files\Common Files\Oracle\Java\javapath;C:\Users\abuba\Downloads\jdk-20_windows-x64_bin (1).zip\jdk-20.0.2\bin;C:\Users\abuba\Downloads\jdk-22_windows-x64_bin.zip\jdk-22.0.1\bin;F:\Microsoft VS Code\bin;C:\Windows\System32;C:\Program Files\dotnet\;C:\WINDOWS\system32;C:\WINDOWS;C:\WINDOWS\System32\Wbem;C:\WINDOWS\System32\WindowsPowerShell\v1.0\;C:\WINDOWS\System32\OpenSSH\;C:\Program Files\nodejs\;C:\Users\abuba\AppData\Roaming\npm;C:\Users\abuba\Downloads\apache-maven-3.9.9-bin\apache-maven-3.9.9\bin;C:\Users\abuba\AppData\Local\Programs\Python\Python313\Scripts\;C:\Users\abuba\AppData\Local\Programs\Python\Python313\;C:\Program Files\MySQL\MySQL Shell 8.0\bin\;C:\Users\abuba\AppData\Local\Microsoft\WindowsApps;C:\MinGW\bin;C:\Users\abuba\Downloads\jdk-22_windows-x64_bin.zip\jdk-22.0.1\bin;C:\Users\abuba\AppData\Local\Programs\Microsoft VS Code\bin;C:\Program Files\JetBrains\IntelliJ IDEA 2024.3.3\bin;;C:\Users\abuba\Downloads\cmake-4.0.0-rc4\cmake-4.0.0-rc4
USERNAME=abuba
LANG=en_US.UTF-8
OS=Windows_NT
PROCESSOR_IDENTIFIER=Intel64 Family 6 Model 140 Stepping 1, GenuineIntel
TMP=C:\Users\abuba\AppData\Local\Temp
TEMP=C:\Users\abuba\AppData\Local\Temp




Periodic native trim disabled

---------------  S Y S T E M  ---------------

OS:
 Windows 11 , 64 bit Build 26100 (10.0.26100.3323)
OS uptime: 0 days 10:13 hours

CPU: total 4 (initial active 4) (2 cores per cpu, 2 threads per core) family 6 model 140 stepping 1 microcode 0x9a, cx8, cmov, fxsr, ht, mmx, 3dnowpref, sse, sse2, sse3, ssse3, sse4.1, sse4.2, popcnt, lzcnt, tsc, tscinvbit, avx, avx2, aes, erms, clmul, bmi1, bmi2, adx, avx512f, avx512dq, avx512cd, avx512bw, avx512vl, sha, fma, vzeroupper, avx512_vpopcntdq, avx512_vpclmulqdq, avx512_vaes, avx512_vnni, clflush, clflushopt, clwb, avx512_vbmi2, avx512_vbmi, rdtscp, rdpid, fsrm, gfni, avx512_bitalg, f16c, pku, cet_ibt, cet_ss, avx512_ifma
Processor Information for the first 4 processors :
  Max Mhz: 2995, Current Mhz: 2995, Mhz Limit: 2995

Memory: 4k page, system-wide physical 7991M (1048M free)
TotalPageFile size 12523M (AvailPageFile size 2M)
current process WorkingSet (physical memory assigned to process): 80M, peak: 80M
current process commit charge ("private bytes"): 222M, peak: 223M

vm_info: Java HotSpot(TM) 64-Bit Server VM (23.0.1+11-39) for windows-amd64 JRE (23.0.1+11-39), built on 2024-09-30T07:20:43Z with MS VC++ 17.6 (VS2022)

END.
